20:47:44 **** Rebuild of configuration Debug for project Pointers ****
Info: Internal Builder is used for build
gcc -O0 -g3 -Wall -c -fmessage-length=0 -o Pointers.o "..\\Pointers.c" 
..\Pointers.c: In function 'main':
..\Pointers.c:24:11: warning: format '%d' expects argument of type 'int', but argument 2 has type 'int *' [-Wformat=]
   24 |  printf("%d %d",b, a);
      |          ~^     ~
      |           |     |
      |           int   int *
      |          %n
gcc -o Pointers.exe Pointers.o 
20:48:34 **** Incremental Build of configuration Debug for project Pointers ****
Info: Internal Builder is used for build
gcc -O0 -g3 -Wall -c -fmessage-length=0 -o Pointers.o "..\\Pointers.c" 
..\Pointers.c: In function 'main':
..\Pointers.c:24:11: warning: format '%d' expects argument of type 'int', but argument 2 has type 'int *' [-Wformat=]
   24 |  printf("%d %d",b, a);
      |          ~^     ~
      |           |     |
      |           int   int *
      |          %n
gcc -o Pointers.exe Pointers.o 
20:48:58 **** Incremental Build of configuration Debug for project Pointers ****
Info: Internal Builder is used for build
gcc -O0 -g3 -Wall -c -fmessage-length=0 -o Pointers.o "..\\Pointers.c" 
gcc -o Pointers.exe Pointers.o 
Info: Nothing to build for Pointers
20:49:12 **** Incremental Build of configuration Debug for project Pointers ****
Info: Internal Builder is used for build
gcc -O0 -g3 -Wall -c -fmessage-length=0 -o Pointers.o "..\\Pointers.c" 
..\Pointers.c: In function 'main':
..\Pointers.c:24:2: warning: 'b' is used uninitialized in this function [-Wuninitialized]
   24 |  printf("%d %d",*b, a);
      |  ^~~~~~~~~~~~~~~~~~~~~
gcc -o Pointers.exe Pointers.o 
Info: Nothing to build for Pointers
20:49:23 **** Incremental Build of configuration Debug for project Pointers ****
Info: Internal Builder is used for build
gcc -O0 -g3 -Wall -c -fmessage-length=0 -o Pointers.o "..\\Pointers.c" 
..\Pointers.c: In function 'main':
..\Pointers.c:24:11: warning: format '%d' expects argument of type 'int', but argument 2 has type 'int *' [-Wformat=]
   24 |  printf("%d %d",b, a);
      |          ~^     ~
      |           |     |
      |           int   int *
      |          %n
..\Pointers.c:24:2: warning: 'b' is used uninitialized in this function [-Wuninitialized]
   24 |  printf("%d %d",b, a);
      |  ^~~~~~~~~~~~~~~~~~~~
gcc -o Pointers.exe Pointers.o 
Info: Nothing to build for Pointers
15:04:04 **** Incremental Build of configuration Debug for project Pointers ****
Info: Internal Builder is used for build
gcc -O0 -g3 -Wall -c -fmessage-length=0 -o Pointers.o "..\\Pointers.c" 
..\Pointers.c: In function 'main':
..\Pointers.c:23:6: error: conflicting types for 'b'
   23 |  int b;
      |      ^
..\Pointers.c:22:7: note: previous declaration of 'b' was here
   22 |  int *b;
      |       ^
15:04:35 **** Incremental Build of configuration Debug for project Pointers ****
Info: Internal Builder is used for build
gcc -O0 -g3 -Wall -c -fmessage-length=0 -o Pointers.o "..\\Pointers.c" 
..\Pointers.c: In function 'main':
..\Pointers.c:25:11: warning: format '%d' expects argument of type 'int', but argument 2 has type 'int *' [-Wformat=]
   25 |  printf("%d %d", b , a);
      |          ~^      ~
      |           |      |
      |           int    int *
      |          %n
..\Pointers.c:25:2: warning: 'b' is used uninitialized in this function [-Wuninitialized]
   25 |  printf("%d %d", b , a);
      |  ^~~~~~~~~~~~~~~~~~~~~~
gcc -o Pointers.exe Pointers.o 
15:04:47 **** Incremental Build of configuration Debug for project Pointers ****
Info: Internal Builder is used for build
gcc -O0 -g3 -Wall -c -fmessage-length=0 -o Pointers.o "..\\Pointers.c" 
..\Pointers.c: In function 'main':
..\Pointers.c:25:2: warning: 'b' is used uninitialized in this function [-Wuninitialized]
   25 |  printf("%p %d", b , a);
      |  ^~~~~~~~~~~~~~~~~~~~~~
gcc -o Pointers.exe Pointers.o 
15:05:03 **** Incremental Build of configuration Debug for project Pointers ****
Info: Internal Builder is used for build
gcc -O0 -g3 -Wall -c -fmessage-length=0 -o Pointers.o "..\\Pointers.c" 
..\Pointers.c: In function 'main':
..\Pointers.c:25:11: warning: format '%d' expects argument of type 'int', but argument 2 has type 'int *' [-Wformat=]
   25 |  printf("%d %d", b , a);
      |          ~^      ~
      |           |      |
      |           int    int *
      |          %n
..\Pointers.c:25:2: warning: 'b' is used uninitialized in this function [-Wuninitialized]
   25 |  printf("%d %d", b , a);
      |  ^~~~~~~~~~~~~~~~~~~~~~
gcc -o Pointers.exe Pointers.o 
16:04:30 **** Incremental Build of configuration Debug for project Pointers ****
Info: Internal Builder is used for build
gcc -O0 -g3 -Wall -c -fmessage-length=0 -o Pointers.o "..\\Pointers.c" 
..\Pointers.c: In function 'main':
..\Pointers.c:24:7: warning: unused variable 'b' [-Wunused-variable]
   24 |  int *b;
      |       ^
gcc -o Pointers.exe Pointers.o 
c:/mingw/bin/../lib/gcc/mingw32/9.2.0/../../../../mingw32/bin/ld.exe: Pointers.o: in function `main':
C:\Partitiion\IEEE CUSB 23\Session_3\Pointers\Debug/../Pointers.c:28: undefined reference to `sum'
collect2.exe: error: ld returned 1 exit status
16:05:03 **** Incremental Build of configuration Debug for project Pointers ****
Info: Internal Builder is used for build
gcc -O0 -g3 -Wall -c -fmessage-length=0 -o Pointers.o "..\\Pointers.c" 
..\Pointers.c: In function 'sum':
..\Pointers.c:19:1: warning: control reaches end of non-void function [-Wreturn-type]
   19 | int sum (){}
      | ^~~
gcc -o Pointers.exe Pointers.o 
16:05:46 **** Incremental Build of configuration Debug for project Pointers ****
Info: Internal Builder is used for build
gcc -O0 -g3 -Wall -c -fmessage-length=0 -o Pointers.o "..\\Pointers.c" 
gcc -o Pointers.exe Pointers.o 
Info: Nothing to build for Pointers
Info: Nothing to build for Pointers
16:06:23 **** Incremental Build of configuration Debug for project Pointers ****
Info: Internal Builder is used for build
gcc -O0 -g3 -Wall -c -fmessage-length=0 -o Pointers.o "..\\Pointers.c" 
..\Pointers.c: In function 'main':
..\Pointers.c:30:2: error: too many arguments to function 'sum'
   30 |  sum(a);
      |  ^~~
..\Pointers.c:19:5: note: declared here
   19 | int sum (void){
      |     ^~~
21:56:55 **** Incremental Build of configuration Debug for project Pointers ****
Info: Internal Builder is used for build
gcc -O0 -g3 -Wall -c -fmessage-length=0 -o Pointers.o "..\\Pointers.c" 
..\Pointers.c: In function 'main':
..\Pointers.c:25:11: warning: format '%d' expects argument of type 'int', but argument 2 has type 'int *' [-Wformat=]
   25 |  printf("%d %d", b , a);
      |          ~^      ~
      |           |      |
      |           int    int *
      |          %n
..\Pointers.c:25:2: warning: 'b' is used uninitialized in this function [-Wuninitialized]
   25 |  printf("%d %d", b , a);
      |  ^~~~~~~~~~~~~~~~~~~~~~
gcc -o Pointers.exe Pointers.o 
10:41:03 **** Incremental Build of configuration Debug for project Pointers ****
Info: Internal Builder is used for build
gcc -O0 -g3 -Wall -c -fmessage-length=0 -o Pointers.o "..\\Pointers.c" 
..\Pointers.c: In function 'main':
..\Pointers.c:25:12: error: stray '\342' in program
   25 |     printf(“%d \t %d”, *b, c);
      |            ^
..\Pointers.c:25:13: error: stray '\200' in program
   25 |     printf(“%d \t %d”, *b, c);
      |             ^
..\Pointers.c:25:14: error: stray '\234' in program
   25 |     printf(“%d \t %d”, *b, c);
      |              ^
..\Pointers.c:25:15: error: expected expression before '%' token
   25 |     printf(“%d \t %d”, *b, c);
      |               ^
..\Pointers.c:25:18: error: stray '\' in program
   25 |     printf(“%d \t %d”, *b, c);
      |                  ^
..\Pointers.c:25:23: error: stray '\342' in program
   25 |     printf(“%d \t %d”, *b, c);
      |                       ^
..\Pointers.c:25:24: error: stray '\200' in program
   25 |     printf(“%d \t %d”, *b, c);
      |                        ^
..\Pointers.c:25:25: error: stray '\235' in program
   25 |     printf(“%d \t %d”, *b, c);
      |                         ^
..\Pointers.c:22:9: warning: unused variable 'c' [-Wunused-variable]
   22 |     int c = *b ;
      |         ^
10:41:52 **** Incremental Build of configuration Debug for project Pointers ****
Info: Internal Builder is used for build
gcc -O0 -g3 -Wall -c -fmessage-length=0 -o Pointers.o "..\\Pointers.c" 
..\Pointers.c: In function 'main':
..\Pointers.c:25:12: error: stray '\342' in program
   25 |     printf(“%d \t %d”, *b, c);
      |            ^
..\Pointers.c:25:13: error: stray '\200' in program
   25 |     printf(“%d \t %d”, *b, c);
      |             ^
..\Pointers.c:25:14: error: stray '\234' in program
   25 |     printf(“%d \t %d”, *b, c);
      |              ^
..\Pointers.c:25:15: error: expected expression before '%' token
   25 |     printf(“%d \t %d”, *b, c);
      |               ^
..\Pointers.c:25:18: error: stray '\' in program
   25 |     printf(“%d \t %d”, *b, c);
      |                  ^
..\Pointers.c:25:23: error: stray '\342' in program
   25 |     printf(“%d \t %d”, *b, c);
      |                       ^
..\Pointers.c:25:24: error: stray '\200' in program
   25 |     printf(“%d \t %d”, *b, c);
      |                        ^
..\Pointers.c:25:25: error: stray '\235' in program
   25 |     printf(“%d \t %d”, *b, c);
      |                         ^
..\Pointers.c:22:9: warning: unused variable 'c' [-Wunused-variable]
   22 |     int c = *b ;
      |         ^
10:43:08 **** Incremental Build of configuration Debug for project Pointers ****
Info: Internal Builder is used for build
gcc -O0 -g3 -Wall -c -fmessage-length=0 -o Pointers.o "..\\Pointers.c" 
..\Pointers.c: In function 'main':
..\Pointers.c:25:12: error: stray '\342' in program
   25 |     printf(“%d %d”, *b, c);
      |            ^
..\Pointers.c:25:13: error: stray '\200' in program
   25 |     printf(“%d %d”, *b, c);
      |             ^
..\Pointers.c:25:14: error: stray '\234' in program
   25 |     printf(“%d %d”, *b, c);
      |              ^
..\Pointers.c:25:15: error: expected expression before '%' token
   25 |     printf(“%d %d”, *b, c);
      |               ^
..\Pointers.c:25:20: error: stray '\342' in program
   25 |     printf(“%d %d”, *b, c);
      |                    ^
..\Pointers.c:25:21: error: stray '\200' in program
   25 |     printf(“%d %d”, *b, c);
      |                     ^
..\Pointers.c:25:22: error: stray '\235' in program
   25 |     printf(“%d %d”, *b, c);
      |                      ^
..\Pointers.c:22:9: warning: unused variable 'c' [-Wunused-variable]
   22 |     int c = *b ;
      |         ^
10:43:21 **** Incremental Build of configuration Debug for project Pointers ****
Info: Internal Builder is used for build
gcc -O0 -g3 -Wall -c -fmessage-length=0 -o Pointers.o "..\\Pointers.c" 
..\Pointers.c: In function 'main':
..\Pointers.c:25:11: warning: format '%d' expects argument of type 'int', but argument 2 has type 'int *' [-Wformat=]
   25 |  printf("%d %d", b , a);
      |          ~^      ~
      |           |      |
      |           int    int *
      |          %n
..\Pointers.c:25:2: warning: 'b' is used uninitialized in this function [-Wuninitialized]
   25 |  printf("%d %d", b , a);
      |  ^~~~~~~~~~~~~~~~~~~~~~
gcc -o Pointers.exe Pointers.o 
10:43:29 **** Incremental Build of configuration Debug for project Pointers ****
Info: Internal Builder is used for build
gcc -O0 -g3 -Wall -c -fmessage-length=0 -o Pointers.o "..\\Pointers.c" 
..\Pointers.c: In function 'main':
..\Pointers.c:25:11: warning: format '%d' expects argument of type 'int', but argument 2 has type 'int *' [-Wformat=]
   25 |  printf("%d %d", b , a);
      |          ~^      ~
      |           |      |
      |           int    int *
      |          %n
gcc -o Pointers.exe Pointers.o 
Info: Nothing to build for Pointers
10:43:38 **** Incremental Build of configuration Debug for project Pointers ****
Info: Internal Builder is used for build
gcc -O0 -g3 -Wall -c -fmessage-length=0 -o Pointers.o "..\\Pointers.c" 
..\Pointers.c: In function 'main':
..\Pointers.c:25:11: warning: format '%d' expects argument of type 'int', but argument 2 has type 'int *' [-Wformat=]
   25 |  printf("%d %d", b , a);
      |          ~^      ~
      |           |      |
      |           int    int *
      |          %n
gcc -o Pointers.exe Pointers.o 
10:44:27 **** Incremental Build of configuration Debug for project Pointers ****
Info: Internal Builder is used for build
gcc -O0 -g3 -Wall -c -fmessage-length=0 -o Pointers.o "..\\Pointers.c" 
..\Pointers.c: In function 'main':
..\Pointers.c:25:11: warning: format '%d' expects argument of type 'int', but argument 2 has type 'int *' [-Wformat=]
   25 |  printf("%d %d", b , a);
      |          ~^      ~
      |           |      |
      |           int    int *
      |          %n
..\Pointers.c:27:6: error: redefinition of 'a'
   27 |  int a = 5;
      |      ^
..\Pointers.c:20:6: note: previous definition of 'a' was here
   20 |  int a = 5;
      |      ^
..\Pointers.c:28:7: error: redeclaration of 'b' with no linkage
   28 |  int *b = &a;
      |       ^
..\Pointers.c:22:7: note: previous declaration of 'b' was here
   22 |  int *b;
      |       ^
..\Pointers.c:32:9: error: stray '\342' in program
   32 |  printf(“%d \t %d”, *b, c);
      |         ^
..\Pointers.c:32:10: error: stray '\200' in program
   32 |  printf(“%d \t %d”, *b, c);
      |          ^
..\Pointers.c:32:11: error: stray '\234' in program
   32 |  printf(“%d \t %d”, *b, c);
      |           ^
..\Pointers.c:32:12: error: expected expression before '%' token
   32 |  printf(“%d \t %d”, *b, c);
      |            ^
..\Pointers.c:32:15: error: stray '\' in program
   32 |  printf(“%d \t %d”, *b, c);
      |               ^
..\Pointers.c:32:20: error: stray '\342' in program
   32 |  printf(“%d \t %d”, *b, c);
      |                    ^
..\Pointers.c:32:21: error: stray '\200' in program
   32 |  printf(“%d \t %d”, *b, c);
      |                     ^
..\Pointers.c:32:22: error: stray '\235' in program
   32 |  printf(“%d \t %d”, *b, c);
      |                      ^
..\Pointers.c:29:6: warning: unused variable 'c' [-Wunused-variable]
   29 |  int c = *b ;
      |      ^
10:44:30 **** Incremental Build of configuration Debug for project Pointers ****
Info: Internal Builder is used for build
gcc -O0 -g3 -Wall -c -fmessage-length=0 -o Pointers.o "..\\Pointers.c" 
..\Pointers.c: In function 'main':
..\Pointers.c:25:11: warning: format '%d' expects argument of type 'int', but argument 2 has type 'int *' [-Wformat=]
   25 |  printf("%d %d", b , a);
      |          ~^      ~
      |           |      |
      |           int    int *
      |          %n
..\Pointers.c:27:6: error: redefinition of 'a'
   27 |  int a = 5;
      |      ^
..\Pointers.c:20:6: note: previous definition of 'a' was here
   20 |  int a = 5;
      |      ^
..\Pointers.c:28:7: error: redeclaration of 'b' with no linkage
   28 |  int *b = &a;
      |       ^
..\Pointers.c:22:7: note: previous declaration of 'b' was here
   22 |  int *b;
      |       ^
..\Pointers.c:32:9: error: stray '\342' in program
   32 |  printf(“%d \t %d”, *b, c);
      |         ^
..\Pointers.c:32:10: error: stray '\200' in program
   32 |  printf(“%d \t %d”, *b, c);
      |          ^
..\Pointers.c:32:11: error: stray '\234' in program
   32 |  printf(“%d \t %d”, *b, c);
      |           ^
..\Pointers.c:32:12: error: expected expression before '%' token
   32 |  printf(“%d \t %d”, *b, c);
      |            ^
..\Pointers.c:32:15: error: stray '\' in program
   32 |  printf(“%d \t %d”, *b, c);
      |               ^
..\Pointers.c:32:20: error: stray '\342' in program
   32 |  printf(“%d \t %d”, *b, c);
      |                    ^
..\Pointers.c:32:21: error: stray '\200' in program
   32 |  printf(“%d \t %d”, *b, c);
      |                     ^
..\Pointers.c:32:22: error: stray '\235' in program
   32 |  printf(“%d \t %d”, *b, c);
      |                      ^
..\Pointers.c:29:6: warning: unused variable 'c' [-Wunused-variable]
   29 |  int c = *b ;
      |      ^
10:44:52 **** Incremental Build of configuration Debug for project Pointers ****
Info: Internal Builder is used for build
gcc -O0 -g3 -Wall -c -fmessage-length=0 -o Pointers.o "..\\Pointers.c" 
..\Pointers.c: In function 'main':
..\Pointers.c:25:11: warning: format '%d' expects argument of type 'int', but argument 2 has type 'int *' [-Wformat=]
   25 |  printf("%d %d", b , a);
      |          ~^      ~
      |           |      |
      |           int    int *
      |          %n
..\Pointers.c:32:9: error: stray '\342' in program
   32 |  printf(“%d \t %d”, *b, c);
      |         ^
..\Pointers.c:32:10: error: stray '\200' in program
   32 |  printf(“%d \t %d”, *b, c);
      |          ^
..\Pointers.c:32:11: error: stray '\234' in program
   32 |  printf(“%d \t %d”, *b, c);
      |           ^
..\Pointers.c:32:12: error: expected expression before '%' token
   32 |  printf(“%d \t %d”, *b, c);
      |            ^
..\Pointers.c:32:15: error: stray '\' in program
   32 |  printf(“%d \t %d”, *b, c);
      |               ^
..\Pointers.c:32:20: error: stray '\342' in program
   32 |  printf(“%d \t %d”, *b, c);
      |                    ^
..\Pointers.c:32:21: error: stray '\200' in program
   32 |  printf(“%d \t %d”, *b, c);
      |                     ^
..\Pointers.c:32:22: error: stray '\235' in program
   32 |  printf(“%d \t %d”, *b, c);
      |                      ^
..\Pointers.c:29:6: warning: unused variable 'c' [-Wunused-variable]
   29 |  int c = *b ;
      |      ^
10:45:51 **** Incremental Build of configuration Debug for project Pointers ****
Info: Internal Builder is used for build
gcc -O0 -g3 -Wall -c -fmessage-length=0 -o Pointers.o "..\\Pointers.c" 
..\Pointers.c: In function 'main':
..\Pointers.c:25:11: warning: format '%d' expects argument of type 'int', but argument 2 has type 'int *' [-Wformat=]
   25 |  printf("%d %d", b , a);
      |          ~^      ~
      |           |      |
      |           int    int *
      |          %n
..\Pointers.c:32:9: error: stray '\342' in program
   32 |  printf(“%d \t %d”, b, c);
      |         ^
..\Pointers.c:32:10: error: stray '\200' in program
   32 |  printf(“%d \t %d”, b, c);
      |          ^
..\Pointers.c:32:11: error: stray '\234' in program
   32 |  printf(“%d \t %d”, b, c);
      |           ^
..\Pointers.c:32:12: error: expected expression before '%' token
   32 |  printf(“%d \t %d”, b, c);
      |            ^
..\Pointers.c:32:15: error: stray '\' in program
   32 |  printf(“%d \t %d”, b, c);
      |               ^
..\Pointers.c:32:20: error: stray '\342' in program
   32 |  printf(“%d \t %d”, b, c);
      |                    ^
..\Pointers.c:32:21: error: stray '\200' in program
   32 |  printf(“%d \t %d”, b, c);
      |                     ^
..\Pointers.c:32:22: error: stray '\235' in program
   32 |  printf(“%d \t %d”, b, c);
      |                      ^
..\Pointers.c:29:6: warning: unused variable 'c' [-Wunused-variable]
   29 |  int c = *b;
      |      ^
10:46:00 **** Incremental Build of configuration Debug for project Pointers ****
Info: Internal Builder is used for build
gcc -O0 -g3 -Wall -c -fmessage-length=0 -o Pointers.o "..\\Pointers.c" 
..\Pointers.c: In function 'main':
..\Pointers.c:25:11: warning: format '%d' expects argument of type 'int', but argument 2 has type 'int *' [-Wformat=]
   25 |  printf("%d %d", b , a);
      |          ~^      ~
      |           |      |
      |           int    int *
      |          %n
..\Pointers.c:32:9: error: stray '\342' in program
   32 |  printf(“%d \t %d”, c);
      |         ^
..\Pointers.c:32:10: error: stray '\200' in program
   32 |  printf(“%d \t %d”, c);
      |          ^
..\Pointers.c:32:11: error: stray '\234' in program
   32 |  printf(“%d \t %d”, c);
      |           ^
..\Pointers.c:32:12: error: expected expression before '%' token
   32 |  printf(“%d \t %d”, c);
      |            ^
..\Pointers.c:32:15: error: stray '\' in program
   32 |  printf(“%d \t %d”, c);
      |               ^
..\Pointers.c:32:20: error: stray '\342' in program
   32 |  printf(“%d \t %d”, c);
      |                    ^
..\Pointers.c:32:21: error: stray '\200' in program
   32 |  printf(“%d \t %d”, c);
      |                     ^
..\Pointers.c:32:22: error: stray '\235' in program
   32 |  printf(“%d \t %d”, c);
      |                      ^
..\Pointers.c:29:6: warning: unused variable 'c' [-Wunused-variable]
   29 |  int c = *b;
      |      ^
10:46:33 **** Incremental Build of configuration Debug for project Pointers ****
Info: Internal Builder is used for build
gcc -O0 -g3 -Wall -c -fmessage-length=0 -o Pointers.o "..\\Pointers.c" 
..\Pointers.c: In function 'main':
..\Pointers.c:25:11: warning: format '%d' expects argument of type 'int', but argument 2 has type 'int *' [-Wformat=]
   25 |  printf("%d %d", b , a);
      |          ~^      ~
      |           |      |
      |           int    int *
      |          %n
gcc -o Pointers.exe Pointers.o 
10:49:28 **** Incremental Build of configuration Debug for project Pointers ****
Info: Internal Builder is used for build
gcc -O0 -g3 -Wall -c -fmessage-length=0 -o Pointers.o "..\\Pointers.c" 
..\Pointers.c: In function 'main':
..\Pointers.c:25:11: warning: format '%d' expects argument of type 'int', but argument 2 has type 'int *' [-Wformat=]
   25 |  printf("%d %d", b , a);
      |          ~^      ~
      |           |      |
      |           int    int *
      |          %n
gcc -O0 -g3 -Wall -c -fmessage-length=0 -o Exercises.o "..\\Exercises.c" 
gcc -o Pointers.exe Exercises.o Pointers.o 
c:/mingw/bin/../lib/gcc/mingw32/9.2.0/../../../../mingw32/bin/ld.exe: Pointers.o: in function `main':
C:\Partitiion\IEEE CUSB 23\Session_3\Pointers\Debug/../Pointers.c:19: multiple definition of `main'; Exercises.o:C:\Partitiion\IEEE CUSB 23\Session_3\Pointers\Debug/../Exercises.c:18: first defined here
collect2.exe: error: ld returned 1 exit status
10:51:33 **** Rebuild of configuration Debug for project Exercises ****
Info: Internal Builder is used for build
gcc -O0 -g3 -Wall -c -fmessage-length=0 -o Exercises.o "..\\Exercises.c" 
gcc -o Exercises.exe Exercises.o 
10:51:34 **** Incremental Build of configuration Debug for project Pointers ****
Info: Internal Builder is used for build
gcc -o Pointers.exe Pointers.o 
10:51:44 **** Incremental Build of configuration Debug for project Exercises ****
Info: Internal Builder is used for build
gcc -O0 -g3 -Wall -c -fmessage-length=0 -o Exercises.o "..\\Exercises.c" 
gcc -o Exercises.exe Exercises.o 
10:54:26 **** Incremental Build of configuration Debug for project Exercises ****
Info: Internal Builder is used for build
gcc -O0 -g3 -Wall -c -fmessage-length=0 -o Exercises.o "..\\Exercises.c" 
gcc -o Exercises.exe Exercises.o 
Info: Nothing to build for Pointers
Info: Nothing to build for Exercises
Info: Nothing to build for Exercises
10:58:10 **** Incremental Build of configuration Debug for project Exercises ****
Info: Internal Builder is used for build
gcc -O0 -g3 -Wall -c -fmessage-length=0 -o Exercises.o "..\\Exercises.c" 
gcc -o Exercises.exe Exercises.o 
Info: Nothing to build for Pointers
Info: Nothing to build for Exercises
11:04:00 **** Incremental Build of configuration Debug for project Exercises ****
Info: Internal Builder is used for build
gcc -O0 -g3 -Wall -c -fmessage-length=0 -o Exercises.o "..\\Exercises.c" 
..\Exercises.c: In function 'main':
..\Exercises.c:66:9: error: redefinition of 'number'
   66 |     int number = 5;
      |         ^~~~~~
..\Exercises.c:57:9: note: previous definition of 'number' was here
   57 |     int number = 5;
      |         ^~~~~~
..\Exercises.c:69:23: warning: passing argument 1 of 'squareByReference' makes pointer from integer without a cast [-Wint-conversion]
   69 |     squareByReference(number);
      |                       ^~~~~~
      |                       |
      |                       int
..\Exercises.c:25:29: note: expected 'int *' but argument is of type 'int'
   25 | void squareByReference(int *sptr)
      |                        ~~~~~^~~~
Info: Nothing to build for Pointers
11:04:03 **** Incremental Build of configuration Debug for project Exercises ****
Info: Internal Builder is used for build
gcc -O0 -g3 -Wall -c -fmessage-length=0 -o Exercises.o "..\\Exercises.c" 
..\Exercises.c: In function 'main':
..\Exercises.c:66:9: error: redefinition of 'number'
   66 |     int number = 5;
      |         ^~~~~~
..\Exercises.c:57:9: note: previous definition of 'number' was here
   57 |     int number = 5;
      |         ^~~~~~
..\Exercises.c:69:23: warning: passing argument 1 of 'squareByReference' makes pointer from integer without a cast [-Wint-conversion]
   69 |     squareByReference(number);
      |                       ^~~~~~
      |                       |
      |                       int
..\Exercises.c:25:29: note: expected 'int *' but argument is of type 'int'
   25 | void squareByReference(int *sptr)
      |                        ~~~~~^~~~
11:04:48 **** Incremental Build of configuration Debug for project Exercises ****
Info: Internal Builder is used for build
gcc -O0 -g3 -Wall -c -fmessage-length=0 -o Exercises.o "..\\Exercises.c" 
gcc -o Exercises.exe Exercises.o 
Info: Nothing to build for Pointers
Info: Nothing to build for Exercises
11:05:17 **** Incremental Build of configuration Debug for project Exercises ****
Info: Internal Builder is used for build
gcc -O0 -g3 -Wall -c -fmessage-length=0 -o Exercises.o "..\\Exercises.c" 
..\Exercises.c: In function 'main':
..\Exercises.c:71:22: error: invalid type argument of unary '*' (have 'int')
   71 |     printf("%d \n" , *number2);
      |                      ^~~~~~~~
Info: Nothing to build for Pointers
11:05:30 **** Incremental Build of configuration Debug for project Exercises ****
Info: Internal Builder is used for build
gcc -O0 -g3 -Wall -c -fmessage-length=0 -o Exercises.o "..\\Exercises.c" 
gcc -o Exercises.exe Exercises.o 
Info: Nothing to build for Pointers
Info: Nothing to build for Exercises
11:07:21 **** Incremental Build of configuration Debug for project Exercises ****
Info: Internal Builder is used for build
gcc -O0 -g3 -Wall -c -fmessage-length=0 -o Exercises.o "..\\Exercises.c" 
gcc -o Exercises.exe Exercises.o 
Info: Nothing to build for Pointers
15:37:17 **** Incremental Build of configuration Debug for project Exercises ****
Info: Internal Builder is used for build
gcc -O0 -g3 -Wall -c -fmessage-length=0 -o Exercises.o "..\\Exercises.c" 
gcc -o Exercises.exe Exercises.o 
Info: Nothing to build for Pointers
Info: Nothing to build for Exercises
15:38:00 **** Incremental Build of configuration Debug for project Exercises ****
Info: Internal Builder is used for build
gcc -O0 -g3 -Wall -c -fmessage-length=0 -o Exercises.o "..\\Exercises.c" 
gcc -o Exercises.exe Exercises.o 
Info: Nothing to build for Pointers
Info: Nothing to build for Exercises
15:38:27 **** Incremental Build of configuration Debug for project Exercises ****
Info: Internal Builder is used for build
gcc -O0 -g3 -Wall -c -fmessage-length=0 -o Exercises.o "..\\Exercises.c" 
gcc -o Exercises.exe Exercises.o 
Info: Nothing to build for Pointers
Info: Nothing to build for Exercises
15:38:37 **** Incremental Build of configuration Debug for project Exercises ****
Info: Internal Builder is used for build
gcc -O0 -g3 -Wall -c -fmessage-length=0 -o Exercises.o "..\\Exercises.c" 
gcc -o Exercises.exe Exercises.o 
Info: Nothing to build for Pointers
Info: Nothing to build for Exercises
15:38:44 **** Incremental Build of configuration Debug for project Exercises ****
Info: Internal Builder is used for build
gcc -O0 -g3 -Wall -c -fmessage-length=0 -o Exercises.o "..\\Exercises.c" 
..\Exercises.c: In function 'main':
..\Exercises.c:89:16: warning: format '%d' expects argument of type 'int', but argument 3 has type 'int *' [-Wformat=]
   89 |  printf("%d \n%d" , x ,y);
      |               ~^       ~
      |                |       |
      |                int     int *
      |               %n
gcc -o Exercises.exe Exercises.o 
Info: Nothing to build for Pointers
Info: Nothing to build for Exercises
15:39:18 **** Incremental Build of configuration Debug for project Exercises ****
Info: Internal Builder is used for build
gcc -O0 -g3 -Wall -c -fmessage-length=0 -o Exercises.o "..\\Exercises.c" 
..\Exercises.c: In function 'main':
..\Exercises.c:89:16: warning: format '%x' expects argument of type 'unsigned int', but argument 3 has type 'int *' [-Wformat=]
   89 |  printf("%d \n%x" , x ,y);
      |               ~^       ~
      |                |       |
      |                |       int *
      |                unsigned int
      |               %n
gcc -o Exercises.exe Exercises.o 
Info: Nothing to build for Pointers
Info: Nothing to build for Exercises
15:39:28 **** Incremental Build of configuration Debug for project Exercises ****
Info: Internal Builder is used for build
gcc -O0 -g3 -Wall -c -fmessage-length=0 -o Exercises.o "..\\Exercises.c" 
gcc -o Exercises.exe Exercises.o 
Info: Nothing to build for Pointers
Info: Nothing to build for Exercises
15:40:02 **** Incremental Build of configuration Debug for project Exercises ****
Info: Internal Builder is used for build
gcc -O0 -g3 -Wall -c -fmessage-length=0 -o Exercises.o "..\\Exercises.c" 
gcc -o Exercises.exe Exercises.o 
Info: Nothing to build for Pointers
15:41:14 **** Incremental Build of configuration Debug for project Exercises ****
Info: Internal Builder is used for build
gcc -O0 -g3 -Wall -c -fmessage-length=0 -o Exercises.o "..\\Exercises.c" 
..\Exercises.c: In function 'main':
..\Exercises.c:87:7: warning: unused variable 'd' [-Wunused-variable]
   87 |  int *d = NULL;
      |       ^
gcc -o Exercises.exe Exercises.o 
Info: Nothing to build for Pointers
15:41:26 **** Incremental Build of configuration Debug for project Exercises ****
Info: Internal Builder is used for build
gcc -O0 -g3 -Wall -c -fmessage-length=0 -o Exercises.o "..\\Exercises.c" 
gcc -o Exercises.exe Exercises.o 
Info: Nothing to build for Pointers
Info: Nothing to build for Exercises
15:48:21 **** Incremental Build of configuration Debug for project Exercises ****
Info: Internal Builder is used for build
gcc -O0 -g3 -Wall -c -fmessage-length=0 -o Exercises.o "..\\Exercises.c" 
..\Exercises.c: In function 'main':
..\Exercises.c:92:2: warning: 'm' is used uninitialized in this function [-Wuninitialized]
   92 |  printf("%d \n%p\n%p", x, y, m);
      |  ^~~~~~~~~~~~~~~~~~~~~~~~~~~~~~
gcc -o Exercises.exe Exercises.o 
Info: Nothing to build for Pointers
Info: Nothing to build for Exercises
Info: Nothing to build for Exercises
Info: Nothing to build for Pointers
15:57:09 **** Rebuild of configuration Debug for project sizeof ****
Info: Internal Builder is used for build
gcc -O0 -g3 -Wall -c -fmessage-length=0 -o sizeof.o "..\\sizeof.c" 
..\sizeof.c: In function 'main':
..\sizeof.c:24:24: warning: format '%d' expects argument of type 'int', but argument 4 has type 'double' [-Wformat=]
   24 |  printf(" %d \n %d \n %d \n %d \n %d",m ,x, y, l, n);
      |                       ~^                    ~
      |                        |                    |
      |                        int                  double
      |                       %f
..\sizeof.c:24:30: warning: format '%d' expects argument of type 'int', but argument 5 has type 'double' [-Wformat=]
   24 |  printf(" %d \n %d \n %d \n %d \n %d",m ,x, y, l, n);
      |                             ~^                 ~
      |                              |                 |
      |                              int               double
      |                             %f
..\sizeof.c:24:36: warning: format '%d' expects argument of type 'int', but argument 6 has type 'long int' [-Wformat=]
   24 |  printf(" %d \n %d \n %d \n %d \n %d",m ,x, y, l, n);
      |                                   ~^              ~
      |                                    |              |
      |                                    int            long int
      |                                   %ld
gcc -o sizeof.exe sizeof.o 
Info: Nothing to build for Exercises
Info: Nothing to build for Pointers
15:58:23 **** Incremental Build of configuration Debug for project sizeof ****
Info: Internal Builder is used for build
gcc -O0 -g3 -Wall -c -fmessage-length=0 -o sizeof.o "..\\sizeof.c" 
gcc -o sizeof.exe sizeof.o 
Info: Nothing to build for sizeof
Info: Nothing to build for Exercises
Info: Nothing to build for Pointers
15:59:06 **** Incremental Build of configuration Debug for project sizeof ****
Info: Internal Builder is used for build
gcc -O0 -g3 -Wall -c -fmessage-length=0 -o sizeof.o "..\\sizeof.c" 
gcc -o sizeof.exe sizeof.o 
Info: Nothing to build for sizeof
Info: Nothing to build for Exercises
Info: Nothing to build for Pointers
16:00:12 **** Incremental Build of configuration Debug for project sizeof ****
Info: Internal Builder is used for build
gcc -O0 -g3 -Wall -c -fmessage-length=0 -o sizeof.o "..\\sizeof.c" 
gcc -o sizeof.exe sizeof.o 
Info: Nothing to build for sizeof
Info: Nothing to build for Exercises
Info: Nothing to build for Pointers
16:00:45 **** Incremental Build of configuration Debug for project sizeof ****
Info: Internal Builder is used for build
gcc -O0 -g3 -Wall -c -fmessage-length=0 -o sizeof.o "..\\sizeof.c" 
gcc -o sizeof.exe sizeof.o 
Info: Nothing to build for sizeof
Info: Nothing to build for Exercises
Info: Nothing to build for Pointers
16:00:54 **** Incremental Build of configuration Debug for project sizeof ****
Info: Internal Builder is used for build
gcc -O0 -g3 -Wall -c -fmessage-length=0 -o sizeof.o "..\\sizeof.c" 
gcc -o sizeof.exe sizeof.o 
Info: Nothing to build for sizeof
Info: Nothing to build for Exercises
Info: Nothing to build for Pointers
16:01:40 **** Incremental Build of configuration Debug for project sizeof ****
Info: Internal Builder is used for build
gcc -O0 -g3 -Wall -c -fmessage-length=0 -o sizeof.o "..\\sizeof.c" 
gcc -o sizeof.exe sizeof.o 
Info: Nothing to build for Exercises
Info: Nothing to build for Pointers
16:03:14 **** Incremental Build of configuration Debug for project sizeof ****
Info: Internal Builder is used for build
gcc -O0 -g3 -Wall -c -fmessage-length=0 -o sizeof.o "..\\sizeof.c" 
gcc -o sizeof.exe sizeof.o 
Info: Nothing to build for sizeof
16:09:58 **** Incremental Build of configuration Debug for project Exercises ****
Info: Internal Builder is used for build
gcc -O0 -g3 -Wall -c -fmessage-length=0 -o Exercises.o "..\\Exercises.c" 
gcc -o Exercises.exe Exercises.o 
16:09:58 **** Rebuild of configuration Debug for project Pass_By_Value ****
Info: Internal Builder is used for build
gcc -O0 -g3 -Wall -c -fmessage-length=0 -o Pass_By_Value.o "..\\Pass_By_Value.c" 
gcc -o Pass_By_Value.exe Pass_By_Value.o 
Info: Nothing to build for Pointers
16:09:59 **** Incremental Build of configuration Debug for project sizeof ****
Info: Internal Builder is used for build
gcc -O0 -g3 -Wall -c -fmessage-length=0 -o sizeof.o "..\\sizeof.c" 
gcc -o sizeof.exe sizeof.o 
Info: Nothing to build for Exercises
16:10:24 **** Incremental Build of configuration Debug for project Pass_By_Value ****
Info: Internal Builder is used for build
gcc -O0 -g3 -Wall -c -fmessage-length=0 -o Pass_By_Value.o "..\\Pass_By_Value.c" 
gcc -o Pass_By_Value.exe Pass_By_Value.o 
Info: Nothing to build for Pointers
Info: Nothing to build for sizeof
Info: Nothing to build for Pass_By_Value
Info: Nothing to build for Exercises
16:10:44 **** Incremental Build of configuration Debug for project Pass_By_Value ****
Info: Internal Builder is used for build
gcc -O0 -g3 -Wall -c -fmessage-length=0 -o Pass_By_Value.o "..\\Pass_By_Value.c" 
gcc -o Pass_By_Value.exe Pass_By_Value.o 
Info: Nothing to build for Pointers
Info: Nothing to build for sizeof
Info: Nothing to build for Exercises
Info: Nothing to build for Pass_By_Value
Info: Nothing to build for Pointers
Info: Nothing to build for sizeof
Info: Nothing to build for Pass_By_Value
Info: Nothing to build for Exercises
16:11:19 **** Incremental Build of configuration Debug for project Pass_By_Value ****
Info: Internal Builder is used for build
gcc -O0 -g3 -Wall -c -fmessage-length=0 -o Pass_By_Value.o "..\\Pass_By_Value.c" 
..\Pass_By_Value.c:17:5: error: expected identifier or '(' before ',' token
   17 | int , int squareByValue(int num)
      |     ^
..\Pass_By_Value.c: In function 'main':
..\Pass_By_Value.c:29:12: warning: implicit declaration of function 'squareByValue' [-Wimplicit-function-declaration]
   29 |  result =  squareByValue(number);
      |            ^~~~~~~~~~~~~
Info: Nothing to build for Pointers
Info: Nothing to build for sizeof
Info: Nothing to build for Exercises
16:11:24 **** Incremental Build of configuration Debug for project Pass_By_Value ****
Info: Internal Builder is used for build
gcc -O0 -g3 -Wall -c -fmessage-length=0 -o Pass_By_Value.o "..\\Pass_By_Value.c" 
..\Pass_By_Value.c:17:5: error: expected identifier or '(' before ',' token
   17 | int , int squareByValue(int num)
      |     ^
..\Pass_By_Value.c: In function 'main':
..\Pass_By_Value.c:29:12: warning: implicit declaration of function 'squareByValue' [-Wimplicit-function-declaration]
   29 |  result =  squareByValue(number);
      |            ^~~~~~~~~~~~~
Info: Nothing to build for Pointers
Info: Nothing to build for sizeof
Info: Nothing to build for Exercises
16:11:27 **** Incremental Build of configuration Debug for project Pass_By_Value ****
Info: Internal Builder is used for build
gcc -O0 -g3 -Wall -c -fmessage-length=0 -o Pass_By_Value.o "..\\Pass_By_Value.c" 
..\Pass_By_Value.c:17:5: error: expected identifier or '(' before ',' token
   17 | int , int squareByValue(int num)
      |     ^
..\Pass_By_Value.c: In function 'main':
..\Pass_By_Value.c:29:12: warning: implicit declaration of function 'squareByValue' [-Wimplicit-function-declaration]
   29 |  result =  squareByValue(number);
      |            ^~~~~~~~~~~~~
Info: Nothing to build for Pointers
Info: Nothing to build for sizeof
16:11:29 **** Incremental Build of configuration Debug for project Pass_By_Value ****
Info: Internal Builder is used for build
gcc -O0 -g3 -Wall -c -fmessage-length=0 -o Pass_By_Value.o "..\\Pass_By_Value.c" 
..\Pass_By_Value.c:17:5: error: expected identifier or '(' before ',' token
   17 | int , int squareByValue(int num)
      |     ^
..\Pass_By_Value.c: In function 'main':
..\Pass_By_Value.c:29:12: warning: implicit declaration of function 'squareByValue' [-Wimplicit-function-declaration]
   29 |  result =  squareByValue(number);
      |            ^~~~~~~~~~~~~
Info: Nothing to build for Exercises
16:12:15 **** Incremental Build of configuration Debug for project Pass_By_Value ****
Info: Internal Builder is used for build
gcc -O0 -g3 -Wall -c -fmessage-length=0 -o Pass_By_Value.o "..\\Pass_By_Value.c" 
..\Pass_By_Value.c:17:5: error: expected identifier or '(' before ',' token
   17 | int , int squareByValue(int num)
      |     ^
..\Pass_By_Value.c: In function 'main':
..\Pass_By_Value.c:30:23: warning: implicit declaration of function 'squareByValue' [-Wimplicit-function-declaration]
   30 |  result , result2  =  squareByValue(number);
      |                       ^~~~~~~~~~~~~
..\Pass_By_Value.c:30:9: warning: left-hand operand of comma expression has no effect [-Wunused-value]
   30 |  result , result2  =  squareByValue(number);
      |         ^
..\Pass_By_Value.c:28:6: warning: variable 'result2' set but not used [-Wunused-but-set-variable]
   28 |  int result2;
      |      ^~~~~~~
Info: Nothing to build for Pointers
Info: Nothing to build for sizeof
16:12:23 **** Incremental Build of configuration Debug for project Pass_By_Value ****
Info: Internal Builder is used for build
gcc -O0 -g3 -Wall -c -fmessage-length=0 -o Pass_By_Value.o "..\\Pass_By_Value.c" 
..\Pass_By_Value.c:17:5: error: expected identifier or '(' before ',' token
   17 | int , int squareByValue(int num)
      |     ^
..\Pass_By_Value.c: In function 'main':
..\Pass_By_Value.c:30:23: warning: implicit declaration of function 'squareByValue' [-Wimplicit-function-declaration]
   30 |  result , result2  =  squareByValue(number);
      |                       ^~~~~~~~~~~~~
..\Pass_By_Value.c:30:9: warning: left-hand operand of comma expression has no effect [-Wunused-value]
   30 |  result , result2  =  squareByValue(number);
      |         ^
..\Pass_By_Value.c:28:6: warning: variable 'result2' set but not used [-Wunused-but-set-variable]
   28 |  int result2;
      |      ^~~~~~~
Info: Nothing to build for Exercises
16:13:14 **** Incremental Build of configuration Debug for project Pass_By_Value ****
Info: Internal Builder is used for build
gcc -O0 -g3 -Wall -c -fmessage-length=0 -o Pass_By_Value.o "..\\Pass_By_Value.c" 
gcc -o Pass_By_Value.exe Pass_By_Value.o 
Info: Nothing to build for Pointers
Info: Nothing to build for sizeof
Info: Nothing to build for Exercises
16:16:34 **** Rebuild of configuration Debug for project Pass_By_Reference ****
Info: Internal Builder is used for build
gcc -O0 -g3 -Wall -c -fmessage-length=0 -o Pass_By_Reference.o "..\\Pass_By_Reference.c" 
..\Pass_By_Reference.c:21:6: warning: return type of 'main' is not 'int' [-Wmain]
   21 | void main (void)
      |      ^~~~
gcc -o Pass_By_Reference.exe Pass_By_Reference.o 
Info: Nothing to build for Pass_By_Value
Info: Nothing to build for Pointers
Info: Nothing to build for sizeof
Info: Nothing to build for Pass_By_Reference
Info: Nothing to build for Exercises
16:19:56 **** Incremental Build of configuration Debug for project Pass_By_Reference ****
Info: Internal Builder is used for build
gcc -O0 -g3 -Wall -c -fmessage-length=0 -o Pass_By_Reference.o "..\\Pass_By_Reference.c" 
..\Pass_By_Reference.c:17:6: warning: return type of 'main' is not 'int' [-Wmain]
   17 | void main (void)
      |      ^~~~
..\Pass_By_Reference.c: In function 'main':
..\Pass_By_Reference.c:27:6: warning: unused variable 'z' [-Wunused-variable]
   27 |  int z = 15;
      |      ^
..\Pass_By_Reference.c:26:6: warning: unused variable 'y' [-Wunused-variable]
   26 |  int y = 10;
      |      ^
gcc -o Pass_By_Reference.exe Pass_By_Reference.o 
Info: Nothing to build for Pass_By_Value
Info: Nothing to build for Pointers
Info: Nothing to build for sizeof
Info: Nothing to build for Exercises
16:20:25 **** Incremental Build of configuration Debug for project Pass_By_Reference ****
Info: Internal Builder is used for build
gcc -O0 -g3 -Wall -c -fmessage-length=0 -o Pass_By_Reference.o "..\\Pass_By_Reference.c" 
..\Pass_By_Reference.c:17:6: warning: return type of 'main' is not 'int' [-Wmain]
   17 | void main (void)
      |      ^~~~
..\Pass_By_Reference.c: In function 'main':
..\Pass_By_Reference.c:22:20: warning: passing argument 1 of 'squareByReference' makes integer from pointer without a cast [-Wint-conversion]
   22 |  squareByReference(&x);
      |                    ^~
      |                    |
      |                    int *
..\Pass_By_Reference.c:16:24: note: expected 'int' but argument is of type 'int *'
   16 | void squareByReference(int);
      |                        ^~~
..\Pass_By_Reference.c:27:6: warning: unused variable 'z' [-Wunused-variable]
   27 |  int z = 15;
      |      ^
..\Pass_By_Reference.c:26:6: warning: unused variable 'y' [-Wunused-variable]
   26 |  int y = 10;
      |      ^
..\Pass_By_Reference.c: At top level:
..\Pass_By_Reference.c:32:6: error: conflicting types for 'squareByReference'
   32 | void squareByReference(int *sptr)
      |      ^~~~~~~~~~~~~~~~~
..\Pass_By_Reference.c:16:6: note: previous declaration of 'squareByReference' was here
   16 | void squareByReference(int);
      |      ^~~~~~~~~~~~~~~~~
Info: Nothing to build for Pass_By_Value
Info: Nothing to build for Pointers
Info: Nothing to build for sizeof
Info: Nothing to build for Exercises
16:21:28 **** Incremental Build of configuration Debug for project Pass_By_Reference ****
Info: Internal Builder is used for build
gcc -O0 -g3 -Wall -c -fmessage-length=0 -o Pass_By_Reference.o "..\\Pass_By_Reference.c" 
..\Pass_By_Reference.c:17:6: warning: return type of 'main' is not 'int' [-Wmain]
   17 | void main (void)
      |      ^~~~
..\Pass_By_Reference.c: In function 'main':
..\Pass_By_Reference.c:27:6: warning: unused variable 'z' [-Wunused-variable]
   27 |  int z = 15;
      |      ^
..\Pass_By_Reference.c:26:6: warning: unused variable 'y' [-Wunused-variable]
   26 |  int y = 10;
      |      ^
gcc -o Pass_By_Reference.exe Pass_By_Reference.o 
Info: Nothing to build for Pass_By_Value
Info: Nothing to build for Pointers
Info: Nothing to build for sizeof
Info: Nothing to build for Exercises
16:21:56 **** Incremental Build of configuration Debug for project Pass_By_Reference ****
Info: Internal Builder is used for build
gcc -O0 -g3 -Wall -c -fmessage-length=0 -o Pass_By_Reference.o "..\\Pass_By_Reference.c" 
..\Pass_By_Reference.c: In function 'main':
..\Pass_By_Reference.c:27:6: warning: unused variable 'z' [-Wunused-variable]
   27 |  int z = 15;
      |      ^
..\Pass_By_Reference.c:26:6: warning: unused variable 'y' [-Wunused-variable]
   26 |  int y = 10;
      |      ^
gcc -o Pass_By_Reference.exe Pass_By_Reference.o 
Info: Nothing to build for Pass_By_Value
Info: Nothing to build for Pointers
Info: Nothing to build for sizeof
Info: Nothing to build for Exercises
16:31:36 **** Incremental Build of configuration Debug for project Pass_By_Reference ****
Info: Internal Builder is used for build
gcc -O0 -g3 -Wall -c -fmessage-length=0 -o Pass_By_Reference.o "..\\Pass_By_Reference.c" 
gcc -o Pass_By_Reference.exe Pass_By_Reference.o 
Info: Nothing to build for Pass_By_Value
Info: Nothing to build for Pointers
Info: Nothing to build for sizeof
Info: Nothing to build for Pass_By_Reference
Info: Nothing to build for Exercises
16:32:08 **** Incremental Build of configuration Debug for project Pass_By_Reference ****
Info: Internal Builder is used for build
gcc -O0 -g3 -Wall -c -fmessage-length=0 -o Pass_By_Reference.o "..\\Pass_By_Reference.c" 
gcc -o Pass_By_Reference.exe Pass_By_Reference.o 
Info: Nothing to build for Pass_By_Value
Info: Nothing to build for Pointers
Info: Nothing to build for sizeof
Info: Nothing to build for Pass_By_Reference
Info: Nothing to build for Exercises
16:33:08 **** Incremental Build of configuration Debug for project Pass_By_Reference ****
Info: Internal Builder is used for build
gcc -O0 -g3 -Wall -c -fmessage-length=0 -o Pass_By_Reference.o "..\\Pass_By_Reference.c" 
gcc -o Pass_By_Reference.exe Pass_By_Reference.o 
Info: Nothing to build for Pass_By_Value
Info: Nothing to build for Pointers
Info: Nothing to build for sizeof
Info: Nothing to build for Pass_By_Reference
Info: Nothing to build for Exercises
16:34:44 **** Incremental Build of configuration Debug for project Pass_By_Reference ****
Info: Internal Builder is used for build
gcc -O0 -g3 -Wall -c -fmessage-length=0 -o Pass_By_Reference.o "..\\Pass_By_Reference.c" 
gcc -o Pass_By_Reference.exe Pass_By_Reference.o 
Info: Nothing to build for Pass_By_Value
Info: Nothing to build for Pointers
Info: Nothing to build for sizeof
Info: Nothing to build for Exercises
16:46:36 **** Incremental Build of configuration Debug for project Pass_By_Reference ****
Info: Internal Builder is used for build
gcc -O0 -g3 -Wall -c -fmessage-length=0 -o Pass_By_Reference.o "..\\Pass_By_Reference.c" 
..\Pass_By_Reference.c: In function 'main':
..\Pass_By_Reference.c:45:14: error: too many arguments to function 'arrayAverage'
   45 |  array_avg = arrayAverage(array , 5);
      |              ^~~~~~~~~~~~
..\Pass_By_Reference.c:20:5: note: declared here
   20 | int arrayAverage(int *ptr );
      |     ^~~~~~~~~~~~
..\Pass_By_Reference.c:43:6: warning: variable 'array_avg' set but not used [-Wunused-but-set-variable]
   43 |  int array_avg= 0;
      |      ^~~~~~~~~
..\Pass_By_Reference.c: At top level:
..\Pass_By_Reference.c:62:5: error: conflicting types for 'arrayAverage'
   62 | int arrayAverage(int *ptr , int size)
      |     ^~~~~~~~~~~~
..\Pass_By_Reference.c:20:5: note: previous declaration of 'arrayAverage' was here
   20 | int arrayAverage(int *ptr );
      |     ^~~~~~~~~~~~
Info: Nothing to build for Pass_By_Value
Info: Nothing to build for Pointers
Info: Nothing to build for sizeof
Info: Nothing to build for Exercises
16:46:58 **** Incremental Build of configuration Debug for project Pass_By_Reference ****
Info: Internal Builder is used for build
gcc -O0 -g3 -Wall -c -fmessage-length=0 -o Pass_By_Reference.o "..\\Pass_By_Reference.c" 
..\Pass_By_Reference.c: In function 'main':
..\Pass_By_Reference.c:43:6: warning: variable 'array_avg' set but not used [-Wunused-but-set-variable]
   43 |  int array_avg= 0;
      |      ^~~~~~~~~
gcc -o Pass_By_Reference.exe Pass_By_Reference.o 
Info: Nothing to build for Pass_By_Value
Info: Nothing to build for Pointers
Info: Nothing to build for sizeof
Info: Nothing to build for Exercises
16:47:46 **** Incremental Build of configuration Debug for project Pass_By_Reference ****
Info: Internal Builder is used for build
gcc -O0 -g3 -Wall -c -fmessage-length=0 -o Pass_By_Reference.o "..\\Pass_By_Reference.c" 
gcc -o Pass_By_Reference.exe Pass_By_Reference.o 
Info: Nothing to build for Pass_By_Value
Info: Nothing to build for Pointers
Info: Nothing to build for sizeof
Info: Nothing to build for Pass_By_Reference
Info: Nothing to build for Exercises
16:49:03 **** Incremental Build of configuration Debug for project Pass_By_Reference ****
Info: Internal Builder is used for build
gcc -O0 -g3 -Wall -c -fmessage-length=0 -o Pass_By_Reference.o "..\\Pass_By_Reference.c" 
gcc -o Pass_By_Reference.exe Pass_By_Reference.o 
Info: Nothing to build for Pass_By_Value
Info: Nothing to build for Pointers
Info: Nothing to build for sizeof
Info: Nothing to build for Pass_By_Reference
Info: Nothing to build for Exercises
16:50:31 **** Incremental Build of configuration Debug for project Pass_By_Reference ****
Info: Internal Builder is used for build
gcc -O0 -g3 -Wall -c -fmessage-length=0 -o Pass_By_Reference.o "..\\Pass_By_Reference.c" 
..\Pass_By_Reference.c: In function 'main':
..\Pass_By_Reference.c:45:27: warning: passing argument 1 of 'arrayAverage' from incompatible pointer type [-Wincompatible-pointer-types]
   45 |  array_avg = arrayAverage(&array , 5);
      |                           ^~~~~~
      |                           |
      |                           int (*)[5]
..\Pass_By_Reference.c:20:23: note: expected 'int *' but argument is of type 'int (*)[5]'
   20 | int arrayAverage(int *ptr, int size);
      |                  ~~~~~^~~
gcc -o Pass_By_Reference.exe Pass_By_Reference.o 
Info: Nothing to build for Pass_By_Value
Info: Nothing to build for Pointers
Info: Nothing to build for sizeof
Info: Nothing to build for Pass_By_Reference
Info: Nothing to build for Exercises
16:50:42 **** Incremental Build of configuration Debug for project Pass_By_Reference ****
Info: Internal Builder is used for build
gcc -O0 -g3 -Wall -c -fmessage-length=0 -o Pass_By_Reference.o "..\\Pass_By_Reference.c" 
gcc -o Pass_By_Reference.exe Pass_By_Reference.o 
Info: Nothing to build for Pass_By_Value
Info: Nothing to build for Pointers
Info: Nothing to build for sizeof
18:24:42 **** Rebuild of configuration Debug for project Arithmetic_Operations ****
Info: Internal Builder is used for build
gcc -O0 -g3 -Wall -c -fmessage-length=0 -o Arithmetic_Operations.o "..\\Arithmetic_Operations.c" 
..\Arithmetic_Operations.c: In function 'main':
..\Arithmetic_Operations.c:18:26: warning: excess elements in array initializer
   18 |  int array[5]={6,6,6,6,6,6,6,6,6};
      |                          ^
..\Arithmetic_Operations.c:18:26: note: (near initialization for 'array')
..\Arithmetic_Operations.c:18:28: warning: excess elements in array initializer
   18 |  int array[5]={6,6,6,6,6,6,6,6,6};
      |                            ^
..\Arithmetic_Operations.c:18:28: note: (near initialization for 'array')
..\Arithmetic_Operations.c:18:30: warning: excess elements in array initializer
   18 |  int array[5]={6,6,6,6,6,6,6,6,6};
      |                              ^
..\Arithmetic_Operations.c:18:30: note: (near initialization for 'array')
..\Arithmetic_Operations.c:18:32: warning: excess elements in array initializer
   18 |  int array[5]={6,6,6,6,6,6,6,6,6};
      |                                ^
..\Arithmetic_Operations.c:18:32: note: (near initialization for 'array')
..\Arithmetic_Operations.c:19:8: error: assignment to expression with array type
   19 |  array = array+2;
      |        ^
Info: Nothing to build for Exercises
Info: Nothing to build for Pass_By_Reference
Info: Nothing to build for Pass_By_Value
Info: Nothing to build for Pointers
Info: Nothing to build for sizeof
18:25:07 **** Incremental Build of configuration Debug for project Arithmetic_Operations ****
Info: Internal Builder is used for build
gcc -O0 -g3 -Wall -c -fmessage-length=0 -o Arithmetic_Operations.o "..\\Arithmetic_Operations.c" 
..\Arithmetic_Operations.c: In function 'main':
..\Arithmetic_Operations.c:18:26: warning: excess elements in array initializer
   18 |  int array[5]={6,6,6,6,6,6,6,6,6};
      |                          ^
..\Arithmetic_Operations.c:18:26: note: (near initialization for 'array')
..\Arithmetic_Operations.c:18:28: warning: excess elements in array initializer
   18 |  int array[5]={6,6,6,6,6,6,6,6,6};
      |                            ^
..\Arithmetic_Operations.c:18:28: note: (near initialization for 'array')
..\Arithmetic_Operations.c:18:30: warning: excess elements in array initializer
   18 |  int array[5]={6,6,6,6,6,6,6,6,6};
      |                              ^
..\Arithmetic_Operations.c:18:30: note: (near initialization for 'array')
..\Arithmetic_Operations.c:18:32: warning: excess elements in array initializer
   18 |  int array[5]={6,6,6,6,6,6,6,6,6};
      |                                ^
..\Arithmetic_Operations.c:18:32: note: (near initialization for 'array')
..\Arithmetic_Operations.c:18:6: warning: unused variable 'array' [-Wunused-variable]
   18 |  int array[5]={6,6,6,6,6,6,6,6,6};
      |      ^~~~~
gcc -o Arithmetic_Operations.exe Arithmetic_Operations.o 
Info: Nothing to build for Exercises
Info: Nothing to build for Pass_By_Reference
Info: Nothing to build for Pass_By_Value
Info: Nothing to build for Pointers
Info: Nothing to build for sizeof
18:25:37 **** Incremental Build of configuration Debug for project Arithmetic_Operations ****
Info: Internal Builder is used for build
gcc -O0 -g3 -Wall -c -fmessage-length=0 -o Arithmetic_Operations.o "..\\Arithmetic_Operations.c" 
..\Arithmetic_Operations.c: In function 'main':
..\Arithmetic_Operations.c:18:26: warning: excess elements in array initializer
   18 |  int array[5]={6,6,6,6,6,6,6,6,6};
      |                          ^
..\Arithmetic_Operations.c:18:26: note: (near initialization for 'array')
..\Arithmetic_Operations.c:18:28: warning: excess elements in array initializer
   18 |  int array[5]={6,6,6,6,6,6,6,6,6};
      |                            ^
..\Arithmetic_Operations.c:18:28: note: (near initialization for 'array')
..\Arithmetic_Operations.c:18:30: warning: excess elements in array initializer
   18 |  int array[5]={6,6,6,6,6,6,6,6,6};
      |                              ^
..\Arithmetic_Operations.c:18:30: note: (near initialization for 'array')
..\Arithmetic_Operations.c:18:32: warning: excess elements in array initializer
   18 |  int array[5]={6,6,6,6,6,6,6,6,6};
      |                                ^
..\Arithmetic_Operations.c:18:32: note: (near initialization for 'array')
gcc -o Arithmetic_Operations.exe Arithmetic_Operations.o 
Info: Nothing to build for Exercises
Info: Nothing to build for Pass_By_Reference
Info: Nothing to build for Pass_By_Value
Info: Nothing to build for Pointers
Info: Nothing to build for sizeof
Info: Nothing to build for Arithmetic_Operations
18:27:58 **** Incremental Build of configuration Debug for project Arithmetic_Operations ****
Info: Internal Builder is used for build
gcc -O0 -g3 -Wall -c -fmessage-length=0 -o Arithmetic_Operations.o "..\\Arithmetic_Operations.c" 
gcc -o Arithmetic_Operations.exe Arithmetic_Operations.o 
Info: Nothing to build for Exercises
Info: Nothing to build for Pass_By_Reference
Info: Nothing to build for Pass_By_Value
Info: Nothing to build for Pointers
Info: Nothing to build for sizeof
Info: Nothing to build for Arithmetic_Operations
18:28:41 **** Incremental Build of configuration Debug for project Arithmetic_Operations ****
Info: Internal Builder is used for build
gcc -O0 -g3 -Wall -c -fmessage-length=0 -o Arithmetic_Operations.o "..\\Arithmetic_Operations.c" 
gcc -o Arithmetic_Operations.exe Arithmetic_Operations.o 
Info: Nothing to build for Exercises
Info: Nothing to build for Pass_By_Reference
Info: Nothing to build for Pass_By_Value
Info: Nothing to build for Pointers
Info: Nothing to build for sizeof
Info: Nothing to build for Arithmetic_Operations
18:28:56 **** Incremental Build of configuration Debug for project Arithmetic_Operations ****
Info: Internal Builder is used for build
gcc -O0 -g3 -Wall -c -fmessage-length=0 -o Arithmetic_Operations.o "..\\Arithmetic_Operations.c" 
gcc -o Arithmetic_Operations.exe Arithmetic_Operations.o 
18:30:57 **** Incremental Build of configuration Debug for project Arithmetic_Operations ****
Info: Internal Builder is used for build
gcc -O0 -g3 -Wall -c -fmessage-length=0 -o Arithmetic_Operations.o "..\\Arithmetic_Operations.c" 
gcc -o Arithmetic_Operations.exe Arithmetic_Operations.o 
Info: Nothing to build for Exercises
Info: Nothing to build for Pass_By_Reference
Info: Nothing to build for Pass_By_Value
Info: Nothing to build for Pointers
Info: Nothing to build for sizeof
Info: Nothing to build for Arithmetic_Operations
18:31:09 **** Incremental Build of configuration Debug for project Arithmetic_Operations ****
Info: Internal Builder is used for build
gcc -O0 -g3 -Wall -c -fmessage-length=0 -o Arithmetic_Operations.o "..\\Arithmetic_Operations.c" 
gcc -o Arithmetic_Operations.exe Arithmetic_Operations.o 
Info: Nothing to build for Exercises
Info: Nothing to build for Pass_By_Reference
Info: Nothing to build for Pass_By_Value
Info: Nothing to build for Pointers
Info: Nothing to build for sizeof
Info: Nothing to build for Arithmetic_Operations
18:35:09 **** Incremental Build of configuration Debug for project Arithmetic_Operations ****
Info: Internal Builder is used for build
gcc -O0 -g3 -Wall -c -fmessage-length=0 -o Arithmetic_Operations.o "..\\Arithmetic_Operations.c" 
gcc -o Arithmetic_Operations.exe Arithmetic_Operations.o 
Info: Nothing to build for Exercises
Info: Nothing to build for Pass_By_Reference
Info: Nothing to build for Pass_By_Value
Info: Nothing to build for Pointers
Info: Nothing to build for sizeof
Info: Nothing to build for Arithmetic_Operations
18:40:43 **** Incremental Build of configuration Debug for project Arithmetic_Operations ****
Info: Internal Builder is used for build
gcc -O0 -g3 -Wall -c -fmessage-length=0 -o Arithmetic_Operations.o "..\\Arithmetic_Operations.c" 
gcc -o Arithmetic_Operations.exe Arithmetic_Operations.o 
Info: Nothing to build for Exercises
Info: Nothing to build for Pass_By_Reference
Info: Nothing to build for Pass_By_Value
Info: Nothing to build for Pointers
Info: Nothing to build for sizeof
Info: Nothing to build for Arithmetic_Operations
18:41:43 **** Incremental Build of configuration Debug for project Arithmetic_Operations ****
Info: Internal Builder is used for build
gcc -O0 -g3 -Wall -c -fmessage-length=0 -o Arithmetic_Operations.o "..\\Arithmetic_Operations.c" 
gcc -o Arithmetic_Operations.exe Arithmetic_Operations.o 
Info: Nothing to build for Exercises
Info: Nothing to build for Pass_By_Reference
Info: Nothing to build for Pass_By_Value
Info: Nothing to build for Pointers
Info: Nothing to build for sizeof
Info: Nothing to build for Arithmetic_Operations
18:47:28 **** Incremental Build of configuration Debug for project Arithmetic_Operations ****
Info: Internal Builder is used for build
gcc -O0 -g3 -Wall -c -fmessage-length=0 -o Arithmetic_Operations.o "..\\Arithmetic_Operations.c" 
gcc -o Arithmetic_Operations.exe Arithmetic_Operations.o 
Info: Nothing to build for Exercises
Info: Nothing to build for Pass_By_Reference
Info: Nothing to build for Pass_By_Value
Info: Nothing to build for Pointers
Info: Nothing to build for sizeof
20:08:01 **** Incremental Build of configuration Debug for project Arithmetic_Operations ****
Info: Internal Builder is used for build
gcc -O0 -g3 -Wall -c -fmessage-length=0 -o Arithmetic_Operations.o "..\\Arithmetic_Operations.c" 
..\Arithmetic_Operations.c: In function 'main':
..\Arithmetic_Operations.c:20:14: warning: initialization of 'char *' from incompatible pointer type 'int *' [-Wincompatible-pointer-types]
   20 |  char *PTR = arr;
      |              ^~~
..\Arithmetic_Operations.c:19:7: warning: unused variable 'ptr' [-Wunused-variable]
   19 |  int *ptr = arr;
      |       ^~~
gcc -o Arithmetic_Operations.exe Arithmetic_Operations.o 
Info: Nothing to build for Exercises
Info: Nothing to build for Pass_By_Reference
Info: Nothing to build for Pass_By_Value
Info: Nothing to build for Pointers
Info: Nothing to build for sizeof
Info: Nothing to build for Arithmetic_Operations
20:08:31 **** Incremental Build of configuration Debug for project Arithmetic_Operations ****
Info: Internal Builder is used for build
gcc -O0 -g3 -Wall -c -fmessage-length=0 -o Arithmetic_Operations.o "..\\Arithmetic_Operations.c" 
..\Arithmetic_Operations.c: In function 'main':
..\Arithmetic_Operations.c:20:14: warning: initialization of 'char *' from incompatible pointer type 'int *' [-Wincompatible-pointer-types]
   20 |  char *PTR = arr;
      |              ^~~
..\Arithmetic_Operations.c:19:7: warning: unused variable 'ptr' [-Wunused-variable]
   19 |  int *ptr = arr;
      |       ^~~
gcc -o Arithmetic_Operations.exe Arithmetic_Operations.o 
Info: Nothing to build for Exercises
Info: Nothing to build for Pass_By_Reference
Info: Nothing to build for Pass_By_Value
Info: Nothing to build for Pointers
Info: Nothing to build for sizeof
Info: Nothing to build for Arithmetic_Operations
20:08:57 **** Incremental Build of configuration Debug for project Arithmetic_Operations ****
Info: Internal Builder is used for build
gcc -O0 -g3 -Wall -c -fmessage-length=0 -o Arithmetic_Operations.o "..\\Arithmetic_Operations.c" 
..\Arithmetic_Operations.c: In function 'main':
..\Arithmetic_Operations.c:20:14: warning: initialization of 'char *' from incompatible pointer type 'int *' [-Wincompatible-pointer-types]
   20 |  char *PTR = arr;
      |              ^~~
..\Arithmetic_Operations.c:19:7: warning: unused variable 'ptr' [-Wunused-variable]
   19 |  int *ptr = arr;
      |       ^~~
gcc -o Arithmetic_Operations.exe Arithmetic_Operations.o 
Info: Nothing to build for Exercises
Info: Nothing to build for Pass_By_Reference
Info: Nothing to build for Pass_By_Value
Info: Nothing to build for Pointers
Info: Nothing to build for sizeof
Info: Nothing to build for Arithmetic_Operations
20:10:17 **** Incremental Build of configuration Debug for project Arithmetic_Operations ****
Info: Internal Builder is used for build
gcc -O0 -g3 -Wall -c -fmessage-length=0 -o Arithmetic_Operations.o "..\\Arithmetic_Operations.c" 
..\Arithmetic_Operations.c: In function 'main':
..\Arithmetic_Operations.c:20:14: warning: initialization of 'char *' from incompatible pointer type 'int *' [-Wincompatible-pointer-types]
   20 |  char *PTR = arr;
      |              ^~~
..\Arithmetic_Operations.c:19:7: warning: unused variable 'ptr' [-Wunused-variable]
   19 |  int *ptr = arr;
      |       ^~~
gcc -o Arithmetic_Operations.exe Arithmetic_Operations.o 
Info: Nothing to build for Exercises
Info: Nothing to build for Pass_By_Reference
Info: Nothing to build for Pass_By_Value
Info: Nothing to build for Pointers
Info: Nothing to build for sizeof
Info: Nothing to build for Arithmetic_Operations
20:10:46 **** Incremental Build of configuration Debug for project Arithmetic_Operations ****
Info: Internal Builder is used for build
gcc -O0 -g3 -Wall -c -fmessage-length=0 -o Arithmetic_Operations.o "..\\Arithmetic_Operations.c" 
..\Arithmetic_Operations.c: In function 'main':
..\Arithmetic_Operations.c:20:14: warning: initialization of 'char *' from incompatible pointer type 'int *' [-Wincompatible-pointer-types]
   20 |  char *PTR = arr;
      |              ^~~
..\Arithmetic_Operations.c:19:7: warning: unused variable 'ptr' [-Wunused-variable]
   19 |  int *ptr = arr;
      |       ^~~
gcc -o Arithmetic_Operations.exe Arithmetic_Operations.o 
Info: Nothing to build for Exercises
Info: Nothing to build for Pass_By_Reference
Info: Nothing to build for Pass_By_Value
Info: Nothing to build for Pointers
Info: Nothing to build for sizeof
Info: Nothing to build for Arithmetic_Operations
21:07:51 **** Incremental Build of configuration Debug for project Arithmetic_Operations ****
Info: Internal Builder is used for build
gcc -O0 -g3 -Wall -c -fmessage-length=0 -o Arithmetic_Operations.o "..\\Arithmetic_Operations.c" 
..\Arithmetic_Operations.c: In function 'main':
..\Arithmetic_Operations.c:20:14: warning: initialization of 'char *' from incompatible pointer type 'int *' [-Wincompatible-pointer-types]
   20 |  char *PTR = arr;
      |              ^~~
..\Arithmetic_Operations.c:19:7: warning: unused variable 'ptr' [-Wunused-variable]
   19 |  int *ptr = arr;
      |       ^~~
gcc -o Arithmetic_Operations.exe Arithmetic_Operations.o 
Info: Nothing to build for Exercises
Info: Nothing to build for Pass_By_Reference
Info: Nothing to build for Pass_By_Value
Info: Nothing to build for Pointers
Info: Nothing to build for sizeof
Info: Nothing to build for Arithmetic_Operations
21:08:12 **** Incremental Build of configuration Debug for project Arithmetic_Operations ****
Info: Internal Builder is used for build
gcc -O0 -g3 -Wall -c -fmessage-length=0 -o Arithmetic_Operations.o "..\\Arithmetic_Operations.c" 
..\Arithmetic_Operations.c: In function 'main':
..\Arithmetic_Operations.c:20:14: warning: initialization of 'char *' from incompatible pointer type 'int *' [-Wincompatible-pointer-types]
   20 |  char *PTR = arr;
      |              ^~~
..\Arithmetic_Operations.c:19:7: warning: unused variable 'ptr' [-Wunused-variable]
   19 |  int *ptr = arr;
      |       ^~~
gcc -o Arithmetic_Operations.exe Arithmetic_Operations.o 
Info: Nothing to build for Exercises
Info: Nothing to build for Pass_By_Reference
Info: Nothing to build for Pass_By_Value
Info: Nothing to build for Pointers
Info: Nothing to build for sizeof
Info: Nothing to build for Arithmetic_Operations
21:16:46 **** Incremental Build of configuration Debug for project Arithmetic_Operations ****
Info: Internal Builder is used for build
gcc -O0 -g3 -Wall -c -fmessage-length=0 -o Arithmetic_Operations.o "..\\Arithmetic_Operations.c" 
..\Arithmetic_Operations.c: In function 'main':
..\Arithmetic_Operations.c:20:14: warning: initialization of 'char *' from incompatible pointer type 'int *' [-Wincompatible-pointer-types]
   20 |  char *PTR = arr;
      |              ^~~
..\Arithmetic_Operations.c:19:7: warning: unused variable 'ptr' [-Wunused-variable]
   19 |  int *ptr = arr;
      |       ^~~
gcc -o Arithmetic_Operations.exe Arithmetic_Operations.o 
Info: Nothing to build for Exercises
Info: Nothing to build for Pass_By_Reference
Info: Nothing to build for Pass_By_Value
Info: Nothing to build for Pointers
Info: Nothing to build for sizeof
Info: Nothing to build for Arithmetic_Operations
21:17:28 **** Incremental Build of configuration Debug for project Arithmetic_Operations ****
Info: Internal Builder is used for build
gcc -O0 -g3 -Wall -c -fmessage-length=0 -o Arithmetic_Operations.o "..\\Arithmetic_Operations.c" 
..\Arithmetic_Operations.c: In function 'main':
..\Arithmetic_Operations.c:20:14: warning: initialization of 'char *' from incompatible pointer type 'int *' [-Wincompatible-pointer-types]
   20 |  char *PTR = arr;
      |              ^~~
..\Arithmetic_Operations.c:19:7: warning: unused variable 'ptr' [-Wunused-variable]
   19 |  int *ptr = arr;
      |       ^~~
gcc -o Arithmetic_Operations.exe Arithmetic_Operations.o 
Info: Nothing to build for Exercises
Info: Nothing to build for Pass_By_Reference
Info: Nothing to build for Pass_By_Value
Info: Nothing to build for Pointers
Info: Nothing to build for sizeof
Info: Nothing to build for Arithmetic_Operations
21:17:46 **** Incremental Build of configuration Debug for project Arithmetic_Operations ****
Info: Internal Builder is used for build
gcc -O0 -g3 -Wall -c -fmessage-length=0 -o Arithmetic_Operations.o "..\\Arithmetic_Operations.c" 
..\Arithmetic_Operations.c: In function 'main':
..\Arithmetic_Operations.c:20:14: warning: initialization of 'char *' from incompatible pointer type 'int *' [-Wincompatible-pointer-types]
   20 |  char *PTR = arr;
      |              ^~~
..\Arithmetic_Operations.c:19:7: warning: unused variable 'ptr' [-Wunused-variable]
   19 |  int *ptr = arr;
      |       ^~~
gcc -o Arithmetic_Operations.exe Arithmetic_Operations.o 
Info: Nothing to build for Exercises
Info: Nothing to build for Pass_By_Reference
Info: Nothing to build for Pass_By_Value
Info: Nothing to build for Pointers
Info: Nothing to build for sizeof
Info: Nothing to build for Arithmetic_Operations
21:18:14 **** Incremental Build of configuration Debug for project Arithmetic_Operations ****
Info: Internal Builder is used for build
gcc -O0 -g3 -Wall -c -fmessage-length=0 -o Arithmetic_Operations.o "..\\Arithmetic_Operations.c" 
..\Arithmetic_Operations.c: In function 'main':
..\Arithmetic_Operations.c:20:14: warning: initialization of 'char *' from incompatible pointer type 'int *' [-Wincompatible-pointer-types]
   20 |  char *PTR = arr;
      |              ^~~
gcc -o Arithmetic_Operations.exe Arithmetic_Operations.o 
Info: Nothing to build for Exercises
Info: Nothing to build for Pass_By_Reference
Info: Nothing to build for Pass_By_Value
Info: Nothing to build for Pointers
Info: Nothing to build for sizeof
Info: Nothing to build for Arithmetic_Operations
21:21:45 **** Incremental Build of configuration Debug for project Arithmetic_Operations ****
Info: Internal Builder is used for build
gcc -O0 -g3 -Wall -c -fmessage-length=0 -o Arithmetic_Operations.o "..\\Arithmetic_Operations.c" 
..\Arithmetic_Operations.c: In function 'main':
..\Arithmetic_Operations.c:20:14: warning: initialization of 'char *' from incompatible pointer type 'int *' [-Wincompatible-pointer-types]
   20 |  char *PTR = arr;
      |              ^~~
gcc -o Arithmetic_Operations.exe Arithmetic_Operations.o 
Info: Nothing to build for Exercises
Info: Nothing to build for Pass_By_Reference
Info: Nothing to build for Pass_By_Value
Info: Nothing to build for Pointers
Info: Nothing to build for sizeof
Info: Nothing to build for Arithmetic_Operations
21:22:19 **** Incremental Build of configuration Debug for project Arithmetic_Operations ****
Info: Internal Builder is used for build
gcc -O0 -g3 -Wall -c -fmessage-length=0 -o Arithmetic_Operations.o "..\\Arithmetic_Operations.c" 
..\Arithmetic_Operations.c: In function 'main':
..\Arithmetic_Operations.c:20:14: warning: initialization of 'char *' from incompatible pointer type 'int *' [-Wincompatible-pointer-types]
   20 |  char *PTR = arr;
      |              ^~~
gcc -o Arithmetic_Operations.exe Arithmetic_Operations.o 
Info: Nothing to build for Exercises
Info: Nothing to build for Pass_By_Reference
Info: Nothing to build for Pass_By_Value
Info: Nothing to build for Pointers
Info: Nothing to build for sizeof
Info: Nothing to build for Arithmetic_Operations
21:22:56 **** Incremental Build of configuration Debug for project Arithmetic_Operations ****
Info: Internal Builder is used for build
gcc -O0 -g3 -Wall -c -fmessage-length=0 -o Arithmetic_Operations.o "..\\Arithmetic_Operations.c" 
..\Arithmetic_Operations.c: In function 'main':
..\Arithmetic_Operations.c:20:14: warning: initialization of 'char *' from incompatible pointer type 'int *' [-Wincompatible-pointer-types]
   20 |  char *PTR = arr;
      |              ^~~
gcc -o Arithmetic_Operations.exe Arithmetic_Operations.o 
Info: Nothing to build for Exercises
Info: Nothing to build for Pass_By_Reference
Info: Nothing to build for Pass_By_Value
Info: Nothing to build for Pointers
Info: Nothing to build for sizeof
Info: Nothing to build for Arithmetic_Operations
21:24:16 **** Incremental Build of configuration Debug for project Arithmetic_Operations ****
Info: Internal Builder is used for build
gcc -O0 -g3 -Wall -c -fmessage-length=0 -o Arithmetic_Operations.o "..\\Arithmetic_Operations.c" 
..\Arithmetic_Operations.c: In function 'main':
..\Arithmetic_Operations.c:20:14: warning: initialization of 'char *' from incompatible pointer type 'int *' [-Wincompatible-pointer-types]
   20 |  char *PTR = arr;
      |              ^~~
gcc -o Arithmetic_Operations.exe Arithmetic_Operations.o 
Info: Nothing to build for Exercises
Info: Nothing to build for Pass_By_Reference
Info: Nothing to build for Pass_By_Value
Info: Nothing to build for Pointers
Info: Nothing to build for sizeof
Info: Nothing to build for Arithmetic_Operations
21:24:38 **** Incremental Build of configuration Debug for project Arithmetic_Operations ****
Info: Internal Builder is used for build
gcc -O0 -g3 -Wall -c -fmessage-length=0 -o Arithmetic_Operations.o "..\\Arithmetic_Operations.c" 
..\Arithmetic_Operations.c: In function 'main':
..\Arithmetic_Operations.c:20:14: warning: initialization of 'char *' from incompatible pointer type 'int *' [-Wincompatible-pointer-types]
   20 |  char *PTR = arr;
      |              ^~~
gcc -o Arithmetic_Operations.exe Arithmetic_Operations.o 
Info: Nothing to build for Exercises
Info: Nothing to build for Pass_By_Reference
Info: Nothing to build for Pass_By_Value
Info: Nothing to build for Pointers
Info: Nothing to build for sizeof
Info: Nothing to build for Arithmetic_Operations
22:21:27 **** Incremental Build of configuration Debug for project Arithmetic_Operations ****
Info: Internal Builder is used for build
gcc -O0 -g3 -Wall -c -fmessage-length=0 -o Arithmetic_Operations.o "..\\Arithmetic_Operations.c" 
..\Arithmetic_Operations.c: In function 'main':
..\Arithmetic_Operations.c:20:14: warning: initialization of 'char *' from incompatible pointer type 'int *' [-Wincompatible-pointer-types]
   20 |  char *PTR = arr;
      |              ^~~
gcc -o Arithmetic_Operations.exe Arithmetic_Operations.o 
Info: Nothing to build for Exercises
Info: Nothing to build for Pass_By_Reference
Info: Nothing to build for Pass_By_Value
Info: Nothing to build for Pointers
Info: Nothing to build for sizeof
Info: Nothing to build for Arithmetic_Operations
22:25:19 **** Incremental Build of configuration Debug for project Arithmetic_Operations ****
Info: Internal Builder is used for build
gcc -O0 -g3 -Wall -c -fmessage-length=0 -o Arithmetic_Operations.o "..\\Arithmetic_Operations.c" 
..\Arithmetic_Operations.c: In function 'main':
..\Arithmetic_Operations.c:18:14: warning: initialization of 'char *' from incompatible pointer type 'int *' [-Wincompatible-pointer-types]
   18 |  char *PTR = arr;
      |              ^~~
gcc -o Arithmetic_Operations.exe Arithmetic_Operations.o 
Info: Nothing to build for Exercises
Info: Nothing to build for Pass_By_Reference
Info: Nothing to build for Pass_By_Value
Info: Nothing to build for Pointers
Info: Nothing to build for sizeof
Info: Nothing to build for Arithmetic_Operations
22:25:54 **** Incremental Build of configuration Debug for project Arithmetic_Operations ****
Info: Internal Builder is used for build
gcc -O0 -g3 -Wall -c -fmessage-length=0 -o Arithmetic_Operations.o "..\\Arithmetic_Operations.c" 
..\Arithmetic_Operations.c: In function 'main':
..\Arithmetic_Operations.c:18:14: warning: initialization of 'char *' from incompatible pointer type 'int *' [-Wincompatible-pointer-types]
   18 |  char *PTR = arr;
      |              ^~~
gcc -o Arithmetic_Operations.exe Arithmetic_Operations.o 
Info: Nothing to build for Exercises
Info: Nothing to build for Pass_By_Reference
Info: Nothing to build for Pass_By_Value
Info: Nothing to build for Pointers
Info: Nothing to build for sizeof
Info: Nothing to build for Arithmetic_Operations
22:27:18 **** Incremental Build of configuration Debug for project Arithmetic_Operations ****
Info: Internal Builder is used for build
gcc -O0 -g3 -Wall -c -fmessage-length=0 -o Arithmetic_Operations.o "..\\Arithmetic_Operations.c" 
..\Arithmetic_Operations.c: In function 'main':
..\Arithmetic_Operations.c:18:14: warning: initialization of 'char *' from incompatible pointer type 'int *' [-Wincompatible-pointer-types]
   18 |  char *PTR = arr;
      |              ^~~
gcc -o Arithmetic_Operations.exe Arithmetic_Operations.o 
Info: Nothing to build for Exercises
Info: Nothing to build for Pass_By_Reference
Info: Nothing to build for Pass_By_Value
Info: Nothing to build for Pointers
Info: Nothing to build for sizeof
22:29:00 **** Incremental Build of configuration Debug for project Arithmetic_Operations ****
Info: Internal Builder is used for build
gcc -O0 -g3 -Wall -c -fmessage-length=0 -o Arithmetic_Operations.o "..\\Arithmetic_Operations.c" 
..\Arithmetic_Operations.c: In function 'main':
..\Arithmetic_Operations.c:18:14: warning: initialization of 'char *' from incompatible pointer type 'int *' [-Wincompatible-pointer-types]
   18 |  char *PTR = arr;
      |              ^~~
gcc -o Arithmetic_Operations.exe Arithmetic_Operations.o 
Info: Nothing to build for Exercises
Info: Nothing to build for Pass_By_Reference
Info: Nothing to build for Pass_By_Value
Info: Nothing to build for Pointers
Info: Nothing to build for sizeof
Info: Nothing to build for Arithmetic_Operations
22:31:24 **** Incremental Build of configuration Debug for project Arithmetic_Operations ****
Info: Internal Builder is used for build
gcc -O0 -g3 -Wall -c -fmessage-length=0 -o Arithmetic_Operations.o "..\\Arithmetic_Operations.c" 
..\Arithmetic_Operations.c: In function 'main':
..\Arithmetic_Operations.c:18:14: warning: initialization of 'char *' from incompatible pointer type 'int *' [-Wincompatible-pointer-types]
   18 |  char *PTR = arr;
      |              ^~~
..\Arithmetic_Operations.c:17:7: warning: unused variable 'ptr' [-Wunused-variable]
   17 |  int *ptr = arr;
      |       ^~~
gcc -o Arithmetic_Operations.exe Arithmetic_Operations.o 
Info: Nothing to build for Exercises
Info: Nothing to build for Pass_By_Reference
Info: Nothing to build for Pass_By_Value
Info: Nothing to build for Pointers
Info: Nothing to build for sizeof
Info: Nothing to build for Arithmetic_Operations
22:32:31 **** Incremental Build of configuration Debug for project Arithmetic_Operations ****
Info: Internal Builder is used for build
gcc -O0 -g3 -Wall -c -fmessage-length=0 -o Arithmetic_Operations.o "..\\Arithmetic_Operations.c" 
..\Arithmetic_Operations.c: In function 'main':
..\Arithmetic_Operations.c:18:14: warning: initialization of 'char *' from incompatible pointer type 'int *' [-Wincompatible-pointer-types]
   18 |  char *PTR = arr;
      |              ^~~
..\Arithmetic_Operations.c:17:7: warning: unused variable 'ptr' [-Wunused-variable]
   17 |  int *ptr = arr;
      |       ^~~
gcc -o Arithmetic_Operations.exe Arithmetic_Operations.o 
Info: Nothing to build for Exercises
Info: Nothing to build for Pass_By_Reference
Info: Nothing to build for Pass_By_Value
Info: Nothing to build for Pointers
Info: Nothing to build for sizeof
Info: Nothing to build for Arithmetic_Operations
22:33:13 **** Incremental Build of configuration Debug for project Arithmetic_Operations ****
Info: Internal Builder is used for build
gcc -O0 -g3 -Wall -c -fmessage-length=0 -o Arithmetic_Operations.o "..\\Arithmetic_Operations.c" 
..\Arithmetic_Operations.c: In function 'main':
..\Arithmetic_Operations.c:18:14: warning: initialization of 'char *' from incompatible pointer type 'int *' [-Wincompatible-pointer-types]
   18 |  char *PTR = arr;
      |              ^~~
..\Arithmetic_Operations.c:17:7: warning: unused variable 'ptr' [-Wunused-variable]
   17 |  int *ptr = arr;
      |       ^~~
gcc -o Arithmetic_Operations.exe Arithmetic_Operations.o 
Info: Nothing to build for Exercises
Info: Nothing to build for Pass_By_Reference
Info: Nothing to build for Pass_By_Value
Info: Nothing to build for Pointers
Info: Nothing to build for sizeof
Info: Nothing to build for Arithmetic_Operations
22:33:37 **** Incremental Build of configuration Debug for project Arithmetic_Operations ****
Info: Internal Builder is used for build
gcc -O0 -g3 -Wall -c -fmessage-length=0 -o Arithmetic_Operations.o "..\\Arithmetic_Operations.c" 
..\Arithmetic_Operations.c: In function 'main':
..\Arithmetic_Operations.c:18:14: warning: initialization of 'char *' from incompatible pointer type 'int *' [-Wincompatible-pointer-types]
   18 |  char *PTR = arr;
      |              ^~~
..\Arithmetic_Operations.c:17:7: warning: unused variable 'ptr' [-Wunused-variable]
   17 |  int *ptr = arr;
      |       ^~~
gcc -o Arithmetic_Operations.exe Arithmetic_Operations.o 
Info: Nothing to build for Exercises
Info: Nothing to build for Pass_By_Reference
Info: Nothing to build for Pass_By_Value
Info: Nothing to build for Pointers
Info: Nothing to build for sizeof
Info: Nothing to build for Arithmetic_Operations
22:34:13 **** Incremental Build of configuration Debug for project Arithmetic_Operations ****
Info: Internal Builder is used for build
gcc -O0 -g3 -Wall -c -fmessage-length=0 -o Arithmetic_Operations.o "..\\Arithmetic_Operations.c" 
..\Arithmetic_Operations.c: In function 'main':
..\Arithmetic_Operations.c:18:14: warning: initialization of 'char *' from incompatible pointer type 'int *' [-Wincompatible-pointer-types]
   18 |  char *PTR = arr;
      |              ^~~
..\Arithmetic_Operations.c:17:7: warning: unused variable 'ptr' [-Wunused-variable]
   17 |  int *ptr = arr;
      |       ^~~
gcc -o Arithmetic_Operations.exe Arithmetic_Operations.o 
Info: Nothing to build for Exercises
Info: Nothing to build for Pass_By_Reference
Info: Nothing to build for Pass_By_Value
Info: Nothing to build for Pointers
Info: Nothing to build for sizeof
Info: Nothing to build for Arithmetic_Operations
22:35:00 **** Incremental Build of configuration Debug for project Arithmetic_Operations ****
Info: Internal Builder is used for build
gcc -O0 -g3 -Wall -c -fmessage-length=0 -o Arithmetic_Operations.o "..\\Arithmetic_Operations.c" 
..\Arithmetic_Operations.c: In function 'main':
..\Arithmetic_Operations.c:18:14: warning: initialization of 'char *' from incompatible pointer type 'int *' [-Wincompatible-pointer-types]
   18 |  char *PTR = arr;
      |              ^~~
..\Arithmetic_Operations.c:17:7: warning: unused variable 'ptr' [-Wunused-variable]
   17 |  int *ptr = arr;
      |       ^~~
gcc -o Arithmetic_Operations.exe Arithmetic_Operations.o 
Info: Nothing to build for Exercises
Info: Nothing to build for Pass_By_Reference
Info: Nothing to build for Pass_By_Value
Info: Nothing to build for Pointers
Info: Nothing to build for sizeof
Info: Nothing to build for Arithmetic_Operations
22:35:21 **** Incremental Build of configuration Debug for project Arithmetic_Operations ****
Info: Internal Builder is used for build
gcc -O0 -g3 -Wall -c -fmessage-length=0 -o Arithmetic_Operations.o "..\\Arithmetic_Operations.c" 
..\Arithmetic_Operations.c: In function 'main':
..\Arithmetic_Operations.c:18:14: warning: initialization of 'char *' from incompatible pointer type 'int *' [-Wincompatible-pointer-types]
   18 |  char *PTR = arr;
      |              ^~~
..\Arithmetic_Operations.c:17:7: warning: unused variable 'ptr' [-Wunused-variable]
   17 |  int *ptr = arr;
      |       ^~~
gcc -o Arithmetic_Operations.exe Arithmetic_Operations.o 
Info: Nothing to build for Exercises
Info: Nothing to build for Pass_By_Reference
Info: Nothing to build for Pass_By_Value
Info: Nothing to build for Pointers
Info: Nothing to build for sizeof
Info: Nothing to build for Arithmetic_Operations
22:36:06 **** Incremental Build of configuration Debug for project Arithmetic_Operations ****
Info: Internal Builder is used for build
gcc -O0 -g3 -Wall -c -fmessage-length=0 -o Arithmetic_Operations.o "..\\Arithmetic_Operations.c" 
..\Arithmetic_Operations.c: In function 'main':
..\Arithmetic_Operations.c:18:14: warning: initialization of 'char *' from incompatible pointer type 'int *' [-Wincompatible-pointer-types]
   18 |  char *PTR = arr;
      |              ^~~
..\Arithmetic_Operations.c:17:7: warning: unused variable 'ptr' [-Wunused-variable]
   17 |  int *ptr = arr;
      |       ^~~
gcc -o Arithmetic_Operations.exe Arithmetic_Operations.o 
Info: Nothing to build for Exercises
Info: Nothing to build for Pass_By_Reference
Info: Nothing to build for Pass_By_Value
Info: Nothing to build for Pointers
Info: Nothing to build for sizeof
Info: Nothing to build for Arithmetic_Operations
22:38:31 **** Incremental Build of configuration Debug for project Arithmetic_Operations ****
Info: Internal Builder is used for build
gcc -O0 -g3 -Wall -c -fmessage-length=0 -o Arithmetic_Operations.o "..\\Arithmetic_Operations.c" 
..\Arithmetic_Operations.c: In function 'main':
..\Arithmetic_Operations.c:18:14: warning: initialization of 'char *' from incompatible pointer type 'int *' [-Wincompatible-pointer-types]
   18 |  char *PTR = arr;
      |              ^~~
..\Arithmetic_Operations.c:17:7: warning: unused variable 'ptr' [-Wunused-variable]
   17 |  int *ptr = arr;
      |       ^~~
gcc -o Arithmetic_Operations.exe Arithmetic_Operations.o 
22:39:02 **** Incremental Build of configuration Debug for project Arithmetic_Operations ****
Info: Internal Builder is used for build
gcc -O0 -g3 -Wall -c -fmessage-length=0 -o Arithmetic_Operations.o "..\\Arithmetic_Operations.c" 
..\Arithmetic_Operations.c: In function 'main':
..\Arithmetic_Operations.c:18:14: warning: initialization of 'char *' from incompatible pointer type 'int *' [-Wincompatible-pointer-types]
   18 |  char *PTR = arr;
      |              ^~~
..\Arithmetic_Operations.c:17:7: warning: unused variable 'ptr' [-Wunused-variable]
   17 |  int *ptr = arr;
      |       ^~~
gcc -o Arithmetic_Operations.exe Arithmetic_Operations.o 
Info: Nothing to build for Exercises
Info: Nothing to build for Pass_By_Reference
Info: Nothing to build for Pass_By_Value
Info: Nothing to build for Pointers
Info: Nothing to build for sizeof
Info: Nothing to build for Arithmetic_Operations
22:39:15 **** Incremental Build of configuration Debug for project Arithmetic_Operations ****
Info: Internal Builder is used for build
gcc -O0 -g3 -Wall -c -fmessage-length=0 -o Arithmetic_Operations.o "..\\Arithmetic_Operations.c" 
..\Arithmetic_Operations.c: In function 'main':
..\Arithmetic_Operations.c:18:14: warning: initialization of 'char *' from incompatible pointer type 'int *' [-Wincompatible-pointer-types]
   18 |  char *PTR = arr;
      |              ^~~
..\Arithmetic_Operations.c:17:7: warning: unused variable 'ptr' [-Wunused-variable]
   17 |  int *ptr = arr;
      |       ^~~
gcc -o Arithmetic_Operations.exe Arithmetic_Operations.o 
Info: Nothing to build for Exercises
Info: Nothing to build for Pass_By_Reference
Info: Nothing to build for Pass_By_Value
Info: Nothing to build for Pointers
Info: Nothing to build for sizeof
Info: Nothing to build for Arithmetic_Operations
08:50:53 **** Rebuild of configuration Debug for project Abram_EX1 ****
Info: Internal Builder is used for build
gcc -O0 -g3 -Wall -c -fmessage-length=0 -o Abram_EX1.o "..\\Abram_EX1.c" 
gcc -o Abram_EX1.exe Abram_EX1.o 
c:/mingw/bin/../lib/gcc/mingw32/9.2.0/../../../../mingw32/bin/ld.exe: c:/mingw/bin/../lib/gcc/mingw32/9.2.0/../../../libmingw32.a(main.o):(.text.startup+0xc0): undefined reference to `WinMain@16'
collect2.exe: error: ld returned 1 exit status
08:50:54 **** Incremental Build of configuration Debug for project Arithmetic_Operations ****
Info: Internal Builder is used for build
gcc -O0 -g3 -Wall -c -fmessage-length=0 -o Arithmetic_Operations.o "..\\Arithmetic_Operations.c" 
..\Arithmetic_Operations.c: In function 'main':
..\Arithmetic_Operations.c:18:14: warning: initialization of 'char *' from incompatible pointer type 'int *' [-Wincompatible-pointer-types]
   18 |  char *PTR = arr;
      |              ^~~
..\Arithmetic_Operations.c:44:6: error: redefinition of 'arr'
   44 |  int arr[] = {1,2,3};
      |      ^~~
..\Arithmetic_Operations.c:16:6: note: previous definition of 'arr' was here
   16 |  int arr[3] = {301,1,1};
      |      ^~~
..\Arithmetic_Operations.c:17:7: warning: unused variable 'ptr' [-Wunused-variable]
   17 |  int *ptr = arr;
      |       ^~~
Info: Nothing to build for Exercises
Info: Nothing to build for Pass_By_Reference
Info: Nothing to build for Pass_By_Value
Info: Nothing to build for Pointers
Info: Nothing to build for sizeof
08:52:12 **** Incremental Build of configuration Debug for project Abram_EX1 ****
Info: Internal Builder is used for build
gcc -O0 -g3 -Wall -c -fmessage-length=0 -o Abram_EX1.o "..\\Abram_EX1.c" 
..\Abram_EX1.c: In function 'main':
..\Abram_EX1.c:20:30: warning: array subscript has type 'char' [-Wchar-subscripts]
   20 |         scanf("%d", &user_arr[i]);
      |                              ^
..\Abram_EX1.c:20:17: warning: format '%d' expects argument of type 'int *', but argument 2 has type 'char *' [-Wformat=]
   20 |         scanf("%d", &user_arr[i]);
      |                ~^   ~~~~~~~~~~~~
      |                 |   |
      |                 |   char *
      |                 int *
      |                %c
..\Abram_EX1.c:24:19: warning: array subscript has type 'char' [-Wchar-subscripts]
   24 |         if (my_arr[i] != user_arr[i])
      |                   ^
..\Abram_EX1.c:24:34: warning: array subscript has type 'char' [-Wchar-subscripts]
   24 |         if (my_arr[i] != user_arr[i])
      |                                  ^
gcc -o Abram_EX1.exe Abram_EX1.o 
08:52:12 **** Incremental Build of configuration Debug for project Arithmetic_Operations ****
Info: Internal Builder is used for build
gcc -O0 -g3 -Wall -c -fmessage-length=0 -o Arithmetic_Operations.o "..\\Arithmetic_Operations.c" 
..\Arithmetic_Operations.c: In function 'main':
..\Arithmetic_Operations.c:18:14: warning: initialization of 'char *' from incompatible pointer type 'int *' [-Wincompatible-pointer-types]
   18 |  char *PTR = arr;
      |              ^~~
..\Arithmetic_Operations.c:44:6: error: redefinition of 'arr'
   44 |  int arr[] = {1,2,3};
      |      ^~~
..\Arithmetic_Operations.c:16:6: note: previous definition of 'arr' was here
   16 |  int arr[3] = {301,1,1};
      |      ^~~
..\Arithmetic_Operations.c:17:7: warning: unused variable 'ptr' [-Wunused-variable]
   17 |  int *ptr = arr;
      |       ^~~
Info: Nothing to build for Exercises
Info: Nothing to build for Pass_By_Reference
Info: Nothing to build for Pass_By_Value
Info: Nothing to build for Pointers
Info: Nothing to build for sizeof
Info: Nothing to build for Abram_EX1
Info: Nothing to build for Abram_EX1
09:09:47 **** Incremental Build of configuration Debug for project Arithmetic_Operations ****
Info: Internal Builder is used for build
gcc -O0 -g3 -Wall -c -fmessage-length=0 -o Arithmetic_Operations.o "..\\Arithmetic_Operations.c" 
..\Arithmetic_Operations.c: In function 'main':
..\Arithmetic_Operations.c:18:14: warning: initialization of 'char *' from incompatible pointer type 'int *' [-Wincompatible-pointer-types]
   18 |  char *PTR = arr;
      |              ^~~
..\Arithmetic_Operations.c:44:6: error: redefinition of 'arr'
   44 |  int arr[] = {1,2,3};
      |      ^~~
..\Arithmetic_Operations.c:16:6: note: previous definition of 'arr' was here
   16 |  int arr[3] = {301,1,1};
      |      ^~~
..\Arithmetic_Operations.c:17:7: warning: unused variable 'ptr' [-Wunused-variable]
   17 |  int *ptr = arr;
      |       ^~~
09:09:47 **** Rebuild of configuration Debug for project Defination ****
Info: Internal Builder is used for build
gcc -O0 -g3 -Wall -c -fmessage-length=0 -o Defination.o "..\\Defination.c" 
..\Defination.c: In function 'main':
..\Defination.c:24:11: warning: format '%d' expects argument of type 'int', but argument 2 has type 'int *' [-Wformat=]
   24 |  printf("%d %d", b , a);
      |          ~^      ~
      |           |      |
      |           int    int *
      |          %n
gcc -o Defination.exe Defination.o 
Info: Nothing to build for Exercises
09:09:48 **** Incremental Build of configuration Debug for project Pass_By_Reference ****
Info: Internal Builder is used for build
gcc -O0 -g3 -Wall -c -fmessage-length=0 -o Pass_By_Reference.o "..\\Pass_By_Reference.c" 
gcc -o Pass_By_Reference.exe Pass_By_Reference.o 
09:09:48 **** Incremental Build of configuration Debug for project Pass_By_Value ****
Info: Internal Builder is used for build
gcc -O0 -g3 -Wall -c -fmessage-length=0 -o Pass_By_Value.o "..\\Pass_By_Value.c" 
gcc -o Pass_By_Value.exe Pass_By_Value.o 
Info: Nothing to build for Pointers
09:09:49 **** Incremental Build of configuration Debug for project sizeof ****
Info: Internal Builder is used for build
gcc -O0 -g3 -Wall -c -fmessage-length=0 -o sizeof.o "..\\sizeof.c" 
gcc -o sizeof.exe sizeof.o 
Info: Nothing to build for Defination
Info: Nothing to build for Abram_EX1
09:10:58 **** Incremental Build of configuration Debug for project Arithmetic_Operations ****
Info: Internal Builder is used for build
gcc -O0 -g3 -Wall -c -fmessage-length=0 -o Arithmetic_Operations.o "..\\Arithmetic_Operations.c" 
..\Arithmetic_Operations.c: In function 'main':
..\Arithmetic_Operations.c:18:14: warning: initialization of 'char *' from incompatible pointer type 'int *' [-Wincompatible-pointer-types]
   18 |  char *PTR = arr;
      |              ^~~
..\Arithmetic_Operations.c:44:6: error: redefinition of 'arr'
   44 |  int arr[] = {1,2,3};
      |      ^~~
..\Arithmetic_Operations.c:16:6: note: previous definition of 'arr' was here
   16 |  int arr[3] = {301,1,1};
      |      ^~~
..\Arithmetic_Operations.c:17:7: warning: unused variable 'ptr' [-Wunused-variable]
   17 |  int *ptr = arr;
      |       ^~~
09:10:58 **** Incremental Build of configuration Debug for project Defination ****
Info: Internal Builder is used for build
gcc -O0 -g3 -Wall -c -fmessage-length=0 -o Defination.o "..\\Defination.c" 
gcc -o Defination.exe Defination.o 
Info: Nothing to build for Exercises
Info: Nothing to build for Pass_By_Reference
Info: Nothing to build for Pass_By_Value
Info: Nothing to build for Pointers
Info: Nothing to build for sizeof
Info: Nothing to build for Defination
Info: Nothing to build for Defination
Info: Nothing to build for Defination
Info: Nothing to build for Abram_EX1
09:11:24 **** Incremental Build of configuration Debug for project Arithmetic_Operations ****
Info: Internal Builder is used for build
gcc -O0 -g3 -Wall -c -fmessage-length=0 -o Arithmetic_Operations.o "..\\Arithmetic_Operations.c" 
..\Arithmetic_Operations.c: In function 'main':
..\Arithmetic_Operations.c:18:14: warning: initialization of 'char *' from incompatible pointer type 'int *' [-Wincompatible-pointer-types]
   18 |  char *PTR = arr;
      |              ^~~
..\Arithmetic_Operations.c:44:6: error: redefinition of 'arr'
   44 |  int arr[] = {1,2,3};
      |      ^~~
..\Arithmetic_Operations.c:16:6: note: previous definition of 'arr' was here
   16 |  int arr[3] = {301,1,1};
      |      ^~~
..\Arithmetic_Operations.c:17:7: warning: unused variable 'ptr' [-Wunused-variable]
   17 |  int *ptr = arr;
      |       ^~~
09:11:25 **** Incremental Build of configuration Debug for project Defination ****
Info: Internal Builder is used for build
gcc -O0 -g3 -Wall -c -fmessage-length=0 -o Defination.o "..\\Defination.c" 
..\Defination.c: In function 'main':
..\Defination.c:24:2: warning: 'b' is used uninitialized in this function [-Wuninitialized]
   24 |  printf(" %d \n %p \n %p", a , b , &a);
      |  ^~~~~~~~~~~~~~~~~~~~~~~~~~~~~~~~~~~~~
gcc -o Defination.exe Defination.o 
Info: Nothing to build for Exercises
Info: Nothing to build for Pass_By_Reference
Info: Nothing to build for Pass_By_Value
Info: Nothing to build for Pointers
Info: Nothing to build for sizeof
Info: Nothing to build for Defination
Info: Nothing to build for Defination
Info: Nothing to build for Defination
Info: Nothing to build for Defination
Info: Nothing to build for Defination
Info: Nothing to build for Defination
Info: Nothing to build for Defination
Info: Nothing to build for Defination
Info: Nothing to build for Defination
Info: Nothing to build for Defination
Info: Nothing to build for Defination
Info: Nothing to build for Defination
Info: Nothing to build for Abram_EX1
09:11:59 **** Incremental Build of configuration Debug for project Arithmetic_Operations ****
Info: Internal Builder is used for build
gcc -O0 -g3 -Wall -c -fmessage-length=0 -o Arithmetic_Operations.o "..\\Arithmetic_Operations.c" 
..\Arithmetic_Operations.c: In function 'main':
..\Arithmetic_Operations.c:18:14: warning: initialization of 'char *' from incompatible pointer type 'int *' [-Wincompatible-pointer-types]
   18 |  char *PTR = arr;
      |              ^~~
..\Arithmetic_Operations.c:44:6: error: redefinition of 'arr'
   44 |  int arr[] = {1,2,3};
      |      ^~~
..\Arithmetic_Operations.c:16:6: note: previous definition of 'arr' was here
   16 |  int arr[3] = {301,1,1};
      |      ^~~
..\Arithmetic_Operations.c:17:7: warning: unused variable 'ptr' [-Wunused-variable]
   17 |  int *ptr = arr;
      |       ^~~
09:12:00 **** Incremental Build of configuration Debug for project Defination ****
Info: Internal Builder is used for build
gcc -O0 -g3 -Wall -c -fmessage-length=0 -o Defination.o "..\\Defination.c" 
gcc -o Defination.exe Defination.o 
Info: Nothing to build for Exercises
Info: Nothing to build for Pass_By_Reference
Info: Nothing to build for Pass_By_Value
Info: Nothing to build for Pointers
Info: Nothing to build for sizeof
Info: Nothing to build for Abram_EX1
09:15:31 **** Incremental Build of configuration Debug for project Arithmetic_Operations ****
Info: Internal Builder is used for build
gcc -O0 -g3 -Wall -c -fmessage-length=0 -o Arithmetic_Operations.o "..\\Arithmetic_Operations.c" 
..\Arithmetic_Operations.c: In function 'main':
..\Arithmetic_Operations.c:18:14: warning: initialization of 'char *' from incompatible pointer type 'int *' [-Wincompatible-pointer-types]
   18 |  char *PTR = arr;
      |              ^~~
..\Arithmetic_Operations.c:44:6: error: redefinition of 'arr'
   44 |  int arr[] = {1,2,3};
      |      ^~~
..\Arithmetic_Operations.c:16:6: note: previous definition of 'arr' was here
   16 |  int arr[3] = {301,1,1};
      |      ^~~
..\Arithmetic_Operations.c:17:7: warning: unused variable 'ptr' [-Wunused-variable]
   17 |  int *ptr = arr;
      |       ^~~
09:15:31 **** Incremental Build of configuration Debug for project Defination ****
Info: Internal Builder is used for build
gcc -O0 -g3 -Wall -c -fmessage-length=0 -o Defination.o "..\\Defination.c" 
..\Defination.c: In function 'main':
..\Defination.c:24:4: warning: assignment to 'int' from 'int *' makes integer from pointer without a cast [-Wint-conversion]
   24 |  b = &a;
      |    ^
gcc -o Defination.exe Defination.o 
Info: Nothing to build for Exercises
Info: Nothing to build for Pass_By_Reference
Info: Nothing to build for Pass_By_Value
Info: Nothing to build for Pointers
Info: Nothing to build for sizeof
Info: Nothing to build for Defination
Info: Nothing to build for Abram_EX1
09:17:58 **** Incremental Build of configuration Debug for project Arithmetic_Operations ****
Info: Internal Builder is used for build
gcc -O0 -g3 -Wall -c -fmessage-length=0 -o Arithmetic_Operations.o "..\\Arithmetic_Operations.c" 
..\Arithmetic_Operations.c: In function 'main':
..\Arithmetic_Operations.c:18:14: warning: initialization of 'char *' from incompatible pointer type 'int *' [-Wincompatible-pointer-types]
   18 |  char *PTR = arr;
      |              ^~~
..\Arithmetic_Operations.c:44:6: error: redefinition of 'arr'
   44 |  int arr[] = {1,2,3};
      |      ^~~
..\Arithmetic_Operations.c:16:6: note: previous definition of 'arr' was here
   16 |  int arr[3] = {301,1,1};
      |      ^~~
..\Arithmetic_Operations.c:17:7: warning: unused variable 'ptr' [-Wunused-variable]
   17 |  int *ptr = arr;
      |       ^~~
09:17:58 **** Incremental Build of configuration Debug for project Defination ****
Info: Internal Builder is used for build
gcc -O0 -g3 -Wall -c -fmessage-length=0 -o Defination.o "..\\Defination.c" 
..\Defination.c: In function 'main':
..\Defination.c:21:25: warning: format '%d' expects argument of type 'int', but argument 2 has type 'int *' [-Wformat=]
   21 |  printf("Address of a: %d", &a);
      |                        ~^   ~~
      |                         |   |
      |                         int int *
      |                        %n
gcc -o Defination.exe Defination.o 
Info: Nothing to build for Exercises
Info: Nothing to build for Pass_By_Reference
Info: Nothing to build for Pass_By_Value
Info: Nothing to build for Pointers
Info: Nothing to build for sizeof
Info: Nothing to build for Defination
Info: Nothing to build for Abram_EX1
09:18:18 **** Incremental Build of configuration Debug for project Arithmetic_Operations ****
Info: Internal Builder is used for build
gcc -O0 -g3 -Wall -c -fmessage-length=0 -o Arithmetic_Operations.o "..\\Arithmetic_Operations.c" 
..\Arithmetic_Operations.c: In function 'main':
..\Arithmetic_Operations.c:18:14: warning: initialization of 'char *' from incompatible pointer type 'int *' [-Wincompatible-pointer-types]
   18 |  char *PTR = arr;
      |              ^~~
..\Arithmetic_Operations.c:44:6: error: redefinition of 'arr'
   44 |  int arr[] = {1,2,3};
      |      ^~~
..\Arithmetic_Operations.c:16:6: note: previous definition of 'arr' was here
   16 |  int arr[3] = {301,1,1};
      |      ^~~
..\Arithmetic_Operations.c:17:7: warning: unused variable 'ptr' [-Wunused-variable]
   17 |  int *ptr = arr;
      |       ^~~
09:18:18 **** Incremental Build of configuration Debug for project Defination ****
Info: Internal Builder is used for build
gcc -O0 -g3 -Wall -c -fmessage-length=0 -o Defination.o "..\\Defination.c" 
gcc -o Defination.exe Defination.o 
Info: Nothing to build for Exercises
Info: Nothing to build for Pass_By_Reference
Info: Nothing to build for Pass_By_Value
Info: Nothing to build for Pointers
Info: Nothing to build for sizeof
Info: Nothing to build for Defination
Info: Nothing to build for Abram_EX1
09:18:39 **** Incremental Build of configuration Debug for project Arithmetic_Operations ****
Info: Internal Builder is used for build
gcc -O0 -g3 -Wall -c -fmessage-length=0 -o Arithmetic_Operations.o "..\\Arithmetic_Operations.c" 
..\Arithmetic_Operations.c: In function 'main':
..\Arithmetic_Operations.c:18:14: warning: initialization of 'char *' from incompatible pointer type 'int *' [-Wincompatible-pointer-types]
   18 |  char *PTR = arr;
      |              ^~~
..\Arithmetic_Operations.c:44:6: error: redefinition of 'arr'
   44 |  int arr[] = {1,2,3};
      |      ^~~
..\Arithmetic_Operations.c:16:6: note: previous definition of 'arr' was here
   16 |  int arr[3] = {301,1,1};
      |      ^~~
..\Arithmetic_Operations.c:17:7: warning: unused variable 'ptr' [-Wunused-variable]
   17 |  int *ptr = arr;
      |       ^~~
09:18:39 **** Incremental Build of configuration Debug for project Defination ****
Info: Internal Builder is used for build
gcc -O0 -g3 -Wall -c -fmessage-length=0 -o Defination.o "..\\Defination.c" 
..\Defination.c: In function 'main':
..\Defination.c:21:25: warning: format '%x' expects argument of type 'unsigned int', but argument 2 has type 'int *' [-Wformat=]
   21 |  printf("Address of a: %x", &a);
      |                        ~^   ~~
      |                         |   |
      |                         |   int *
      |                         unsigned int
      |                        %n
gcc -o Defination.exe Defination.o 
Info: Nothing to build for Exercises
Info: Nothing to build for Pass_By_Reference
Info: Nothing to build for Pass_By_Value
Info: Nothing to build for Pointers
Info: Nothing to build for sizeof
Info: Nothing to build for Defination
Info: Nothing to build for Abram_EX1
09:18:51 **** Incremental Build of configuration Debug for project Arithmetic_Operations ****
Info: Internal Builder is used for build
gcc -O0 -g3 -Wall -c -fmessage-length=0 -o Arithmetic_Operations.o "..\\Arithmetic_Operations.c" 
..\Arithmetic_Operations.c: In function 'main':
..\Arithmetic_Operations.c:18:14: warning: initialization of 'char *' from incompatible pointer type 'int *' [-Wincompatible-pointer-types]
   18 |  char *PTR = arr;
      |              ^~~
..\Arithmetic_Operations.c:44:6: error: redefinition of 'arr'
   44 |  int arr[] = {1,2,3};
      |      ^~~
..\Arithmetic_Operations.c:16:6: note: previous definition of 'arr' was here
   16 |  int arr[3] = {301,1,1};
      |      ^~~
..\Arithmetic_Operations.c:17:7: warning: unused variable 'ptr' [-Wunused-variable]
   17 |  int *ptr = arr;
      |       ^~~
09:18:51 **** Incremental Build of configuration Debug for project Defination ****
Info: Internal Builder is used for build
gcc -O0 -g3 -Wall -c -fmessage-length=0 -o Defination.o "..\\Defination.c" 
gcc -o Defination.exe Defination.o 
Info: Nothing to build for Exercises
Info: Nothing to build for Pass_By_Reference
Info: Nothing to build for Pass_By_Value
Info: Nothing to build for Pointers
Info: Nothing to build for sizeof
Info: Nothing to build for Defination
Info: Nothing to build for Abram_EX1
09:22:26 **** Incremental Build of configuration Debug for project Arithmetic_Operations ****
Info: Internal Builder is used for build
gcc -O0 -g3 -Wall -c -fmessage-length=0 -o Arithmetic_Operations.o "..\\Arithmetic_Operations.c" 
..\Arithmetic_Operations.c: In function 'main':
..\Arithmetic_Operations.c:18:14: warning: initialization of 'char *' from incompatible pointer type 'int *' [-Wincompatible-pointer-types]
   18 |  char *PTR = arr;
      |              ^~~
..\Arithmetic_Operations.c:44:6: error: redefinition of 'arr'
   44 |  int arr[] = {1,2,3};
      |      ^~~
..\Arithmetic_Operations.c:16:6: note: previous definition of 'arr' was here
   16 |  int arr[3] = {301,1,1};
      |      ^~~
..\Arithmetic_Operations.c:17:7: warning: unused variable 'ptr' [-Wunused-variable]
   17 |  int *ptr = arr;
      |       ^~~
09:22:26 **** Incremental Build of configuration Debug for project Defination ****
Info: Internal Builder is used for build
gcc -O0 -g3 -Wall -c -fmessage-length=0 -o Defination.o "..\\Defination.c" 
gcc -o Defination.exe Defination.o 
Info: Nothing to build for Exercises
Info: Nothing to build for Pass_By_Reference
Info: Nothing to build for Pass_By_Value
Info: Nothing to build for Pointers
Info: Nothing to build for sizeof
Info: Nothing to build for Defination
Info: Nothing to build for Abram_EX1
09:22:45 **** Incremental Build of configuration Debug for project Arithmetic_Operations ****
Info: Internal Builder is used for build
gcc -O0 -g3 -Wall -c -fmessage-length=0 -o Arithmetic_Operations.o "..\\Arithmetic_Operations.c" 
..\Arithmetic_Operations.c: In function 'main':
..\Arithmetic_Operations.c:18:14: warning: initialization of 'char *' from incompatible pointer type 'int *' [-Wincompatible-pointer-types]
   18 |  char *PTR = arr;
      |              ^~~
..\Arithmetic_Operations.c:44:6: error: redefinition of 'arr'
   44 |  int arr[] = {1,2,3};
      |      ^~~
..\Arithmetic_Operations.c:16:6: note: previous definition of 'arr' was here
   16 |  int arr[3] = {301,1,1};
      |      ^~~
..\Arithmetic_Operations.c:17:7: warning: unused variable 'ptr' [-Wunused-variable]
   17 |  int *ptr = arr;
      |       ^~~
09:22:46 **** Incremental Build of configuration Debug for project Defination ****
Info: Internal Builder is used for build
gcc -O0 -g3 -Wall -c -fmessage-length=0 -o Defination.o "..\\Defination.c" 
gcc -o Defination.exe Defination.o 
Info: Nothing to build for Exercises
Info: Nothing to build for Pass_By_Reference
Info: Nothing to build for Pass_By_Value
Info: Nothing to build for Pointers
Info: Nothing to build for sizeof
Info: Nothing to build for Defination
Info: Nothing to build for Abram_EX1
09:22:54 **** Incremental Build of configuration Debug for project Arithmetic_Operations ****
Info: Internal Builder is used for build
gcc -O0 -g3 -Wall -c -fmessage-length=0 -o Arithmetic_Operations.o "..\\Arithmetic_Operations.c" 
..\Arithmetic_Operations.c: In function 'main':
..\Arithmetic_Operations.c:18:14: warning: initialization of 'char *' from incompatible pointer type 'int *' [-Wincompatible-pointer-types]
   18 |  char *PTR = arr;
      |              ^~~
..\Arithmetic_Operations.c:44:6: error: redefinition of 'arr'
   44 |  int arr[] = {1,2,3};
      |      ^~~
..\Arithmetic_Operations.c:16:6: note: previous definition of 'arr' was here
   16 |  int arr[3] = {301,1,1};
      |      ^~~
..\Arithmetic_Operations.c:17:7: warning: unused variable 'ptr' [-Wunused-variable]
   17 |  int *ptr = arr;
      |       ^~~
09:22:54 **** Incremental Build of configuration Debug for project Defination ****
Info: Internal Builder is used for build
gcc -O0 -g3 -Wall -c -fmessage-length=0 -o Defination.o "..\\Defination.c" 
gcc -o Defination.exe Defination.o 
Info: Nothing to build for Exercises
Info: Nothing to build for Pass_By_Reference
Info: Nothing to build for Pass_By_Value
Info: Nothing to build for Pointers
Info: Nothing to build for sizeof
Info: Nothing to build for Defination
Info: Nothing to build for Abram_EX1
09:25:32 **** Incremental Build of configuration Debug for project Arithmetic_Operations ****
Info: Internal Builder is used for build
gcc -O0 -g3 -Wall -c -fmessage-length=0 -o Arithmetic_Operations.o "..\\Arithmetic_Operations.c" 
..\Arithmetic_Operations.c: In function 'main':
..\Arithmetic_Operations.c:18:14: warning: initialization of 'char *' from incompatible pointer type 'int *' [-Wincompatible-pointer-types]
   18 |  char *PTR = arr;
      |              ^~~
..\Arithmetic_Operations.c:44:6: error: redefinition of 'arr'
   44 |  int arr[] = {1,2,3};
      |      ^~~
..\Arithmetic_Operations.c:16:6: note: previous definition of 'arr' was here
   16 |  int arr[3] = {301,1,1};
      |      ^~~
..\Arithmetic_Operations.c:17:7: warning: unused variable 'ptr' [-Wunused-variable]
   17 |  int *ptr = arr;
      |       ^~~
09:25:32 **** Rebuild of configuration Debug for project Definition ****
Info: Internal Builder is used for build
gcc -O0 -g3 -Wall -c -fmessage-length=0 -o Definition.o "..\\Definition.c" 
gcc -o Definition.exe Definition.o 
Info: Nothing to build for Exercises
Info: Nothing to build for Pass_By_Reference
Info: Nothing to build for Pass_By_Value
Info: Nothing to build for Pointers
Info: Nothing to build for sizeof
09:29:56 **** Incremental Build of configuration Debug for project Definition ****
Info: Internal Builder is used for build
gcc -O0 -g3 -Wall -c -fmessage-length=0 -o Definition.o "..\\Definition.c" 
gcc -o Definition.exe Definition.o 
Info: Nothing to build for Abram_EX1
09:30:09 **** Incremental Build of configuration Debug for project Arithmetic_Operations ****
Info: Internal Builder is used for build
gcc -O0 -g3 -Wall -c -fmessage-length=0 -o Arithmetic_Operations.o "..\\Arithmetic_Operations.c" 
..\Arithmetic_Operations.c: In function 'main':
..\Arithmetic_Operations.c:18:14: warning: initialization of 'char *' from incompatible pointer type 'int *' [-Wincompatible-pointer-types]
   18 |  char *PTR = arr;
      |              ^~~
..\Arithmetic_Operations.c:44:6: error: redefinition of 'arr'
   44 |  int arr[] = {1,2,3};
      |      ^~~
..\Arithmetic_Operations.c:16:6: note: previous definition of 'arr' was here
   16 |  int arr[3] = {301,1,1};
      |      ^~~
..\Arithmetic_Operations.c:17:7: warning: unused variable 'ptr' [-Wunused-variable]
   17 |  int *ptr = arr;
      |       ^~~
09:30:09 **** Incremental Build of configuration Debug for project Definition ****
Info: Internal Builder is used for build
gcc -O0 -g3 -Wall -c -fmessage-length=0 -o Definition.o "..\\Definition.c" 
gcc -o Definition.exe Definition.o 
Info: Nothing to build for Exercises
Info: Nothing to build for Pass_By_Reference
Info: Nothing to build for Pass_By_Value
Info: Nothing to build for Pointers
Info: Nothing to build for sizeof
Info: Nothing to build for Definition
Info: Nothing to build for Abram_EX1
09:37:43 **** Incremental Build of configuration Debug for project Arithmetic_Operations ****
Info: Internal Builder is used for build
gcc -O0 -g3 -Wall -c -fmessage-length=0 -o Arithmetic_Operations.o "..\\Arithmetic_Operations.c" 
..\Arithmetic_Operations.c: In function 'main':
..\Arithmetic_Operations.c:18:14: warning: initialization of 'char *' from incompatible pointer type 'int *' [-Wincompatible-pointer-types]
   18 |  char *PTR = arr;
      |              ^~~
..\Arithmetic_Operations.c:44:6: error: redefinition of 'arr'
   44 |  int arr[] = {1,2,3};
      |      ^~~
..\Arithmetic_Operations.c:16:6: note: previous definition of 'arr' was here
   16 |  int arr[3] = {301,1,1};
      |      ^~~
..\Arithmetic_Operations.c:17:7: warning: unused variable 'ptr' [-Wunused-variable]
   17 |  int *ptr = arr;
      |       ^~~
09:37:43 **** Incremental Build of configuration Debug for project Definition ****
Info: Internal Builder is used for build
gcc -O0 -g3 -Wall -c -fmessage-length=0 -o Definition.o "..\\Definition.c" 
..\Definition.c: In function 'main':
..\Definition.c:57:6: error: redefinition of 'a'
   57 |  int a = 5;
      |      ^
..\Definition.c:19:6: note: previous definition of 'a' was here
   19 |  int a = 5;
      |      ^
..\Definition.c:58:7: error: redeclaration of 'b' with no linkage
   58 |  int *b = &a;
      |       ^
..\Definition.c:29:7: note: previous declaration of 'b' was here
   29 |  int *b;
      |       ^
Info: Nothing to build for Exercises
Info: Nothing to build for Pass_By_Reference
Info: Nothing to build for Pass_By_Value
Info: Nothing to build for Pointers
Info: Nothing to build for sizeof
Info: Nothing to build for Abram_EX1
09:38:01 **** Incremental Build of configuration Debug for project Arithmetic_Operations ****
Info: Internal Builder is used for build
gcc -O0 -g3 -Wall -c -fmessage-length=0 -o Arithmetic_Operations.o "..\\Arithmetic_Operations.c" 
..\Arithmetic_Operations.c: In function 'main':
..\Arithmetic_Operations.c:18:14: warning: initialization of 'char *' from incompatible pointer type 'int *' [-Wincompatible-pointer-types]
   18 |  char *PTR = arr;
      |              ^~~
..\Arithmetic_Operations.c:44:6: error: redefinition of 'arr'
   44 |  int arr[] = {1,2,3};
      |      ^~~
..\Arithmetic_Operations.c:16:6: note: previous definition of 'arr' was here
   16 |  int arr[3] = {301,1,1};
      |      ^~~
..\Arithmetic_Operations.c:17:7: warning: unused variable 'ptr' [-Wunused-variable]
   17 |  int *ptr = arr;
      |       ^~~
09:38:02 **** Incremental Build of configuration Debug for project Definition ****
Info: Internal Builder is used for build
gcc -O0 -g3 -Wall -c -fmessage-length=0 -o Definition.o "..\\Definition.c" 
..\Definition.c: In function 'main':
..\Definition.c:74:2: warning: 'y' is used uninitialized in this function [-Wuninitialized]
   74 |  printf("Pointer y: %p", y);
      |  ^~~~~~~~~~~~~~~~~~~~~~~~~~
gcc -o Definition.exe Definition.o 
Info: Nothing to build for Exercises
Info: Nothing to build for Pass_By_Reference
Info: Nothing to build for Pass_By_Value
Info: Nothing to build for Pointers
Info: Nothing to build for sizeof
Info: Nothing to build for Definition
Info: Nothing to build for Abram_EX1
09:38:22 **** Incremental Build of configuration Debug for project Arithmetic_Operations ****
Info: Internal Builder is used for build
gcc -O0 -g3 -Wall -c -fmessage-length=0 -o Arithmetic_Operations.o "..\\Arithmetic_Operations.c" 
..\Arithmetic_Operations.c: In function 'main':
..\Arithmetic_Operations.c:18:14: warning: initialization of 'char *' from incompatible pointer type 'int *' [-Wincompatible-pointer-types]
   18 |  char *PTR = arr;
      |              ^~~
..\Arithmetic_Operations.c:44:6: error: redefinition of 'arr'
   44 |  int arr[] = {1,2,3};
      |      ^~~
..\Arithmetic_Operations.c:16:6: note: previous definition of 'arr' was here
   16 |  int arr[3] = {301,1,1};
      |      ^~~
..\Arithmetic_Operations.c:17:7: warning: unused variable 'ptr' [-Wunused-variable]
   17 |  int *ptr = arr;
      |       ^~~
09:38:22 **** Incremental Build of configuration Debug for project Definition ****
Info: Internal Builder is used for build
gcc -O0 -g3 -Wall -c -fmessage-length=0 -o Definition.o "..\\Definition.c" 
..\Definition.c: In function 'main':
..\Definition.c:74:2: warning: 'y' is used uninitialized in this function [-Wuninitialized]
   74 |  printf("Pointer y: %p", y);
      |  ^~~~~~~~~~~~~~~~~~~~~~~~~~
gcc -o Definition.exe Definition.o 
Info: Nothing to build for Exercises
Info: Nothing to build for Pass_By_Reference
Info: Nothing to build for Pass_By_Value
Info: Nothing to build for Pointers
Info: Nothing to build for sizeof
Info: Nothing to build for Definition
Info: Nothing to build for Definition
Info: Nothing to build for Definition
Info: Nothing to build for Definition
Info: Nothing to build for Definition
Info: Nothing to build for Definition
Info: Nothing to build for Definition
Info: Nothing to build for Definition
Info: Nothing to build for Abram_EX1
09:38:55 **** Incremental Build of configuration Debug for project Arithmetic_Operations ****
Info: Internal Builder is used for build
gcc -O0 -g3 -Wall -c -fmessage-length=0 -o Arithmetic_Operations.o "..\\Arithmetic_Operations.c" 
..\Arithmetic_Operations.c: In function 'main':
..\Arithmetic_Operations.c:18:14: warning: initialization of 'char *' from incompatible pointer type 'int *' [-Wincompatible-pointer-types]
   18 |  char *PTR = arr;
      |              ^~~
..\Arithmetic_Operations.c:44:6: error: redefinition of 'arr'
   44 |  int arr[] = {1,2,3};
      |      ^~~
..\Arithmetic_Operations.c:16:6: note: previous definition of 'arr' was here
   16 |  int arr[3] = {301,1,1};
      |      ^~~
..\Arithmetic_Operations.c:17:7: warning: unused variable 'ptr' [-Wunused-variable]
   17 |  int *ptr = arr;
      |       ^~~
09:38:55 **** Incremental Build of configuration Debug for project Definition ****
Info: Internal Builder is used for build
gcc -O0 -g3 -Wall -c -fmessage-length=0 -o Definition.o "..\\Definition.c" 
..\Definition.c: In function 'main':
..\Definition.c:74:2: warning: 'y' is used uninitialized in this function [-Wuninitialized]
   74 |  printf("Pointer y: %p", y);
      |  ^~~~~~~~~~~~~~~~~~~~~~~~~~
gcc -o Definition.exe Definition.o 
Info: Nothing to build for Exercises
Info: Nothing to build for Pass_By_Reference
Info: Nothing to build for Pass_By_Value
Info: Nothing to build for Pointers
Info: Nothing to build for sizeof
Info: Nothing to build for Definition
Info: Nothing to build for Definition
Info: Nothing to build for Definition
Info: Nothing to build for Definition
Info: Nothing to build for Abram_EX1
09:39:09 **** Incremental Build of configuration Debug for project Arithmetic_Operations ****
Info: Internal Builder is used for build
gcc -O0 -g3 -Wall -c -fmessage-length=0 -o Arithmetic_Operations.o "..\\Arithmetic_Operations.c" 
..\Arithmetic_Operations.c: In function 'main':
..\Arithmetic_Operations.c:18:14: warning: initialization of 'char *' from incompatible pointer type 'int *' [-Wincompatible-pointer-types]
   18 |  char *PTR = arr;
      |              ^~~
..\Arithmetic_Operations.c:44:6: error: redefinition of 'arr'
   44 |  int arr[] = {1,2,3};
      |      ^~~
..\Arithmetic_Operations.c:16:6: note: previous definition of 'arr' was here
   16 |  int arr[3] = {301,1,1};
      |      ^~~
..\Arithmetic_Operations.c:17:7: warning: unused variable 'ptr' [-Wunused-variable]
   17 |  int *ptr = arr;
      |       ^~~
09:39:09 **** Incremental Build of configuration Debug for project Definition ****
Info: Internal Builder is used for build
gcc -O0 -g3 -Wall -c -fmessage-length=0 -o Definition.o "..\\Definition.c" 
..\Definition.c: In function 'main':
..\Definition.c:74:2: warning: 'm' is used uninitialized in this function [-Wuninitialized]
   74 |  printf("Pointer y: %p", m);
      |  ^~~~~~~~~~~~~~~~~~~~~~~~~~
gcc -o Definition.exe Definition.o 
Info: Nothing to build for Exercises
Info: Nothing to build for Pass_By_Reference
Info: Nothing to build for Pass_By_Value
Info: Nothing to build for Pointers
Info: Nothing to build for sizeof
Info: Nothing to build for Definition
Info: Nothing to build for Definition
Info: Nothing to build for Definition
Info: Nothing to build for Definition
Info: Nothing to build for Definition
Info: Nothing to build for Abram_EX1
09:39:43 **** Incremental Build of configuration Debug for project Arithmetic_Operations ****
Info: Internal Builder is used for build
gcc -O0 -g3 -Wall -c -fmessage-length=0 -o Arithmetic_Operations.o "..\\Arithmetic_Operations.c" 
..\Arithmetic_Operations.c: In function 'main':
..\Arithmetic_Operations.c:18:14: warning: initialization of 'char *' from incompatible pointer type 'int *' [-Wincompatible-pointer-types]
   18 |  char *PTR = arr;
      |              ^~~
..\Arithmetic_Operations.c:44:6: error: redefinition of 'arr'
   44 |  int arr[] = {1,2,3};
      |      ^~~
..\Arithmetic_Operations.c:16:6: note: previous definition of 'arr' was here
   16 |  int arr[3] = {301,1,1};
      |      ^~~
..\Arithmetic_Operations.c:17:7: warning: unused variable 'ptr' [-Wunused-variable]
   17 |  int *ptr = arr;
      |       ^~~
09:39:43 **** Incremental Build of configuration Debug for project Definition ****
Info: Internal Builder is used for build
gcc -O0 -g3 -Wall -c -fmessage-length=0 -o Definition.o "..\\Definition.c" 
..\Definition.c: In function 'main':
..\Definition.c:74:2: warning: 'y' is used uninitialized in this function [-Wuninitialized]
   74 |  printf("Pointer y: %p", y);
      |  ^~~~~~~~~~~~~~~~~~~~~~~~~~
gcc -o Definition.exe Definition.o 
Info: Nothing to build for Exercises
Info: Nothing to build for Pass_By_Reference
Info: Nothing to build for Pass_By_Value
Info: Nothing to build for Pointers
Info: Nothing to build for sizeof
Info: Nothing to build for Definition
Info: Nothing to build for Abram_EX1
09:50:31 **** Incremental Build of configuration Debug for project Arithmetic_Operations ****
Info: Internal Builder is used for build
gcc -O0 -g3 -Wall -c -fmessage-length=0 -o Arithmetic_Operations.o "..\\Arithmetic_Operations.c" 
..\Arithmetic_Operations.c: In function 'main':
..\Arithmetic_Operations.c:25:14: warning: initialization of 'char *' from incompatible pointer type 'int *' [-Wincompatible-pointer-types]
   25 |  char *PTR = arr;
      |              ^~~
..\Arithmetic_Operations.c:43:8: error: redefinition of 'x'
   43 |  char *x = NULL;
      |        ^
..\Arithmetic_Operations.c:16:8: note: previous definition of 'x' was here
   16 |  char *x = NULL;
      |        ^
..\Arithmetic_Operations.c:52:6: error: redefinition of 'arr'
   52 |  int arr[] = {1,2,3};
      |      ^~~
..\Arithmetic_Operations.c:23:6: note: previous definition of 'arr' was here
   23 |  int arr[3] = {301,1,1};
      |      ^~~
..\Arithmetic_Operations.c:24:7: warning: unused variable 'ptr' [-Wunused-variable]
   24 |  int *ptr = arr;
      |       ^~~
09:50:31 **** Incremental Build of configuration Debug for project Definition ****
Info: Internal Builder is used for build
gcc -O0 -g3 -Wall -c -fmessage-length=0 -o Definition.o "..\\Definition.c" 
gcc -o Definition.exe Definition.o 
Info: Nothing to build for Pass_By_Reference
Info: Nothing to build for Pass_By_Value
Info: Nothing to build for sizeof
09:50:34 **** Incremental Build of configuration Debug for project Arithmetic_Operations ****
Info: Internal Builder is used for build
gcc -O0 -g3 -Wall -c -fmessage-length=0 -o Arithmetic_Operations.o "..\\Arithmetic_Operations.c" 
..\Arithmetic_Operations.c: In function 'main':
..\Arithmetic_Operations.c:25:14: warning: initialization of 'char *' from incompatible pointer type 'int *' [-Wincompatible-pointer-types]
   25 |  char *PTR = arr;
      |              ^~~
..\Arithmetic_Operations.c:43:8: error: redefinition of 'x'
   43 |  char *x = NULL;
      |        ^
..\Arithmetic_Operations.c:16:8: note: previous definition of 'x' was here
   16 |  char *x = NULL;
      |        ^
..\Arithmetic_Operations.c:52:6: error: redefinition of 'arr'
   52 |  int arr[] = {1,2,3};
      |      ^~~
..\Arithmetic_Operations.c:23:6: note: previous definition of 'arr' was here
   23 |  int arr[3] = {301,1,1};
      |      ^~~
..\Arithmetic_Operations.c:24:7: warning: unused variable 'ptr' [-Wunused-variable]
   24 |  int *ptr = arr;
      |       ^~~
Info: Nothing to build for Abram_EX1
09:50:46 **** Incremental Build of configuration Debug for project Arithmetic_Operations ****
Info: Internal Builder is used for build
gcc -O0 -g3 -Wall -c -fmessage-length=0 -o Arithmetic_Operations.o "..\\Arithmetic_Operations.c" 
gcc -o Arithmetic_Operations.exe Arithmetic_Operations.o 
Info: Nothing to build for Definition
Info: Nothing to build for Pass_By_Reference
Info: Nothing to build for Pass_By_Value
Info: Nothing to build for sizeof
Info: Nothing to build for Arithmetic_Operations
Info: Nothing to build for Arithmetic_Operations
Info: Nothing to build for Abram_EX1
09:51:25 **** Incremental Build of configuration Debug for project Arithmetic_Operations ****
Info: Internal Builder is used for build
gcc -O0 -g3 -Wall -c -fmessage-length=0 -o Arithmetic_Operations.o "..\\Arithmetic_Operations.c" 
gcc -o Arithmetic_Operations.exe Arithmetic_Operations.o 
Info: Nothing to build for Definition
Info: Nothing to build for Pass_By_Reference
Info: Nothing to build for Pass_By_Value
Info: Nothing to build for sizeof
Info: Nothing to build for Arithmetic_Operations
Info: Nothing to build for Abram_EX1
09:52:02 **** Incremental Build of configuration Debug for project Arithmetic_Operations ****
Info: Internal Builder is used for build
gcc -O0 -g3 -Wall -c -fmessage-length=0 -o Arithmetic_Operations.o "..\\Arithmetic_Operations.c" 
gcc -o Arithmetic_Operations.exe Arithmetic_Operations.o 
Info: Nothing to build for Definition
Info: Nothing to build for Pass_By_Reference
Info: Nothing to build for Pass_By_Value
Info: Nothing to build for sizeof
Info: Nothing to build for Arithmetic_Operations
Info: Nothing to build for Abram_EX1
09:52:13 **** Incremental Build of configuration Debug for project Arithmetic_Operations ****
Info: Internal Builder is used for build
gcc -O0 -g3 -Wall -c -fmessage-length=0 -o Arithmetic_Operations.o "..\\Arithmetic_Operations.c" 
gcc -o Arithmetic_Operations.exe Arithmetic_Operations.o 
Info: Nothing to build for Definition
Info: Nothing to build for Pass_By_Reference
Info: Nothing to build for Pass_By_Value
Info: Nothing to build for sizeof
Info: Nothing to build for Abram_EX1
09:58:05 **** Incremental Build of configuration Debug for project Arithmetic_Operations ****
Info: Internal Builder is used for build
gcc -O0 -g3 -Wall -c -fmessage-length=0 -o Arithmetic_Operations.o "..\\Arithmetic_Operations.c" 
gcc -o Arithmetic_Operations.exe Arithmetic_Operations.o 
Info: Nothing to build for Definition
Info: Nothing to build for Pass_By_Reference
Info: Nothing to build for Pass_By_Value
Info: Nothing to build for sizeof
Info: Nothing to build for Abram_EX1
09:58:22 **** Incremental Build of configuration Debug for project Arithmetic_Operations ****
Info: Internal Builder is used for build
gcc -O0 -g3 -Wall -c -fmessage-length=0 -o Arithmetic_Operations.o "..\\Arithmetic_Operations.c" 
gcc -o Arithmetic_Operations.exe Arithmetic_Operations.o 
Info: Nothing to build for Definition
Info: Nothing to build for Pass_By_Reference
Info: Nothing to build for Pass_By_Value
Info: Nothing to build for sizeof
Info: Nothing to build for Arithmetic_Operations
Info: Nothing to build for Abram_EX1
10:03:15 **** Incremental Build of configuration Debug for project Arithmetic_Operations ****
Info: Internal Builder is used for build
gcc -O0 -g3 -Wall -c -fmessage-length=0 -o Arithmetic_Operations.o "..\\Arithmetic_Operations.c" 
gcc -o Arithmetic_Operations.exe Arithmetic_Operations.o 
10:03:16 **** Rebuild of configuration Debug for project Arrays ****
Info: Internal Builder is used for build
gcc -O0 -g3 -Wall -c -fmessage-length=0 -o Arrays.o "..\\Arrays.c" 
gcc -o Arrays.exe Arrays.o 
Info: Nothing to build for Definition
Info: Nothing to build for Pass_By_Reference
Info: Nothing to build for Pass_By_Value
Info: Nothing to build for sizeof
Info: Nothing to build for Arrays
10:04:39 **** Incremental Build of configuration Debug for project Arrays ****
Info: Internal Builder is used for build
gcc -O0 -g3 -Wall -c -fmessage-length=0 -o Arrays.o "..\\Arrays.c" 
gcc -o Arrays.exe Arrays.o 
Info: Nothing to build for Abram_EX1
Info: Nothing to build for Arithmetic_Operations
10:04:47 **** Incremental Build of configuration Debug for project Arrays ****
Info: Internal Builder is used for build
gcc -O0 -g3 -Wall -c -fmessage-length=0 -o Arrays.o "..\\Arrays.c" 
gcc -o Arrays.exe Arrays.o 
Info: Nothing to build for Definition
Info: Nothing to build for Pass_By_Reference
Info: Nothing to build for Pass_By_Value
Info: Nothing to build for sizeof
Info: Nothing to build for Arrays
Info: Nothing to build for Abram_EX1
Info: Nothing to build for Arithmetic_Operations
10:07:42 **** Incremental Build of configuration Debug for project Arrays ****
Info: Internal Builder is used for build
gcc -O0 -g3 -Wall -c -fmessage-length=0 -o Arrays.o "..\\Arrays.c" 
gcc -o Arrays.exe Arrays.o 
Info: Nothing to build for Definition
Info: Nothing to build for Pass_By_Reference
Info: Nothing to build for Pass_By_Value
Info: Nothing to build for sizeof
Info: Nothing to build for Arrays
Info: Nothing to build for Abram_EX1
Info: Nothing to build for Arithmetic_Operations
10:07:52 **** Incremental Build of configuration Debug for project Arrays ****
Info: Internal Builder is used for build
gcc -O0 -g3 -Wall -c -fmessage-length=0 -o Arrays.o "..\\Arrays.c" 
gcc -o Arrays.exe Arrays.o 
Info: Nothing to build for Definition
Info: Nothing to build for Pass_By_Reference
Info: Nothing to build for Pass_By_Value
Info: Nothing to build for sizeof
Info: Nothing to build for Arrays
Info: Nothing to build for Abram_EX1
Info: Nothing to build for Arithmetic_Operations
10:08:09 **** Incremental Build of configuration Debug for project Arrays ****
Info: Internal Builder is used for build
gcc -O0 -g3 -Wall -c -fmessage-length=0 -o Arrays.o "..\\Arrays.c" 
gcc -o Arrays.exe Arrays.o 
Info: Nothing to build for Definition
Info: Nothing to build for Pass_By_Reference
Info: Nothing to build for Pass_By_Value
Info: Nothing to build for sizeof
10:35:08 **** Incremental Build of configuration Debug for project Arrays ****
Info: Internal Builder is used for build
gcc -O0 -g3 -Wall -c -fmessage-length=0 -o Arrays.o "..\\Arrays.c" 
..\Arrays.c: In function 'main':
..\Arrays.c:35:11: warning: initialization of 'int *' from 'int' makes pointer from integer without a cast [-Wint-conversion]
   35 |  int *y = array[0];
      |           ^~~~~
..\Arrays.c:36:11: warning: initialization of 'int *' from incompatible pointer type 'int (*)[5]' [-Wincompatible-pointer-types]
   36 |  int *z = &array;
      |           ^
gcc -o Arrays.exe Arrays.o 
Info: Nothing to build for Abram_EX1
Info: Nothing to build for Arithmetic_Operations
10:35:24 **** Incremental Build of configuration Debug for project Arrays ****
Info: Internal Builder is used for build
gcc -O0 -g3 -Wall -c -fmessage-length=0 -o Arrays.o "..\\Arrays.c" 
..\Arrays.c: In function 'main':
..\Arrays.c:36:11: warning: initialization of 'int *' from incompatible pointer type 'int (*)[5]' [-Wincompatible-pointer-types]
   36 |  int *z = &array;
      |           ^
gcc -o Arrays.exe Arrays.o 
Info: Nothing to build for Definition
Info: Nothing to build for Pass_By_Reference
Info: Nothing to build for Pass_By_Value
Info: Nothing to build for sizeof
Info: Nothing to build for Arrays
Info: Nothing to build for Abram_EX1
Info: Nothing to build for Arithmetic_Operations
10:36:09 **** Incremental Build of configuration Debug for project Arrays ****
Info: Internal Builder is used for build
gcc -O0 -g3 -Wall -c -fmessage-length=0 -o Arrays.o "..\\Arrays.c" 
..\Arrays.c: In function 'main':
..\Arrays.c:36:11: warning: initialization of 'int *' from incompatible pointer type 'int (*)[5]' [-Wincompatible-pointer-types]
   36 |  int *z = &array;
      |           ^
gcc -o Arrays.exe Arrays.o 
Info: Nothing to build for Definition
Info: Nothing to build for Pass_By_Reference
Info: Nothing to build for Pass_By_Value
Info: Nothing to build for sizeof
Info: Nothing to build for Arrays
Info: Nothing to build for Abram_EX1
Info: Nothing to build for Arithmetic_Operations
10:36:20 **** Incremental Build of configuration Debug for project Arrays ****
Info: Internal Builder is used for build
gcc -O0 -g3 -Wall -c -fmessage-length=0 -o Arrays.o "..\\Arrays.c" 
..\Arrays.c: In function 'main':
..\Arrays.c:36:11: warning: initialization of 'int *' from incompatible pointer type 'int (*)[5]' [-Wincompatible-pointer-types]
   36 |  int *z = &array;
      |           ^
gcc -o Arrays.exe Arrays.o 
Info: Nothing to build for Definition
Info: Nothing to build for Pass_By_Reference
Info: Nothing to build for Pass_By_Value
Info: Nothing to build for sizeof
10:40:16 **** Incremental Build of configuration Debug for project Arrays ****
Info: Internal Builder is used for build
gcc -O0 -g3 -Wall -c -fmessage-length=0 -o Arrays.o "..\\Arrays.c" 
..\Arrays.c: In function 'main':
..\Arrays.c:36:11: warning: initialization of 'int *' from incompatible pointer type 'int (*)[5]' [-Wincompatible-pointer-types]
   36 |  int *z = &array;
      |           ^
gcc -o Arrays.exe Arrays.o 
Info: Nothing to build for Abram_EX1
Info: Nothing to build for Arithmetic_Operations
10:40:26 **** Incremental Build of configuration Debug for project Arrays ****
Info: Internal Builder is used for build
gcc -O0 -g3 -Wall -c -fmessage-length=0 -o Arrays.o "..\\Arrays.c" 
..\Arrays.c: In function 'main':
..\Arrays.c:36:11: warning: initialization of 'int *' from incompatible pointer type 'int (*)[5]' [-Wincompatible-pointer-types]
   36 |  int *z = &array;
      |           ^
gcc -o Arrays.exe Arrays.o 
Info: Nothing to build for Definition
Info: Nothing to build for Pass_By_Reference
Info: Nothing to build for Pass_By_Value
Info: Nothing to build for sizeof
Info: Nothing to build for Arrays
Info: Nothing to build for Abram_EX1
Info: Nothing to build for Arithmetic_Operations
10:40:42 **** Incremental Build of configuration Debug for project Arrays ****
Info: Internal Builder is used for build
gcc -O0 -g3 -Wall -c -fmessage-length=0 -o Arrays.o "..\\Arrays.c" 
..\Arrays.c: In function 'main':
..\Arrays.c:36:11: warning: initialization of 'int *' from incompatible pointer type 'int (*)[5]' [-Wincompatible-pointer-types]
   36 |  int *z = &array;
      |           ^
gcc -o Arrays.exe Arrays.o 
Info: Nothing to build for Definition
Info: Nothing to build for Pass_By_Reference
Info: Nothing to build for Pass_By_Value
Info: Nothing to build for sizeof
Info: Nothing to build for Arrays
Info: Nothing to build for Abram_EX1
Info: Nothing to build for Arithmetic_Operations
10:40:51 **** Incremental Build of configuration Debug for project Arrays ****
Info: Internal Builder is used for build
gcc -O0 -g3 -Wall -c -fmessage-length=0 -o Arrays.o "..\\Arrays.c" 
..\Arrays.c: In function 'main':
..\Arrays.c:36:11: warning: initialization of 'int *' from incompatible pointer type 'int (*)[5]' [-Wincompatible-pointer-types]
   36 |  int *z = &array;
      |           ^
gcc -o Arrays.exe Arrays.o 
Info: Nothing to build for Definition
Info: Nothing to build for Pass_By_Reference
Info: Nothing to build for Pass_By_Value
Info: Nothing to build for sizeof
Info: Nothing to build for Arrays
Info: Nothing to build for Abram_EX1
Info: Nothing to build for Arithmetic_Operations
10:41:05 **** Incremental Build of configuration Debug for project Arrays ****
Info: Internal Builder is used for build
gcc -O0 -g3 -Wall -c -fmessage-length=0 -o Arrays.o "..\\Arrays.c" 
..\Arrays.c: In function 'main':
..\Arrays.c:36:11: warning: initialization of 'int *' from incompatible pointer type 'int (*)[5]' [-Wincompatible-pointer-types]
   36 |  int *z = &array;
      |           ^
gcc -o Arrays.exe Arrays.o 
Info: Nothing to build for Definition
Info: Nothing to build for Pass_By_Reference
Info: Nothing to build for Pass_By_Value
Info: Nothing to build for sizeof
Info: Nothing to build for Arrays
Info: Nothing to build for Abram_EX1
Info: Nothing to build for Arithmetic_Operations
10:42:28 **** Incremental Build of configuration Debug for project Arrays ****
Info: Internal Builder is used for build
gcc -O0 -g3 -Wall -c -fmessage-length=0 -o Arrays.o "..\\Arrays.c" 
..\Arrays.c: In function 'main':
..\Arrays.c:41:11: warning: initialization of 'int *' from incompatible pointer type 'int (*)[5]' [-Wincompatible-pointer-types]
   41 |  int *z = &array;
      |           ^
..\Arrays.c:61:7: error: lvalue required as increment operand
   61 |  array++;
      |       ^~
Info: Nothing to build for Definition
Info: Nothing to build for Pass_By_Reference
Info: Nothing to build for Pass_By_Value
Info: Nothing to build for sizeof
Info: Nothing to build for Abram_EX1
10:44:15 **** Incremental Build of configuration Debug for project Arithmetic_Operations ****
Info: Internal Builder is used for build
gcc -O0 -g3 -Wall -c -fmessage-length=0 -o Arithmetic_Operations.o "..\\Arithmetic_Operations.c" 
..\Arithmetic_Operations.c: In function 'main':
..\Arithmetic_Operations.c:17:7: warning: unused variable 'y' [-Wunused-variable]
   17 |  int *y =NULL;
      |       ^
..\Arithmetic_Operations.c:16:8: warning: unused variable 'x' [-Wunused-variable]
   16 |  char *x = NULL;
      |        ^
gcc -o Arithmetic_Operations.exe Arithmetic_Operations.o 
10:44:15 **** Incremental Build of configuration Debug for project Arrays ****
Info: Internal Builder is used for build
gcc -O0 -g3 -Wall -c -fmessage-length=0 -o Arrays.o "..\\Arrays.c" 
gcc -o Arrays.exe Arrays.o 
Info: Nothing to build for Definition
Info: Nothing to build for Pass_By_Reference
Info: Nothing to build for Pass_By_Value
10:44:16 **** Incremental Build of configuration Debug for project sizeof ****
Info: Internal Builder is used for build
gcc -O0 -g3 -Wall -c -fmessage-length=0 -o sizeof.o "..\\sizeof.c" 
gcc -o sizeof.exe sizeof.o 
Info: Nothing to build for Abram_EX1
10:46:04 **** Incremental Build of configuration Debug for project Arithmetic_Operations ****
Info: Internal Builder is used for build
gcc -O0 -g3 -Wall -c -fmessage-length=0 -o Arithmetic_Operations.o "..\\Arithmetic_Operations.c" 
..\Arithmetic_Operations.c: In function 'main':
..\Arithmetic_Operations.c:17:7: warning: unused variable 'y' [-Wunused-variable]
   17 |  int *y =NULL;
      |       ^
..\Arithmetic_Operations.c:16:8: warning: unused variable 'x' [-Wunused-variable]
   16 |  char *x = NULL;
      |        ^
gcc -o Arithmetic_Operations.exe Arithmetic_Operations.o 
Info: Nothing to build for Arrays
Info: Nothing to build for Definition
Info: Nothing to build for Pass_By_Reference
Info: Nothing to build for Pass_By_Value
Info: Nothing to build for sizeof
Info: Nothing to build for Abram_EX1
Info: Nothing to build for Arithmetic_Operations
Info: Nothing to build for Arrays
13:28:44 **** Incremental Build of configuration Debug for project Definition ****
Info: Internal Builder is used for build
gcc -O0 -g3 -Wall -c -fmessage-length=0 -o Definition.o "..\\Definition.c" 
..\Definition.c: In function 'main':
..\Definition.c:76:10: warning: initialization of 'int *' from 'int' makes pointer from integer without a cast [-Wint-conversion]
   76 |  int *b= 5;
      |          ^
..\Definition.c:76:7: warning: unused variable 'b' [-Wunused-variable]
   76 |  int *b= 5;
      |       ^
gcc -o Definition.exe Definition.o 
Info: Nothing to build for Pass_By_Reference
Info: Nothing to build for Pass_By_Value
Info: Nothing to build for sizeof
Info: Nothing to build for Abram_EX1
Info: Nothing to build for Arithmetic_Operations
Info: Nothing to build for Arrays
13:29:06 **** Incremental Build of configuration Debug for project Definition ****
Info: Internal Builder is used for build
gcc -O0 -g3 -Wall -c -fmessage-length=0 -o Definition.o "..\\Definition.c" 
..\Definition.c: In function 'main':
..\Definition.c:76:10: warning: initialization of 'int *' from 'int' makes pointer from integer without a cast [-Wint-conversion]
   76 |  int *b= 5;
      |          ^
gcc -o Definition.exe Definition.o 
Info: Nothing to build for Pass_By_Reference
Info: Nothing to build for Pass_By_Value
Info: Nothing to build for sizeof
Info: Nothing to build for Definition
Info: Nothing to build for Abram_EX1
Info: Nothing to build for Arithmetic_Operations
Info: Nothing to build for Arrays
13:34:15 **** Incremental Build of configuration Debug for project Definition ****
Info: Internal Builder is used for build
gcc -O0 -g3 -Wall -c -fmessage-length=0 -o Definition.o "..\\Definition.c" 
gcc -o Definition.exe Definition.o 
Info: Nothing to build for Pass_By_Reference
Info: Nothing to build for Pass_By_Value
Info: Nothing to build for sizeof
14:25:53 **** Incremental Build of configuration Debug for project Abram_EX1 ****
Info: Internal Builder is used for build
gcc -O0 -g3 -Wall -c -fmessage-length=0 -o Abram_EX1.o "..\\Abram_EX1.c" 
..\Abram_EX1.c: In function 'avrg':
..\Abram_EX1.c:71:26: error: expected expression before 'float'
   71 |  float res = ((float) n1+float n2 )/2;
      |                          ^~~~~
..\Abram_EX1.c: At top level:
..\Abram_EX1.c:61: error: unterminated #if
   61 | #if EX_NUM==3
      | 
14:26:20 **** Incremental Build of configuration Debug for project Abram_EX1 ****
Info: Internal Builder is used for build
gcc -O0 -g3 -Wall -c -fmessage-length=0 -o Abram_EX1.o "..\\Abram_EX1.c" 
..\Abram_EX1.c: In function 'avrg':
..\Abram_EX1.c:71:26: error: expected expression before 'float'
   71 |  float res = ((float) n1+float n2 )/2;
      |                          ^~~~~
14:26:36 **** Incremental Build of configuration Debug for project Abram_EX1 ****
Info: Internal Builder is used for build
gcc -O0 -g3 -Wall -c -fmessage-length=0 -o Abram_EX1.o "..\\Abram_EX1.c" 
gcc -o Abram_EX1.exe Abram_EX1.o 
c:/mingw/bin/../lib/gcc/mingw32/9.2.0/../../../../mingw32/bin/ld.exe: cannot open output file Abram_EX1.exe: Permission denied
collect2.exe: error: ld returned 1 exit status
14:27:28 **** Incremental Build of configuration Debug for project Abram_EX1 ****
Info: Internal Builder is used for build
gcc -o Abram_EX1.exe Abram_EX1.o 
15:19:19 **** Incremental Build of configuration Debug for project Abram_EX1 ****
Info: Internal Builder is used for build
gcc -O0 -g3 -Wall -c -fmessage-length=0 -o Abram_EX1.o "..\\Abram_EX1.c" 
..\Abram_EX1.c: In function 'main':
..\Abram_EX1.c:20:30: warning: array subscript has type 'char' [-Wchar-subscripts]
   20 |         scanf("%d", &user_arr[i]);
      |                              ^
..\Abram_EX1.c:20:17: warning: format '%d' expects argument of type 'int *', but argument 2 has type 'char *' [-Wformat=]
   20 |         scanf("%d", &user_arr[i]);
      |                ~^   ~~~~~~~~~~~~
      |                 |   |
      |                 |   char *
      |                 int *
      |                %c
..\Abram_EX1.c:24:19: warning: array subscript has type 'char' [-Wchar-subscripts]
   24 |         if (my_arr[i] != user_arr[i])
      |                   ^
..\Abram_EX1.c:24:34: warning: array subscript has type 'char' [-Wchar-subscripts]
   24 |         if (my_arr[i] != user_arr[i])
      |                                  ^
gcc -o Abram_EX1.exe Abram_EX1.o 
15:19:56 **** Incremental Build of configuration Debug for project Abram_EX1 ****
Info: Internal Builder is used for build
gcc -O0 -g3 -Wall -c -fmessage-length=0 -o Abram_EX1.o "..\\Abram_EX1.c" 
..\Abram_EX1.c: In function 'main':
..\Abram_EX1.c:19:9: error: too few arguments to function 'fflush'
   19 |         fflush();
      |         ^~~~~~
In file included from ..\Abram_EX1.c:1:
c:\mingw\include\stdio.h:262:41: note: declared here
  262 | _CRTIMP __cdecl __MINGW_NOTHROW  int    fflush (FILE *);
      |                                         ^~~~~~
..\Abram_EX1.c:20:30: warning: array subscript has type 'char' [-Wchar-subscripts]
   20 |         scanf("%d", &user_arr[i]);
      |                              ^
..\Abram_EX1.c:20:17: warning: format '%d' expects argument of type 'int *', but argument 2 has type 'char *' [-Wformat=]
   20 |         scanf("%d", &user_arr[i]);
      |                ~^   ~~~~~~~~~~~~
      |                 |   |
      |                 |   char *
      |                 int *
      |                %c
..\Abram_EX1.c:24:19: warning: array subscript has type 'char' [-Wchar-subscripts]
   24 |         if (my_arr[i] != user_arr[i])
      |                   ^
..\Abram_EX1.c:24:34: warning: array subscript has type 'char' [-Wchar-subscripts]
   24 |         if (my_arr[i] != user_arr[i])
      |                                  ^
Info: Nothing to build for Arithmetic_Operations
Info: Nothing to build for Arrays
Info: Nothing to build for Definition
Info: Nothing to build for Pass_By_Reference
Info: Nothing to build for Pass_By_Value
Info: Nothing to build for sizeof
15:19:58 **** Incremental Build of configuration Debug for project Abram_EX1 ****
Info: Internal Builder is used for build
gcc -O0 -g3 -Wall -c -fmessage-length=0 -o Abram_EX1.o "..\\Abram_EX1.c" 
..\Abram_EX1.c: In function 'main':
..\Abram_EX1.c:19:9: error: too few arguments to function 'fflush'
   19 |         fflush();
      |         ^~~~~~
In file included from ..\Abram_EX1.c:1:
c:\mingw\include\stdio.h:262:41: note: declared here
  262 | _CRTIMP __cdecl __MINGW_NOTHROW  int    fflush (FILE *);
      |                                         ^~~~~~
..\Abram_EX1.c:20:30: warning: array subscript has type 'char' [-Wchar-subscripts]
   20 |         scanf("%d", &user_arr[i]);
      |                              ^
..\Abram_EX1.c:20:17: warning: format '%d' expects argument of type 'int *', but argument 2 has type 'char *' [-Wformat=]
   20 |         scanf("%d", &user_arr[i]);
      |                ~^   ~~~~~~~~~~~~
      |                 |   |
      |                 |   char *
      |                 int *
      |                %c
..\Abram_EX1.c:24:19: warning: array subscript has type 'char' [-Wchar-subscripts]
   24 |         if (my_arr[i] != user_arr[i])
      |                   ^
..\Abram_EX1.c:24:34: warning: array subscript has type 'char' [-Wchar-subscripts]
   24 |         if (my_arr[i] != user_arr[i])
      |                                  ^
15:20:22 **** Incremental Build of configuration Debug for project Abram_EX1 ****
Info: Internal Builder is used for build
gcc -O0 -g3 -Wall -c -fmessage-length=0 -o Abram_EX1.o "..\\Abram_EX1.c" 
..\Abram_EX1.c: In function 'main':
..\Abram_EX1.c:20:30: warning: array subscript has type 'char' [-Wchar-subscripts]
   20 |         scanf("%d", &user_arr[i]);
      |                              ^
..\Abram_EX1.c:20:17: warning: format '%d' expects argument of type 'int *', but argument 2 has type 'char *' [-Wformat=]
   20 |         scanf("%d", &user_arr[i]);
      |                ~^   ~~~~~~~~~~~~
      |                 |   |
      |                 |   char *
      |                 int *
      |                %c
..\Abram_EX1.c:24:19: warning: array subscript has type 'char' [-Wchar-subscripts]
   24 |         if (my_arr[i] != user_arr[i])
      |                   ^
..\Abram_EX1.c:24:34: warning: array subscript has type 'char' [-Wchar-subscripts]
   24 |         if (my_arr[i] != user_arr[i])
      |                                  ^
gcc -o Abram_EX1.exe Abram_EX1.o 
c:/mingw/bin/../lib/gcc/mingw32/9.2.0/../../../../mingw32/bin/ld.exe: cannot open output file Abram_EX1.exe: Permission denied
collect2.exe: error: ld returned 1 exit status
Info: Nothing to build for Arithmetic_Operations
Info: Nothing to build for Arrays
Info: Nothing to build for Definition
Info: Nothing to build for Pass_By_Reference
Info: Nothing to build for Pass_By_Value
Info: Nothing to build for sizeof
15:20:25 **** Incremental Build of configuration Debug for project Abram_EX1 ****
Info: Internal Builder is used for build
gcc -o Abram_EX1.exe Abram_EX1.o 
c:/mingw/bin/../lib/gcc/mingw32/9.2.0/../../../../mingw32/bin/ld.exe: cannot open output file Abram_EX1.exe: Permission denied
collect2.exe: error: ld returned 1 exit status
Info: Nothing to build for Arithmetic_Operations
Info: Nothing to build for Arrays
Info: Nothing to build for Definition
Info: Nothing to build for Pass_By_Reference
Info: Nothing to build for Pass_By_Value
Info: Nothing to build for sizeof
16:23:21 **** Incremental Build of configuration Debug for project Abram_EX1 ****
Info: Internal Builder is used for build
gcc -O0 -g3 -Wall -c -fmessage-length=0 -o Abram_EX1.o "..\\Abram_EX1.c" 
..\Abram_EX1.c: In function 'main':
..\Abram_EX1.c:19:9: error: too few arguments to function 'fflush'
   19 |         fflush();
      |         ^~~~~~
In file included from ..\Abram_EX1.c:1:
c:\mingw\include\stdio.h:262:41: note: declared here
  262 | _CRTIMP __cdecl __MINGW_NOTHROW  int    fflush (FILE *);
      |                                         ^~~~~~
..\Abram_EX1.c:20:30: warning: array subscript has type 'char' [-Wchar-subscripts]
   20 |         scanf("%d", &user_arr[i]);
      |                              ^
..\Abram_EX1.c:20:17: warning: format '%d' expects argument of type 'int *', but argument 2 has type 'char *' [-Wformat=]
   20 |         scanf("%d", &user_arr[i]);
      |                ~^   ~~~~~~~~~~~~
      |                 |   |
      |                 |   char *
      |                 int *
      |                %c
..\Abram_EX1.c:24:19: warning: array subscript has type 'char' [-Wchar-subscripts]
   24 |         if (my_arr[i] != user_arr[i])
      |                   ^
..\Abram_EX1.c:24:34: warning: array subscript has type 'char' [-Wchar-subscripts]
   24 |         if (my_arr[i] != user_arr[i])
      |                                  ^
Info: Nothing to build for Arithmetic_Operations
Info: Nothing to build for Arrays
Info: Nothing to build for Definition
Info: Nothing to build for Pass_By_Reference
Info: Nothing to build for Pass_By_Value
Info: Nothing to build for sizeof
16:23:26 **** Incremental Build of configuration Debug for project Abram_EX1 ****
Info: Internal Builder is used for build
gcc -O0 -g3 -Wall -c -fmessage-length=0 -o Abram_EX1.o "..\\Abram_EX1.c" 
..\Abram_EX1.c: In function 'main':
..\Abram_EX1.c:19:9: error: too few arguments to function 'fflush'
   19 |         fflush();
      |         ^~~~~~
In file included from ..\Abram_EX1.c:1:
c:\mingw\include\stdio.h:262:41: note: declared here
  262 | _CRTIMP __cdecl __MINGW_NOTHROW  int    fflush (FILE *);
      |                                         ^~~~~~
..\Abram_EX1.c:20:30: warning: array subscript has type 'char' [-Wchar-subscripts]
   20 |         scanf("%d", &user_arr[i]);
      |                              ^
..\Abram_EX1.c:20:17: warning: format '%d' expects argument of type 'int *', but argument 2 has type 'char *' [-Wformat=]
   20 |         scanf("%d", &user_arr[i]);
      |                ~^   ~~~~~~~~~~~~
      |                 |   |
      |                 |   char *
      |                 int *
      |                %c
..\Abram_EX1.c:24:19: warning: array subscript has type 'char' [-Wchar-subscripts]
   24 |         if (my_arr[i] != user_arr[i])
      |                   ^
..\Abram_EX1.c:24:34: warning: array subscript has type 'char' [-Wchar-subscripts]
   24 |         if (my_arr[i] != user_arr[i])
      |                                  ^
16:43:11 **** Incremental Build of configuration Debug for project Abram_EX1 ****
Info: Internal Builder is used for build
gcc -O0 -g3 -Wall -c -fmessage-length=0 -o Abram_EX1.o "..\\Abram_EX1.c" 
..\Abram_EX1.c: In function 'main':
..\Abram_EX1.c:19:9: error: too few arguments to function 'fflush'
   19 |         fflush();
      |         ^~~~~~
In file included from ..\Abram_EX1.c:1:
c:\mingw\include\stdio.h:262:41: note: declared here
  262 | _CRTIMP __cdecl __MINGW_NOTHROW  int    fflush (FILE *);
      |                                         ^~~~~~
..\Abram_EX1.c:20:30: warning: array subscript has type 'char' [-Wchar-subscripts]
   20 |         scanf("%d", &user_arr[i]);
      |                              ^
..\Abram_EX1.c:20:17: warning: format '%d' expects argument of type 'int *', but argument 2 has type 'char *' [-Wformat=]
   20 |         scanf("%d", &user_arr[i]);
      |                ~^   ~~~~~~~~~~~~
      |                 |   |
      |                 |   char *
      |                 int *
      |                %c
..\Abram_EX1.c:24:19: warning: array subscript has type 'char' [-Wchar-subscripts]
   24 |         if (my_arr[i] != user_arr[i])
      |                   ^
..\Abram_EX1.c:24:34: warning: array subscript has type 'char' [-Wchar-subscripts]
   24 |         if (my_arr[i] != user_arr[i])
      |                                  ^
Info: Nothing to build for Arithmetic_Operations
Info: Nothing to build for Arrays
16:43:11 **** Incremental Build of configuration Debug for project Definition ****
Info: Internal Builder is used for build
gcc -O0 -g3 -Wall -c -fmessage-length=0 -o Definition.o "..\\Definition.c" 
gcc -o Definition.exe Definition.o 
Info: Nothing to build for Pass_By_Reference
Info: Nothing to build for Pass_By_Value
Info: Nothing to build for sizeof
Info: Nothing to build for Definition
16:48:21 **** Incremental Build of configuration Debug for project Abram_EX1 ****
Info: Internal Builder is used for build
gcc -O0 -g3 -Wall -c -fmessage-length=0 -o Abram_EX1.o "..\\Abram_EX1.c" 
..\Abram_EX1.c: In function 'main':
..\Abram_EX1.c:19:9: error: too few arguments to function 'fflush'
   19 |         fflush();
      |         ^~~~~~
In file included from ..\Abram_EX1.c:1:
c:\mingw\include\stdio.h:262:41: note: declared here
  262 | _CRTIMP __cdecl __MINGW_NOTHROW  int    fflush (FILE *);
      |                                         ^~~~~~
..\Abram_EX1.c:20:30: warning: array subscript has type 'char' [-Wchar-subscripts]
   20 |         scanf("%d", &user_arr[i]);
      |                              ^
..\Abram_EX1.c:20:17: warning: format '%d' expects argument of type 'int *', but argument 2 has type 'char *' [-Wformat=]
   20 |         scanf("%d", &user_arr[i]);
      |                ~^   ~~~~~~~~~~~~
      |                 |   |
      |                 |   char *
      |                 int *
      |                %c
..\Abram_EX1.c:24:19: warning: array subscript has type 'char' [-Wchar-subscripts]
   24 |         if (my_arr[i] != user_arr[i])
      |                   ^
..\Abram_EX1.c:24:34: warning: array subscript has type 'char' [-Wchar-subscripts]
   24 |         if (my_arr[i] != user_arr[i])
      |                                  ^
Info: Nothing to build for Arithmetic_Operations
Info: Nothing to build for Arrays
16:48:21 **** Incremental Build of configuration Debug for project Definition ****
Info: Internal Builder is used for build
gcc -O0 -g3 -Wall -c -fmessage-length=0 -o Definition.o "..\\Definition.c" 
gcc -o Definition.exe Definition.o 
Info: Nothing to build for Pass_By_Reference
Info: Nothing to build for Pass_By_Value
Info: Nothing to build for sizeof
Info: Nothing to build for Definition
16:50:05 **** Incremental Build of configuration Debug for project Abram_EX1 ****
Info: Internal Builder is used for build
gcc -O0 -g3 -Wall -c -fmessage-length=0 -o Abram_EX1.o "..\\Abram_EX1.c" 
..\Abram_EX1.c: In function 'main':
..\Abram_EX1.c:19:9: error: too few arguments to function 'fflush'
   19 |         fflush();
      |         ^~~~~~
In file included from ..\Abram_EX1.c:1:
c:\mingw\include\stdio.h:262:41: note: declared here
  262 | _CRTIMP __cdecl __MINGW_NOTHROW  int    fflush (FILE *);
      |                                         ^~~~~~
..\Abram_EX1.c:20:30: warning: array subscript has type 'char' [-Wchar-subscripts]
   20 |         scanf("%d", &user_arr[i]);
      |                              ^
..\Abram_EX1.c:20:17: warning: format '%d' expects argument of type 'int *', but argument 2 has type 'char *' [-Wformat=]
   20 |         scanf("%d", &user_arr[i]);
      |                ~^   ~~~~~~~~~~~~
      |                 |   |
      |                 |   char *
      |                 int *
      |                %c
..\Abram_EX1.c:24:19: warning: array subscript has type 'char' [-Wchar-subscripts]
   24 |         if (my_arr[i] != user_arr[i])
      |                   ^
..\Abram_EX1.c:24:34: warning: array subscript has type 'char' [-Wchar-subscripts]
   24 |         if (my_arr[i] != user_arr[i])
      |                                  ^
Info: Nothing to build for Arithmetic_Operations
Info: Nothing to build for Arrays
16:50:05 **** Incremental Build of configuration Debug for project Definition ****
Info: Internal Builder is used for build
gcc -O0 -g3 -Wall -c -fmessage-length=0 -o Definition.o "..\\Definition.c" 
gcc -o Definition.exe Definition.o 
Info: Nothing to build for Pass_By_Reference
Info: Nothing to build for Pass_By_Value
Info: Nothing to build for sizeof
Info: Nothing to build for Definition
16:52:23 **** Incremental Build of configuration Debug for project Abram_EX1 ****
Info: Internal Builder is used for build
gcc -O0 -g3 -Wall -c -fmessage-length=0 -o Abram_EX1.o "..\\Abram_EX1.c" 
..\Abram_EX1.c: In function 'main':
..\Abram_EX1.c:19:9: error: too few arguments to function 'fflush'
   19 |         fflush();
      |         ^~~~~~
In file included from ..\Abram_EX1.c:1:
c:\mingw\include\stdio.h:262:41: note: declared here
  262 | _CRTIMP __cdecl __MINGW_NOTHROW  int    fflush (FILE *);
      |                                         ^~~~~~
..\Abram_EX1.c:20:30: warning: array subscript has type 'char' [-Wchar-subscripts]
   20 |         scanf("%d", &user_arr[i]);
      |                              ^
..\Abram_EX1.c:20:17: warning: format '%d' expects argument of type 'int *', but argument 2 has type 'char *' [-Wformat=]
   20 |         scanf("%d", &user_arr[i]);
      |                ~^   ~~~~~~~~~~~~
      |                 |   |
      |                 |   char *
      |                 int *
      |                %c
..\Abram_EX1.c:24:19: warning: array subscript has type 'char' [-Wchar-subscripts]
   24 |         if (my_arr[i] != user_arr[i])
      |                   ^
..\Abram_EX1.c:24:34: warning: array subscript has type 'char' [-Wchar-subscripts]
   24 |         if (my_arr[i] != user_arr[i])
      |                                  ^
Info: Nothing to build for Arithmetic_Operations
Info: Nothing to build for Arrays
16:52:23 **** Incremental Build of configuration Debug for project Definition ****
Info: Internal Builder is used for build
gcc -O0 -g3 -Wall -c -fmessage-length=0 -o Definition.o "..\\Definition.c" 
gcc -o Definition.exe Definition.o 
Info: Nothing to build for Pass_By_Reference
Info: Nothing to build for Pass_By_Value
Info: Nothing to build for sizeof
Info: Nothing to build for Definition
Info: Nothing to build for sizeof
17:16:37 **** Incremental Build of configuration Debug for project Pass_By_Reference ****
Info: Internal Builder is used for build
gcc -O0 -g3 -Wall -c -fmessage-length=0 -o Pass_By_Reference.o "..\\Pass_By_Reference.c" 
gcc -o Pass_By_Reference.exe Pass_By_Reference.o 
17:16:46 **** Incremental Build of configuration Debug for project Pass_By_Reference ****
Info: Internal Builder is used for build
gcc -O0 -g3 -Wall -c -fmessage-length=0 -o Pass_By_Reference.o "..\\Pass_By_Reference.c" 
..\Pass_By_Reference.c: In function 'main':
..\Pass_By_Reference.c:41:6: warning: variable 'array_avg' set but not used [-Wunused-but-set-variable]
   41 |  int array_avg = 0;
      |      ^~~~~~~~~
gcc -o Pass_By_Reference.exe Pass_By_Reference.o 
17:17:21 **** Incremental Build of configuration Debug for project Abram_EX1 ****
Info: Internal Builder is used for build
gcc -O0 -g3 -Wall -c -fmessage-length=0 -o Abram_EX1.o "..\\Abram_EX1.c" 
..\Abram_EX1.c: In function 'main':
..\Abram_EX1.c:19:9: error: too few arguments to function 'fflush'
   19 |         fflush();
      |         ^~~~~~
In file included from ..\Abram_EX1.c:1:
c:\mingw\include\stdio.h:262:41: note: declared here
  262 | _CRTIMP __cdecl __MINGW_NOTHROW  int    fflush (FILE *);
      |                                         ^~~~~~
..\Abram_EX1.c:20:30: warning: array subscript has type 'char' [-Wchar-subscripts]
   20 |         scanf("%d", &user_arr[i]);
      |                              ^
..\Abram_EX1.c:20:17: warning: format '%d' expects argument of type 'int *', but argument 2 has type 'char *' [-Wformat=]
   20 |         scanf("%d", &user_arr[i]);
      |                ~^   ~~~~~~~~~~~~
      |                 |   |
      |                 |   char *
      |                 int *
      |                %c
..\Abram_EX1.c:24:19: warning: array subscript has type 'char' [-Wchar-subscripts]
   24 |         if (my_arr[i] != user_arr[i])
      |                   ^
..\Abram_EX1.c:24:34: warning: array subscript has type 'char' [-Wchar-subscripts]
   24 |         if (my_arr[i] != user_arr[i])
      |                                  ^
Info: Nothing to build for Arithmetic_Operations
Info: Nothing to build for Arrays
17:17:21 **** Incremental Build of configuration Debug for project Definition ****
Info: Internal Builder is used for build
gcc -O0 -g3 -Wall -c -fmessage-length=0 -o Definition.o "..\\Definition.c" 
..\Definition.c: In function 'main':
..\Definition.c:29:7: warning: variable 'b' set but not used [-Wunused-but-set-variable]
   29 |  int *b;
      |       ^
gcc -o Definition.exe Definition.o 
17:17:21 **** Incremental Build of configuration Debug for project Pass_By_Reference ****
Info: Internal Builder is used for build
gcc -O0 -g3 -Wall -c -fmessage-length=0 -o Pass_By_Reference.o "..\\Pass_By_Reference.c" 
..\Pass_By_Reference.c: In function 'main':
..\Pass_By_Reference.c:41:6: warning: variable 'array_avg' set but not used [-Wunused-but-set-variable]
   41 |  int array_avg = 0;
      |      ^~~~~~~~~
gcc -o Pass_By_Reference.exe Pass_By_Reference.o 
Info: Nothing to build for Pass_By_Value
Info: Nothing to build for sizeof
Info: Nothing to build for Pass_By_Reference
17:17:49 **** Incremental Build of configuration Debug for project Abram_EX1 ****
Info: Internal Builder is used for build
gcc -O0 -g3 -Wall -c -fmessage-length=0 -o Abram_EX1.o "..\\Abram_EX1.c" 
..\Abram_EX1.c: In function 'main':
..\Abram_EX1.c:19:9: error: too few arguments to function 'fflush'
   19 |         fflush();
      |         ^~~~~~
In file included from ..\Abram_EX1.c:1:
c:\mingw\include\stdio.h:262:41: note: declared here
  262 | _CRTIMP __cdecl __MINGW_NOTHROW  int    fflush (FILE *);
      |                                         ^~~~~~
..\Abram_EX1.c:20:30: warning: array subscript has type 'char' [-Wchar-subscripts]
   20 |         scanf("%d", &user_arr[i]);
      |                              ^
..\Abram_EX1.c:20:17: warning: format '%d' expects argument of type 'int *', but argument 2 has type 'char *' [-Wformat=]
   20 |         scanf("%d", &user_arr[i]);
      |                ~^   ~~~~~~~~~~~~
      |                 |   |
      |                 |   char *
      |                 int *
      |                %c
..\Abram_EX1.c:24:19: warning: array subscript has type 'char' [-Wchar-subscripts]
   24 |         if (my_arr[i] != user_arr[i])
      |                   ^
..\Abram_EX1.c:24:34: warning: array subscript has type 'char' [-Wchar-subscripts]
   24 |         if (my_arr[i] != user_arr[i])
      |                                  ^
Info: Nothing to build for Arithmetic_Operations
Info: Nothing to build for Arrays
Info: Nothing to build for Definition
17:17:49 **** Incremental Build of configuration Debug for project Pass_By_Reference ****
Info: Internal Builder is used for build
gcc -O0 -g3 -Wall -c -fmessage-length=0 -o Pass_By_Reference.o "..\\Pass_By_Reference.c" 
..\Pass_By_Reference.c: In function 'main':
..\Pass_By_Reference.c:41:6: warning: variable 'array_avg' set but not used [-Wunused-but-set-variable]
   41 |  int array_avg = 0;
      |      ^~~~~~~~~
gcc -o Pass_By_Reference.exe Pass_By_Reference.o 
Info: Nothing to build for Pass_By_Value
Info: Nothing to build for sizeof
17:20:13 **** Incremental Build of configuration Debug for project Abram_EX1 ****
Info: Internal Builder is used for build
gcc -O0 -g3 -Wall -c -fmessage-length=0 -o Abram_EX1.o "..\\Abram_EX1.c" 
..\Abram_EX1.c: In function 'main':
..\Abram_EX1.c:19:9: error: too few arguments to function 'fflush'
   19 |         fflush();
      |         ^~~~~~
In file included from ..\Abram_EX1.c:1:
c:\mingw\include\stdio.h:262:41: note: declared here
  262 | _CRTIMP __cdecl __MINGW_NOTHROW  int    fflush (FILE *);
      |                                         ^~~~~~
..\Abram_EX1.c:20:30: warning: array subscript has type 'char' [-Wchar-subscripts]
   20 |         scanf("%d", &user_arr[i]);
      |                              ^
..\Abram_EX1.c:20:17: warning: format '%d' expects argument of type 'int *', but argument 2 has type 'char *' [-Wformat=]
   20 |         scanf("%d", &user_arr[i]);
      |                ~^   ~~~~~~~~~~~~
      |                 |   |
      |                 |   char *
      |                 int *
      |                %c
..\Abram_EX1.c:24:19: warning: array subscript has type 'char' [-Wchar-subscripts]
   24 |         if (my_arr[i] != user_arr[i])
      |                   ^
..\Abram_EX1.c:24:34: warning: array subscript has type 'char' [-Wchar-subscripts]
   24 |         if (my_arr[i] != user_arr[i])
      |                                  ^
Info: Nothing to build for Arithmetic_Operations
Info: Nothing to build for Arrays
Info: Nothing to build for Definition
17:20:14 **** Incremental Build of configuration Debug for project Pass_By_Reference ****
Info: Internal Builder is used for build
gcc -O0 -g3 -Wall -c -fmessage-length=0 -o Pass_By_Reference.o "..\\Pass_By_Reference.c" 
..\Pass_By_Reference.c: In function 'main':
..\Pass_By_Reference.c:41:6: warning: variable 'array_avg' set but not used [-Wunused-but-set-variable]
   41 |  int array_avg = 0;
      |      ^~~~~~~~~
gcc -o Pass_By_Reference.exe Pass_By_Reference.o 
Info: Nothing to build for Pass_By_Value
Info: Nothing to build for sizeof
17:22:04 **** Incremental Build of configuration Debug for project Pass_By_Reference ****
Info: Internal Builder is used for build
gcc -O0 -g3 -Wall -c -fmessage-length=0 -o Pass_By_Reference.o "..\\Pass_By_Reference.c" 
..\Pass_By_Reference.c: In function 'main':
..\Pass_By_Reference.c:47:6: warning: variable 'array_avg' set but not used [-Wunused-but-set-variable]
   47 |  int array_avg = 0;
      |      ^~~~~~~~~
gcc -o Pass_By_Reference.exe Pass_By_Reference.o 
17:22:40 **** Incremental Build of configuration Debug for project Abram_EX1 ****
Info: Internal Builder is used for build
gcc -O0 -g3 -Wall -c -fmessage-length=0 -o Abram_EX1.o "..\\Abram_EX1.c" 
..\Abram_EX1.c: In function 'main':
..\Abram_EX1.c:19:9: error: too few arguments to function 'fflush'
   19 |         fflush();
      |         ^~~~~~
In file included from ..\Abram_EX1.c:1:
c:\mingw\include\stdio.h:262:41: note: declared here
  262 | _CRTIMP __cdecl __MINGW_NOTHROW  int    fflush (FILE *);
      |                                         ^~~~~~
..\Abram_EX1.c:20:30: warning: array subscript has type 'char' [-Wchar-subscripts]
   20 |         scanf("%d", &user_arr[i]);
      |                              ^
..\Abram_EX1.c:20:17: warning: format '%d' expects argument of type 'int *', but argument 2 has type 'char *' [-Wformat=]
   20 |         scanf("%d", &user_arr[i]);
      |                ~^   ~~~~~~~~~~~~
      |                 |   |
      |                 |   char *
      |                 int *
      |                %c
..\Abram_EX1.c:24:19: warning: array subscript has type 'char' [-Wchar-subscripts]
   24 |         if (my_arr[i] != user_arr[i])
      |                   ^
..\Abram_EX1.c:24:34: warning: array subscript has type 'char' [-Wchar-subscripts]
   24 |         if (my_arr[i] != user_arr[i])
      |                                  ^
Info: Nothing to build for Arithmetic_Operations
Info: Nothing to build for Arrays
Info: Nothing to build for Definition
17:22:40 **** Incremental Build of configuration Debug for project Pass_By_Reference ****
Info: Internal Builder is used for build
gcc -O0 -g3 -Wall -c -fmessage-length=0 -o Pass_By_Reference.o "..\\Pass_By_Reference.c" 
..\Pass_By_Reference.c: In function 'main':
..\Pass_By_Reference.c:47:6: warning: variable 'array_avg' set but not used [-Wunused-but-set-variable]
   47 |  int array_avg = 0;
      |      ^~~~~~~~~
gcc -o Pass_By_Reference.exe Pass_By_Reference.o 
Info: Nothing to build for Pass_By_Value
Info: Nothing to build for sizeof
17:22:48 **** Incremental Build of configuration Debug for project Abram_EX1 ****
Info: Internal Builder is used for build
gcc -O0 -g3 -Wall -c -fmessage-length=0 -o Abram_EX1.o "..\\Abram_EX1.c" 
..\Abram_EX1.c: In function 'main':
..\Abram_EX1.c:19:9: error: too few arguments to function 'fflush'
   19 |         fflush();
      |         ^~~~~~
In file included from ..\Abram_EX1.c:1:
c:\mingw\include\stdio.h:262:41: note: declared here
  262 | _CRTIMP __cdecl __MINGW_NOTHROW  int    fflush (FILE *);
      |                                         ^~~~~~
..\Abram_EX1.c:20:30: warning: array subscript has type 'char' [-Wchar-subscripts]
   20 |         scanf("%d", &user_arr[i]);
      |                              ^
..\Abram_EX1.c:20:17: warning: format '%d' expects argument of type 'int *', but argument 2 has type 'char *' [-Wformat=]
   20 |         scanf("%d", &user_arr[i]);
      |                ~^   ~~~~~~~~~~~~
      |                 |   |
      |                 |   char *
      |                 int *
      |                %c
..\Abram_EX1.c:24:19: warning: array subscript has type 'char' [-Wchar-subscripts]
   24 |         if (my_arr[i] != user_arr[i])
      |                   ^
..\Abram_EX1.c:24:34: warning: array subscript has type 'char' [-Wchar-subscripts]
   24 |         if (my_arr[i] != user_arr[i])
      |                                  ^
Info: Nothing to build for Arithmetic_Operations
Info: Nothing to build for Arrays
Info: Nothing to build for Definition
17:22:48 **** Incremental Build of configuration Debug for project Pass_By_Reference ****
Info: Internal Builder is used for build
gcc -O0 -g3 -Wall -c -fmessage-length=0 -o Pass_By_Reference.o "..\\Pass_By_Reference.c" 
..\Pass_By_Reference.c: In function 'main':
..\Pass_By_Reference.c:46:6: warning: variable 'array_avg' set but not used [-Wunused-but-set-variable]
   46 |  int array_avg = 0;
      |      ^~~~~~~~~
gcc -o Pass_By_Reference.exe Pass_By_Reference.o 
Info: Nothing to build for Pass_By_Value
Info: Nothing to build for sizeof
Info: Nothing to build for Pass_By_Reference
17:34:24 **** Incremental Build of configuration Debug for project Pass_By_Reference ****
Info: Internal Builder is used for build
gcc -O0 -g3 -Wall -c -fmessage-length=0 -o Pass_By_Reference.o "..\\Pass_By_Reference.c" 
..\Pass_By_Reference.c: In function 'main':
..\Pass_By_Reference.c:46:6: warning: variable 'array_avg' set but not used [-Wunused-but-set-variable]
   46 |  int array_avg = 0;
      |      ^~~~~~~~~
gcc -o Pass_By_Reference.exe Pass_By_Reference.o 
17:34:46 **** Incremental Build of configuration Debug for project Abram_EX1 ****
Info: Internal Builder is used for build
gcc -O0 -g3 -Wall -c -fmessage-length=0 -o Abram_EX1.o "..\\Abram_EX1.c" 
..\Abram_EX1.c: In function 'main':
..\Abram_EX1.c:19:9: error: too few arguments to function 'fflush'
   19 |         fflush();
      |         ^~~~~~
In file included from ..\Abram_EX1.c:1:
c:\mingw\include\stdio.h:262:41: note: declared here
  262 | _CRTIMP __cdecl __MINGW_NOTHROW  int    fflush (FILE *);
      |                                         ^~~~~~
..\Abram_EX1.c:20:30: warning: array subscript has type 'char' [-Wchar-subscripts]
   20 |         scanf("%d", &user_arr[i]);
      |                              ^
..\Abram_EX1.c:20:17: warning: format '%d' expects argument of type 'int *', but argument 2 has type 'char *' [-Wformat=]
   20 |         scanf("%d", &user_arr[i]);
      |                ~^   ~~~~~~~~~~~~
      |                 |   |
      |                 |   char *
      |                 int *
      |                %c
..\Abram_EX1.c:24:19: warning: array subscript has type 'char' [-Wchar-subscripts]
   24 |         if (my_arr[i] != user_arr[i])
      |                   ^
..\Abram_EX1.c:24:34: warning: array subscript has type 'char' [-Wchar-subscripts]
   24 |         if (my_arr[i] != user_arr[i])
      |                                  ^
Info: Nothing to build for Arithmetic_Operations
Info: Nothing to build for Arrays
Info: Nothing to build for Definition
17:34:46 **** Incremental Build of configuration Debug for project Pass_By_Reference ****
Info: Internal Builder is used for build
gcc -O0 -g3 -Wall -c -fmessage-length=0 -o Pass_By_Reference.o "..\\Pass_By_Reference.c" 
gcc -o Pass_By_Reference.exe Pass_By_Reference.o 
Info: Nothing to build for Pass_By_Value
Info: Nothing to build for sizeof
Info: Nothing to build for Pass_By_Reference
17:39:46 **** Incremental Build of configuration Debug for project Arrays ****
Info: Internal Builder is used for build
gcc -O0 -g3 -Wall -c -fmessage-length=0 -o Arrays.o "..\\Arrays.c" 
gcc -o Arrays.exe Arrays.o 
17:41:51 **** Incremental Build of configuration Debug for project Abram_EX1 ****
Info: Internal Builder is used for build
gcc -O0 -g3 -Wall -c -fmessage-length=0 -o Abram_EX1.o "..\\Abram_EX1.c" 
..\Abram_EX1.c: In function 'main':
..\Abram_EX1.c:19:9: error: too few arguments to function 'fflush'
   19 |         fflush();
      |         ^~~~~~
In file included from ..\Abram_EX1.c:1:
c:\mingw\include\stdio.h:262:41: note: declared here
  262 | _CRTIMP __cdecl __MINGW_NOTHROW  int    fflush (FILE *);
      |                                         ^~~~~~
..\Abram_EX1.c:20:30: warning: array subscript has type 'char' [-Wchar-subscripts]
   20 |         scanf("%d", &user_arr[i]);
      |                              ^
..\Abram_EX1.c:20:17: warning: format '%d' expects argument of type 'int *', but argument 2 has type 'char *' [-Wformat=]
   20 |         scanf("%d", &user_arr[i]);
      |                ~^   ~~~~~~~~~~~~
      |                 |   |
      |                 |   char *
      |                 int *
      |                %c
..\Abram_EX1.c:24:19: warning: array subscript has type 'char' [-Wchar-subscripts]
   24 |         if (my_arr[i] != user_arr[i])
      |                   ^
..\Abram_EX1.c:24:34: warning: array subscript has type 'char' [-Wchar-subscripts]
   24 |         if (my_arr[i] != user_arr[i])
      |                                  ^
Info: Nothing to build for Arithmetic_Operations
17:41:52 **** Incremental Build of configuration Debug for project Arrays ****
Info: Internal Builder is used for build
gcc -O0 -g3 -Wall -c -fmessage-length=0 -o Arrays.o "..\\Arrays.c" 
gcc -o Arrays.exe Arrays.o 
Info: Nothing to build for Definition
Info: Nothing to build for Pass_By_Reference
Info: Nothing to build for Pass_By_Value
Info: Nothing to build for sizeof
Info: Nothing to build for Arrays
17:42:16 **** Incremental Build of configuration Debug for project Abram_EX1 ****
Info: Internal Builder is used for build
gcc -O0 -g3 -Wall -c -fmessage-length=0 -o Abram_EX1.o "..\\Abram_EX1.c" 
..\Abram_EX1.c: In function 'main':
..\Abram_EX1.c:19:9: error: too few arguments to function 'fflush'
   19 |         fflush();
      |         ^~~~~~
In file included from ..\Abram_EX1.c:1:
c:\mingw\include\stdio.h:262:41: note: declared here
  262 | _CRTIMP __cdecl __MINGW_NOTHROW  int    fflush (FILE *);
      |                                         ^~~~~~
..\Abram_EX1.c:20:30: warning: array subscript has type 'char' [-Wchar-subscripts]
   20 |         scanf("%d", &user_arr[i]);
      |                              ^
..\Abram_EX1.c:20:17: warning: format '%d' expects argument of type 'int *', but argument 2 has type 'char *' [-Wformat=]
   20 |         scanf("%d", &user_arr[i]);
      |                ~^   ~~~~~~~~~~~~
      |                 |   |
      |                 |   char *
      |                 int *
      |                %c
..\Abram_EX1.c:24:19: warning: array subscript has type 'char' [-Wchar-subscripts]
   24 |         if (my_arr[i] != user_arr[i])
      |                   ^
..\Abram_EX1.c:24:34: warning: array subscript has type 'char' [-Wchar-subscripts]
   24 |         if (my_arr[i] != user_arr[i])
      |                                  ^
Info: Nothing to build for Arithmetic_Operations
17:42:16 **** Incremental Build of configuration Debug for project Arrays ****
Info: Internal Builder is used for build
gcc -O0 -g3 -Wall -c -fmessage-length=0 -o Arrays.o "..\\Arrays.c" 
gcc -o Arrays.exe Arrays.o 
Info: Nothing to build for Definition
Info: Nothing to build for Pass_By_Reference
Info: Nothing to build for Pass_By_Value
Info: Nothing to build for sizeof
Info: Nothing to build for Arrays
17:47:48 **** Incremental Build of configuration Debug for project Abram_EX1 ****
Info: Internal Builder is used for build
gcc -O0 -g3 -Wall -c -fmessage-length=0 -o Abram_EX1.o "..\\Abram_EX1.c" 
..\Abram_EX1.c: In function 'main':
..\Abram_EX1.c:19:9: error: too few arguments to function 'fflush'
   19 |         fflush();
      |         ^~~~~~
In file included from ..\Abram_EX1.c:1:
c:\mingw\include\stdio.h:262:41: note: declared here
  262 | _CRTIMP __cdecl __MINGW_NOTHROW  int    fflush (FILE *);
      |                                         ^~~~~~
..\Abram_EX1.c:20:30: warning: array subscript has type 'char' [-Wchar-subscripts]
   20 |         scanf("%d", &user_arr[i]);
      |                              ^
..\Abram_EX1.c:20:17: warning: format '%d' expects argument of type 'int *', but argument 2 has type 'char *' [-Wformat=]
   20 |         scanf("%d", &user_arr[i]);
      |                ~^   ~~~~~~~~~~~~
      |                 |   |
      |                 |   char *
      |                 int *
      |                %c
..\Abram_EX1.c:24:19: warning: array subscript has type 'char' [-Wchar-subscripts]
   24 |         if (my_arr[i] != user_arr[i])
      |                   ^
..\Abram_EX1.c:24:34: warning: array subscript has type 'char' [-Wchar-subscripts]
   24 |         if (my_arr[i] != user_arr[i])
      |                                  ^
17:47:48 **** Incremental Build of configuration Debug for project Arithmetic_Operations ****
Info: Internal Builder is used for build
gcc -O0 -g3 -Wall -c -fmessage-length=0 -o Arithmetic_Operations.o "..\\Arithmetic_Operations.c" 
gcc -o Arithmetic_Operations.exe Arithmetic_Operations.o 
Info: Nothing to build for Arrays
Info: Nothing to build for Definition
Info: Nothing to build for Pass_By_Reference
Info: Nothing to build for Pass_By_Value
Info: Nothing to build for sizeof
Info: Nothing to build for Arithmetic_Operations
17:50:05 **** Incremental Build of configuration Debug for project Abram_EX1 ****
Info: Internal Builder is used for build
gcc -O0 -g3 -Wall -c -fmessage-length=0 -o Abram_EX1.o "..\\Abram_EX1.c" 
..\Abram_EX1.c: In function 'main':
..\Abram_EX1.c:19:9: error: too few arguments to function 'fflush'
   19 |         fflush();
      |         ^~~~~~
In file included from ..\Abram_EX1.c:1:
c:\mingw\include\stdio.h:262:41: note: declared here
  262 | _CRTIMP __cdecl __MINGW_NOTHROW  int    fflush (FILE *);
      |                                         ^~~~~~
..\Abram_EX1.c:20:30: warning: array subscript has type 'char' [-Wchar-subscripts]
   20 |         scanf("%d", &user_arr[i]);
      |                              ^
..\Abram_EX1.c:20:17: warning: format '%d' expects argument of type 'int *', but argument 2 has type 'char *' [-Wformat=]
   20 |         scanf("%d", &user_arr[i]);
      |                ~^   ~~~~~~~~~~~~
      |                 |   |
      |                 |   char *
      |                 int *
      |                %c
..\Abram_EX1.c:24:19: warning: array subscript has type 'char' [-Wchar-subscripts]
   24 |         if (my_arr[i] != user_arr[i])
      |                   ^
..\Abram_EX1.c:24:34: warning: array subscript has type 'char' [-Wchar-subscripts]
   24 |         if (my_arr[i] != user_arr[i])
      |                                  ^
17:50:05 **** Incremental Build of configuration Debug for project Arithmetic_Operations ****
Info: Internal Builder is used for build
gcc -O0 -g3 -Wall -c -fmessage-length=0 -o Arithmetic_Operations.o "..\\Arithmetic_Operations.c" 
gcc -o Arithmetic_Operations.exe Arithmetic_Operations.o 
Info: Nothing to build for Arrays
Info: Nothing to build for Definition
Info: Nothing to build for Pass_By_Reference
Info: Nothing to build for Pass_By_Value
Info: Nothing to build for sizeof
17:50:40 **** Incremental Build of configuration Debug for project Arithmetic_Operations ****
Info: Internal Builder is used for build
gcc -O0 -g3 -Wall -c -fmessage-length=0 -o Arithmetic_Operations.o "..\\Arithmetic_Operations.c" 
gcc -o Arithmetic_Operations.exe Arithmetic_Operations.o 
17:51:19 **** Incremental Build of configuration Debug for project Abram_EX1 ****
Info: Internal Builder is used for build
gcc -O0 -g3 -Wall -c -fmessage-length=0 -o Abram_EX1.o "..\\Abram_EX1.c" 
..\Abram_EX1.c: In function 'main':
..\Abram_EX1.c:19:9: error: too few arguments to function 'fflush'
   19 |         fflush();
      |         ^~~~~~
In file included from ..\Abram_EX1.c:1:
c:\mingw\include\stdio.h:262:41: note: declared here
  262 | _CRTIMP __cdecl __MINGW_NOTHROW  int    fflush (FILE *);
      |                                         ^~~~~~
..\Abram_EX1.c:20:30: warning: array subscript has type 'char' [-Wchar-subscripts]
   20 |         scanf("%d", &user_arr[i]);
      |                              ^
..\Abram_EX1.c:20:17: warning: format '%d' expects argument of type 'int *', but argument 2 has type 'char *' [-Wformat=]
   20 |         scanf("%d", &user_arr[i]);
      |                ~^   ~~~~~~~~~~~~
      |                 |   |
      |                 |   char *
      |                 int *
      |                %c
..\Abram_EX1.c:24:19: warning: array subscript has type 'char' [-Wchar-subscripts]
   24 |         if (my_arr[i] != user_arr[i])
      |                   ^
..\Abram_EX1.c:24:34: warning: array subscript has type 'char' [-Wchar-subscripts]
   24 |         if (my_arr[i] != user_arr[i])
      |                                  ^
17:51:19 **** Incremental Build of configuration Debug for project Arithmetic_Operations ****
Info: Internal Builder is used for build
gcc -O0 -g3 -Wall -c -fmessage-length=0 -o Arithmetic_Operations.o "..\\Arithmetic_Operations.c" 
gcc -o Arithmetic_Operations.exe Arithmetic_Operations.o 
Info: Nothing to build for Arrays
Info: Nothing to build for Definition
Info: Nothing to build for Pass_By_Reference
Info: Nothing to build for Pass_By_Value
Info: Nothing to build for sizeof
Info: Nothing to build for Arithmetic_Operations
18:10:16 **** Incremental Build of configuration Debug for project Abram_EX1 ****
Info: Internal Builder is used for build
gcc -O0 -g3 -Wall -c -fmessage-length=0 -o Abram_EX1.o "..\\Abram_EX1.c" 
..\Abram_EX1.c: In function 'main':
..\Abram_EX1.c:19:9: error: too few arguments to function 'fflush'
   19 |         fflush();
      |         ^~~~~~
In file included from ..\Abram_EX1.c:1:
c:\mingw\include\stdio.h:262:41: note: declared here
  262 | _CRTIMP __cdecl __MINGW_NOTHROW  int    fflush (FILE *);
      |                                         ^~~~~~
..\Abram_EX1.c:20:30: warning: array subscript has type 'char' [-Wchar-subscripts]
   20 |         scanf("%d", &user_arr[i]);
      |                              ^
..\Abram_EX1.c:20:17: warning: format '%d' expects argument of type 'int *', but argument 2 has type 'char *' [-Wformat=]
   20 |         scanf("%d", &user_arr[i]);
      |                ~^   ~~~~~~~~~~~~
      |                 |   |
      |                 |   char *
      |                 int *
      |                %c
..\Abram_EX1.c:24:19: warning: array subscript has type 'char' [-Wchar-subscripts]
   24 |         if (my_arr[i] != user_arr[i])
      |                   ^
..\Abram_EX1.c:24:34: warning: array subscript has type 'char' [-Wchar-subscripts]
   24 |         if (my_arr[i] != user_arr[i])
      |                                  ^
18:10:16 **** Incremental Build of configuration Debug for project Arithmetic_Operations ****
Info: Internal Builder is used for build
gcc -O0 -g3 -Wall -c -fmessage-length=0 -o Arithmetic_Operations.o "..\\Arithmetic_Operations.c" 
gcc -o Arithmetic_Operations.exe Arithmetic_Operations.o 
Info: Nothing to build for Arrays
Info: Nothing to build for Definition
Info: Nothing to build for Pass_By_Reference
Info: Nothing to build for Pass_By_Value
Info: Nothing to build for sizeof
18:19:50 **** Incremental Build of configuration Debug for project Abram_EX1 ****
Info: Internal Builder is used for build
gcc -O0 -g3 -Wall -c -fmessage-length=0 -o Abram_EX1.o "..\\Abram_EX1.c" 
..\Abram_EX1.c: In function 'main':
..\Abram_EX1.c:21:30: warning: array subscript has type 'char' [-Wchar-subscripts]
   21 |         scanf("%d", &user_arr[i]);
      |                              ^
..\Abram_EX1.c:21:17: warning: format '%d' expects argument of type 'int *', but argument 2 has type 'char *' [-Wformat=]
   21 |         scanf("%d", &user_arr[i]);
      |                ~^   ~~~~~~~~~~~~
      |                 |   |
      |                 |   char *
      |                 int *
      |                %c
..\Abram_EX1.c:25:19: warning: array subscript has type 'char' [-Wchar-subscripts]
   25 |         if (my_arr[i] != user_arr[i])
      |                   ^
..\Abram_EX1.c:25:34: warning: array subscript has type 'char' [-Wchar-subscripts]
   25 |         if (my_arr[i] != user_arr[i])
      |                                  ^
gcc -o Abram_EX1.exe Abram_EX1.o 
Info: Nothing to build for Arithmetic_Operations
Info: Nothing to build for Arrays
Info: Nothing to build for Definition
Info: Nothing to build for Pass_By_Reference
Info: Nothing to build for Pass_By_Value
Info: Nothing to build for sizeof
Info: Nothing to build for Abram_EX1
18:20:18 **** Incremental Build of configuration Debug for project Abram_EX1 ****
Info: Internal Builder is used for build
gcc -O0 -g3 -Wall -c -fmessage-length=0 -o Abram_EX1.o "..\\Abram_EX1.c" 
..\Abram_EX1.c: In function 'main':
..\Abram_EX1.c:21:30: warning: array subscript has type 'char' [-Wchar-subscripts]
   21 |         scanf("%d", &user_arr[i]);
      |                              ^
..\Abram_EX1.c:21:17: warning: format '%d' expects argument of type 'int *', but argument 2 has type 'char *' [-Wformat=]
   21 |         scanf("%d", &user_arr[i]);
      |                ~^   ~~~~~~~~~~~~
      |                 |   |
      |                 |   char *
      |                 int *
      |                %c
..\Abram_EX1.c:25:19: warning: array subscript has type 'char' [-Wchar-subscripts]
   25 |         if (my_arr[i] != user_arr[i])
      |                   ^
..\Abram_EX1.c:25:34: warning: array subscript has type 'char' [-Wchar-subscripts]
   25 |         if (my_arr[i] != user_arr[i])
      |                                  ^
gcc -o Abram_EX1.exe Abram_EX1.o 
c:/mingw/bin/../lib/gcc/mingw32/9.2.0/../../../../mingw32/bin/ld.exe: cannot open output file Abram_EX1.exe: Permission denied
collect2.exe: error: ld returned 1 exit status
Info: Nothing to build for Arithmetic_Operations
Info: Nothing to build for Arrays
Info: Nothing to build for Definition
Info: Nothing to build for Pass_By_Reference
Info: Nothing to build for Pass_By_Value
Info: Nothing to build for sizeof
18:20:22 **** Incremental Build of configuration Debug for project Abram_EX1 ****
Info: Internal Builder is used for build
gcc -o Abram_EX1.exe Abram_EX1.o 
c:/mingw/bin/../lib/gcc/mingw32/9.2.0/../../../../mingw32/bin/ld.exe: cannot open output file Abram_EX1.exe: Permission denied
collect2.exe: error: ld returned 1 exit status
18:20:32 **** Incremental Build of configuration Debug for project Abram_EX1 ****
Info: Internal Builder is used for build
gcc -O0 -g3 -Wall -c -fmessage-length=0 -o Abram_EX1.o "..\\Abram_EX1.c" 
..\Abram_EX1.c: In function 'main':
..\Abram_EX1.c:21:30: warning: array subscript has type 'char' [-Wchar-subscripts]
   21 |         scanf("%d", &user_arr[i]);
      |                              ^
..\Abram_EX1.c:21:17: warning: format '%d' expects argument of type 'int *', but argument 2 has type 'char *' [-Wformat=]
   21 |         scanf("%d", &user_arr[i]);
      |                ~^   ~~~~~~~~~~~~
      |                 |   |
      |                 |   char *
      |                 int *
      |                %c
..\Abram_EX1.c:25:19: warning: array subscript has type 'char' [-Wchar-subscripts]
   25 |         if (my_arr[i] != user_arr[i])
      |                   ^
..\Abram_EX1.c:25:34: warning: array subscript has type 'char' [-Wchar-subscripts]
   25 |         if (my_arr[i] != user_arr[i])
      |                                  ^
gcc -o Abram_EX1.exe Abram_EX1.o 
c:/mingw/bin/../lib/gcc/mingw32/9.2.0/../../../../mingw32/bin/ld.exe: cannot open output file Abram_EX1.exe: Permission denied
collect2.exe: error: ld returned 1 exit status
Info: Nothing to build for Arithmetic_Operations
Info: Nothing to build for Arrays
Info: Nothing to build for Definition
Info: Nothing to build for Pass_By_Reference
Info: Nothing to build for Pass_By_Value
Info: Nothing to build for sizeof
18:20:38 **** Incremental Build of configuration Debug for project Abram_EX1 ****
Info: Internal Builder is used for build
gcc -o Abram_EX1.exe Abram_EX1.o 
c:/mingw/bin/../lib/gcc/mingw32/9.2.0/../../../../mingw32/bin/ld.exe: cannot open output file Abram_EX1.exe: Permission denied
collect2.exe: error: ld returned 1 exit status
18:21:07 **** Incremental Build of configuration Debug for project Abram_EX1 ****
Info: Internal Builder is used for build
gcc -o Abram_EX1.exe Abram_EX1.o 
Info: Nothing to build for Arithmetic_Operations
Info: Nothing to build for Arrays
Info: Nothing to build for Definition
Info: Nothing to build for Pass_By_Reference
Info: Nothing to build for Pass_By_Value
Info: Nothing to build for sizeof
Info: Nothing to build for Abram_EX1
Info: Nothing to build for Arithmetic_Operations
Info: Nothing to build for Arrays
Info: Nothing to build for Definition
Info: Nothing to build for Pass_By_Reference
Info: Nothing to build for Pass_By_Value
Info: Nothing to build for sizeof
Info: Nothing to build for Abram_EX1
Info: Nothing to build for Arithmetic_Operations
Info: Nothing to build for Arrays
18:22:01 **** Incremental Build of configuration Debug for project Definition ****
Info: Internal Builder is used for build
gcc -O0 -g3 -Wall -c -fmessage-length=0 -o Definition.o "..\\Definition.c" 
..\Definition.c: In function 'main':
..\Definition.c:57:6: error: redefinition of 'a'
   57 |  int a = 5;
      |      ^
..\Definition.c:19:6: note: previous definition of 'a' was here
   19 |  int a = 5;
      |      ^
..\Definition.c:58:7: error: redeclaration of 'b' with no linkage
   58 |  int *b = &a;
      |       ^
..\Definition.c:29:7: note: previous declaration of 'b' was here
   29 |  int *b;
      |       ^
Info: Nothing to build for Pass_By_Reference
Info: Nothing to build for Pass_By_Value
Info: Nothing to build for sizeof
Info: Nothing to build for Abram_EX1
Info: Nothing to build for Arithmetic_Operations
Info: Nothing to build for Arrays
18:24:19 **** Incremental Build of configuration Debug for project Definition ****
Info: Internal Builder is used for build
gcc -O0 -g3 -Wall -c -fmessage-length=0 -o Definition.o "..\\Definition.c" 
..\Definition.c: In function 'main':
..\Definition.c:66:2: warning: 'n' is used uninitialized in this function [-Wuninitialized]
   66 |  printf("Pointer y: %p", n);
      |  ^~~~~~~~~~~~~~~~~~~~~~~~~~
gcc -o Definition.exe Definition.o 
Info: Nothing to build for Pass_By_Reference
Info: Nothing to build for Pass_By_Value
Info: Nothing to build for sizeof
Info: Nothing to build for Definition
Info: Nothing to build for Abram_EX1
Info: Nothing to build for Arithmetic_Operations
Info: Nothing to build for Arrays
18:24:55 **** Incremental Build of configuration Debug for project Definition ****
Info: Internal Builder is used for build
gcc -O0 -g3 -Wall -c -fmessage-length=0 -o Definition.o "..\\Definition.c" 
..\Definition.c: In function 'main':
..\Definition.c:66:2: warning: 'n' is used uninitialized in this function [-Wuninitialized]
   66 |  printf("Pointer y: %p", n);
      |  ^~~~~~~~~~~~~~~~~~~~~~~~~~
gcc -o Definition.exe Definition.o 
Info: Nothing to build for Pass_By_Reference
Info: Nothing to build for Pass_By_Value
Info: Nothing to build for sizeof
Info: Nothing to build for Definition
Info: Nothing to build for Abram_EX1
Info: Nothing to build for Arithmetic_Operations
Info: Nothing to build for Arrays
18:27:32 **** Incremental Build of configuration Debug for project Definition ****
Info: Internal Builder is used for build
gcc -O0 -g3 -Wall -c -fmessage-length=0 -o Definition.o "..\\Definition.c" 
..\Definition.c: In function 'main':
..\Definition.c:57:2: warning: 'n' is used uninitialized in this function [-Wuninitialized]
   57 |  printf("Pointer y: %p", n);
      |  ^~~~~~~~~~~~~~~~~~~~~~~~~~
gcc -o Definition.exe Definition.o 
Info: Nothing to build for Pass_By_Reference
Info: Nothing to build for Pass_By_Value
Info: Nothing to build for sizeof
Info: Nothing to build for Abram_EX1
Info: Nothing to build for Arithmetic_Operations
Info: Nothing to build for Arrays
Info: Nothing to build for Definition
Info: Nothing to build for Pass_By_Reference
Info: Nothing to build for Pass_By_Value
18:28:24 **** Incremental Build of configuration Debug for project sizeof ****
Info: Internal Builder is used for build
gcc -O0 -g3 -Wall -c -fmessage-length=0 -o sizeof.o "..\\sizeof.c" 
gcc -o sizeof.exe sizeof.o 
Info: Nothing to build for sizeof
Info: Nothing to build for Abram_EX1
Info: Nothing to build for Arithmetic_Operations
Info: Nothing to build for Arrays
Info: Nothing to build for Definition
Info: Nothing to build for Pass_By_Reference
Info: Nothing to build for Pass_By_Value
18:28:53 **** Incremental Build of configuration Debug for project sizeof ****
Info: Internal Builder is used for build
gcc -O0 -g3 -Wall -c -fmessage-length=0 -o sizeof.o "..\\sizeof.c" 
gcc -o sizeof.exe sizeof.o 
Info: Nothing to build for sizeof
Info: Nothing to build for Abram_EX1
Info: Nothing to build for Arithmetic_Operations
Info: Nothing to build for Arrays
Info: Nothing to build for Definition
Info: Nothing to build for Pass_By_Reference
Info: Nothing to build for Pass_By_Value
18:29:03 **** Incremental Build of configuration Debug for project sizeof ****
Info: Internal Builder is used for build
gcc -O0 -g3 -Wall -c -fmessage-length=0 -o sizeof.o "..\\sizeof.c" 
gcc -o sizeof.exe sizeof.o 
Info: Nothing to build for sizeof
Info: Nothing to build for Abram_EX1
Info: Nothing to build for Arithmetic_Operations
Info: Nothing to build for Arrays
Info: Nothing to build for Definition
Info: Nothing to build for Pass_By_Reference
Info: Nothing to build for Pass_By_Value
Info: Nothing to build for sizeof
Info: Nothing to build for Abram_EX1
Info: Nothing to build for Arithmetic_Operations
Info: Nothing to build for Arrays
Info: Nothing to build for Definition
18:30:37 **** Incremental Build of configuration Debug for project Pass_By_Reference ****
Info: Internal Builder is used for build
gcc -O0 -g3 -Wall -c -fmessage-length=0 -o Pass_By_Reference.o "..\\Pass_By_Reference.c" 
gcc -o Pass_By_Reference.exe Pass_By_Reference.o 
Info: Nothing to build for Pass_By_Value
Info: Nothing to build for sizeof
Info: Nothing to build for Pass_By_Reference
Info: Nothing to build for Abram_EX1
Info: Nothing to build for Arithmetic_Operations
Info: Nothing to build for Arrays
Info: Nothing to build for Definition
18:30:53 **** Incremental Build of configuration Debug for project Pass_By_Reference ****
Info: Internal Builder is used for build
gcc -O0 -g3 -Wall -c -fmessage-length=0 -o Pass_By_Reference.o "..\\Pass_By_Reference.c" 
gcc -o Pass_By_Reference.exe Pass_By_Reference.o 
Info: Nothing to build for Pass_By_Value
Info: Nothing to build for sizeof
Info: Nothing to build for Pass_By_Reference
Info: Nothing to build for Abram_EX1
Info: Nothing to build for Arithmetic_Operations
Info: Nothing to build for Arrays
Info: Nothing to build for Definition
18:31:07 **** Incremental Build of configuration Debug for project Pass_By_Reference ****
Info: Internal Builder is used for build
gcc -O0 -g3 -Wall -c -fmessage-length=0 -o Pass_By_Reference.o "..\\Pass_By_Reference.c" 
gcc -o Pass_By_Reference.exe Pass_By_Reference.o 
Info: Nothing to build for Pass_By_Value
Info: Nothing to build for sizeof
Info: Nothing to build for Pass_By_Reference
Info: Nothing to build for Abram_EX1
Info: Nothing to build for Arithmetic_Operations
Info: Nothing to build for Arrays
Info: Nothing to build for Definition
18:31:45 **** Incremental Build of configuration Debug for project Pass_By_Reference ****
Info: Internal Builder is used for build
gcc -O0 -g3 -Wall -c -fmessage-length=0 -o Pass_By_Reference.o "..\\Pass_By_Reference.c" 
gcc -o Pass_By_Reference.exe Pass_By_Reference.o 
Info: Nothing to build for Pass_By_Value
Info: Nothing to build for sizeof
Info: Nothing to build for Abram_EX1
Info: Nothing to build for Arithmetic_Operations
18:32:24 **** Incremental Build of configuration Debug for project Arrays ****
Info: Internal Builder is used for build
gcc -O0 -g3 -Wall -c -fmessage-length=0 -o Arrays.o "..\\Arrays.c" 
..\Arrays.c: In function 'main':
..\Arrays.c:41:11: warning: initialization of 'int *' from incompatible pointer type 'int (*)[5]' [-Wincompatible-pointer-types]
   41 |  int *z = &array;
      |           ^
..\Arrays.c:70:7: error: lvalue required as increment operand
   70 |  array++;
      |       ^~
Info: Nothing to build for Definition
Info: Nothing to build for Pass_By_Reference
Info: Nothing to build for Pass_By_Value
Info: Nothing to build for sizeof
Info: Nothing to build for Abram_EX1
Info: Nothing to build for Arithmetic_Operations
18:32:37 **** Incremental Build of configuration Debug for project Arrays ****
Info: Internal Builder is used for build
gcc -O0 -g3 -Wall -c -fmessage-length=0 -o Arrays.o "..\\Arrays.c" 
..\Arrays.c: In function 'main':
..\Arrays.c:41:11: warning: initialization of 'int *' from incompatible pointer type 'int (*)[5]' [-Wincompatible-pointer-types]
   41 |  int *z = &array;
      |           ^
..\Arrays.c:70:7: error: lvalue required as increment operand
   70 |  array++;
      |       ^~
Info: Nothing to build for Definition
Info: Nothing to build for Pass_By_Reference
Info: Nothing to build for Pass_By_Value
Info: Nothing to build for sizeof
18:32:41 **** Incremental Build of configuration Debug for project Arrays ****
Info: Internal Builder is used for build
gcc -O0 -g3 -Wall -c -fmessage-length=0 -o Arrays.o "..\\Arrays.c" 
..\Arrays.c: In function 'main':
..\Arrays.c:41:11: warning: initialization of 'int *' from incompatible pointer type 'int (*)[5]' [-Wincompatible-pointer-types]
   41 |  int *z = &array;
      |           ^
..\Arrays.c:70:7: error: lvalue required as increment operand
   70 |  array++;
      |       ^~
Info: Nothing to build for Abram_EX1
Info: Nothing to build for Arithmetic_Operations
18:32:50 **** Incremental Build of configuration Debug for project Arrays ****
Info: Internal Builder is used for build
gcc -O0 -g3 -Wall -c -fmessage-length=0 -o Arrays.o "..\\Arrays.c" 
..\Arrays.c: In function 'main':
..\Arrays.c:41:11: warning: initialization of 'int *' from incompatible pointer type 'int (*)[5]' [-Wincompatible-pointer-types]
   41 |  int *z = &array;
      |           ^
gcc -o Arrays.exe Arrays.o 
Info: Nothing to build for Definition
Info: Nothing to build for Pass_By_Reference
Info: Nothing to build for Pass_By_Value
Info: Nothing to build for sizeof
Info: Nothing to build for Arrays
Info: Nothing to build for Abram_EX1
Info: Nothing to build for Arithmetic_Operations
18:35:36 **** Incremental Build of configuration Debug for project Arrays ****
Info: Internal Builder is used for build
gcc -O0 -g3 -Wall -c -fmessage-length=0 -o Arrays.o "..\\Arrays.c" 
..\Arrays.c: In function 'main':
..\Arrays.c:34:11: warning: initialization of 'int *' from incompatible pointer type 'int (*)[5]' [-Wincompatible-pointer-types]
   34 |  int *z = &array;
      |           ^
gcc -o Arrays.exe Arrays.o 
Info: Nothing to build for Definition
Info: Nothing to build for Pass_By_Reference
Info: Nothing to build for Pass_By_Value
Info: Nothing to build for sizeof
Info: Nothing to build for Abram_EX1
18:36:19 **** Incremental Build of configuration Debug for project Arithmetic_Operations ****
Info: Internal Builder is used for build
gcc -O0 -g3 -Wall -c -fmessage-length=0 -o Arithmetic_Operations.o "..\\Arithmetic_Operations.c" 
..\Arithmetic_Operations.c: In function 'main':
..\Arithmetic_Operations.c:66:6: error: redefinition of 'arr'
   66 |  int arr[3] = {30};
      |      ^~~
..\Arithmetic_Operations.c:52:6: note: previous definition of 'arr' was here
   52 |  int arr[] = {1,2,3};
      |      ^~~
..\Arithmetic_Operations.c:68:14: warning: initialization of 'char *' from incompatible pointer type 'int *' [-Wincompatible-pointer-types]
   68 |  char *PTR = arr;
      |              ^~~
..\Arithmetic_Operations.c:86:8: error: redefinition of 'x'
   86 |  char *x = NULL;
      |        ^
..\Arithmetic_Operations.c:16:8: note: previous definition of 'x' was here
   16 |  char *x = NULL;
      |        ^
18:36:20 **** Incremental Build of configuration Debug for project Arrays ****
Info: Internal Builder is used for build
gcc -O0 -g3 -Wall -c -fmessage-length=0 -o Arrays.o "..\\Arrays.c" 
..\Arrays.c: In function 'main':
..\Arrays.c:34:11: warning: initialization of 'int *' from incompatible pointer type 'int (*)[5]' [-Wincompatible-pointer-types]
   34 |  int *z = &array;
      |           ^
..\Arrays.c:56:7: error: lvalue required as increment operand
   56 |  array++;
      |       ^~
Info: Nothing to build for Definition
Info: Nothing to build for Pass_By_Reference
Info: Nothing to build for Pass_By_Value
Info: Nothing to build for sizeof
Info: Nothing to build for Abram_EX1
18:37:15 **** Incremental Build of configuration Debug for project Arithmetic_Operations ****
Info: Internal Builder is used for build
gcc -O0 -g3 -Wall -c -fmessage-length=0 -o Arithmetic_Operations.o "..\\Arithmetic_Operations.c" 
gcc -o Arithmetic_Operations.exe Arithmetic_Operations.o 
18:37:16 **** Incremental Build of configuration Debug for project Arrays ****
Info: Internal Builder is used for build
gcc -O0 -g3 -Wall -c -fmessage-length=0 -o Arrays.o "..\\Arrays.c" 
..\Arrays.c: In function 'main':
..\Arrays.c:34:11: warning: initialization of 'int *' from incompatible pointer type 'int (*)[5]' [-Wincompatible-pointer-types]
   34 |  int *z = &array;
      |           ^
..\Arrays.c:56:7: error: lvalue required as increment operand
   56 |  array++;
      |       ^~
Info: Nothing to build for Definition
Info: Nothing to build for Pass_By_Reference
Info: Nothing to build for Pass_By_Value
Info: Nothing to build for sizeof
Info: Nothing to build for Arithmetic_Operations
Info: Nothing to build for Abram_EX1
Info: Nothing to build for Arithmetic_Operations
18:37:25 **** Incremental Build of configuration Debug for project Arrays ****
Info: Internal Builder is used for build
gcc -O0 -g3 -Wall -c -fmessage-length=0 -o Arrays.o "..\\Arrays.c" 
..\Arrays.c: In function 'main':
..\Arrays.c:34:11: warning: initialization of 'int *' from incompatible pointer type 'int (*)[5]' [-Wincompatible-pointer-types]
   34 |  int *z = &array;
      |           ^
..\Arrays.c:56:7: error: lvalue required as increment operand
   56 |  array++;
      |       ^~
Info: Nothing to build for Definition
Info: Nothing to build for Pass_By_Reference
Info: Nothing to build for Pass_By_Value
Info: Nothing to build for sizeof
Info: Nothing to build for Abram_EX1
Info: Nothing to build for Arithmetic_Operations
18:37:33 **** Incremental Build of configuration Debug for project Arrays ****
Info: Internal Builder is used for build
gcc -O0 -g3 -Wall -c -fmessage-length=0 -o Arrays.o "..\\Arrays.c" 
..\Arrays.c: In function 'main':
..\Arrays.c:34:11: warning: initialization of 'int *' from incompatible pointer type 'int (*)[5]' [-Wincompatible-pointer-types]
   34 |  int *z = &array;
      |           ^
..\Arrays.c:56:7: error: lvalue required as increment operand
   56 |  array++;
      |       ^~
Info: Nothing to build for Definition
Info: Nothing to build for Pass_By_Reference
Info: Nothing to build for Pass_By_Value
Info: Nothing to build for sizeof
20:06:17 **** Incremental Build of configuration Debug for project Arrays ****
Info: Internal Builder is used for build
gcc -O0 -g3 -Wall -c -fmessage-length=0 -o Arrays.o "..\\Arrays.c" 
..\Arrays.c: In function 'main':
..\Arrays.c:34:11: warning: initialization of 'int *' from incompatible pointer type 'int (*)[5]' [-Wincompatible-pointer-types]
   34 |  int *z = &array;
      |           ^
gcc -o Arrays.exe Arrays.o 
Info: Nothing to build for Pass_By_Reference
Info: Nothing to build for Pass_By_Value
20:09:18 **** Rebuild of configuration Debug for project Ptr_Arithmetic_Operations ****
Info: Internal Builder is used for build
gcc -O0 -g3 -Wall -c -fmessage-length=0 -o Ptr_Arithmetic_Operations.o "..\\Ptr_Arithmetic_Operations.c" 
gcc -o Ptr_Arithmetic_Operations.exe Ptr_Arithmetic_Operations.o 
20:09:25 **** Rebuild of configuration Debug for project Ptr_Arrays ****
Info: Internal Builder is used for build
gcc -O0 -g3 -Wall -c -fmessage-length=0 -o Ptr_Arrays.o "..\\Ptr_Arrays.c" 
..\Ptr_Arrays.c: In function 'main':
..\Ptr_Arrays.c:34:11: warning: initialization of 'int *' from incompatible pointer type 'int (*)[5]' [-Wincompatible-pointer-types]
   34 |  int *z = &array;
      |           ^
gcc -o Ptr_Arrays.exe Ptr_Arrays.o 
20:09:36 **** Rebuild of configuration Debug for project Ptr_Definition ****
Info: Internal Builder is used for build
gcc -O0 -g3 -Wall -c -fmessage-length=0 -o Ptr_Definition.o "..\\Ptr_Definition.c" 
..\Ptr_Definition.c: In function 'main':
..\Ptr_Definition.c:57:2: warning: 'n' is used uninitialized in this function [-Wuninitialized]
   57 |  printf("Pointer y: %p", n);
      |  ^~~~~~~~~~~~~~~~~~~~~~~~~~
gcc -o Ptr_Definition.exe Ptr_Definition.o 
Info: Nothing to build for sizeof
20:26:32 **** Rebuild of configuration Debug for project Arrays_String_Functions ****
Info: Internal Builder is used for build
gcc -O0 -g3 -Wall -c -fmessage-length=0 -o Arrays_String_Functions.o "..\\Arrays_String_Functions.c" 
..\Arrays_String_Functions.c: In function 'main':
..\Arrays_String_Functions.c:21:30: warning: array subscript has type 'char' [-Wchar-subscripts]
   21 |         scanf("%d", &user_arr[i]);
      |                              ^
..\Arrays_String_Functions.c:21:17: warning: format '%d' expects argument of type 'int *', but argument 2 has type 'char *' [-Wformat=]
   21 |         scanf("%d", &user_arr[i]);
      |                ~^   ~~~~~~~~~~~~
      |                 |   |
      |                 |   char *
      |                 int *
      |                %c
..\Arrays_String_Functions.c:25:19: warning: array subscript has type 'char' [-Wchar-subscripts]
   25 |         if (my_arr[i] != user_arr[i])
      |                   ^
..\Arrays_String_Functions.c:25:34: warning: array subscript has type 'char' [-Wchar-subscripts]
   25 |         if (my_arr[i] != user_arr[i])
      |                                  ^
gcc -o Arrays_String_Functions.exe Arrays_String_Functions.o 
Info: Nothing to build for Pass_By_Reference
Info: Nothing to build for Pass_By_Value
20:26:33 **** Rebuild of configuration Debug for project Ptr_Arithmetic_Operations ****
Info: Internal Builder is used for build
gcc -O0 -g3 -Wall -c -fmessage-length=0 -o Ptr_Arithmetic_Operations.o "..\\Ptr_Arithmetic_Operations.c" 
gcc -o Ptr_Arithmetic_Operations.exe Ptr_Arithmetic_Operations.o 
20:26:33 **** Rebuild of configuration Debug for project Ptr_Arrays ****
Info: Internal Builder is used for build
gcc -O0 -g3 -Wall -c -fmessage-length=0 -o Ptr_Arrays.o "..\\Ptr_Arrays.c" 
..\Ptr_Arrays.c: In function 'main':
..\Ptr_Arrays.c:34:11: warning: initialization of 'int *' from incompatible pointer type 'int (*)[5]' [-Wincompatible-pointer-types]
   34 |  int *z = &array;
      |           ^
gcc -o Ptr_Arrays.exe Ptr_Arrays.o 
20:26:34 **** Rebuild of configuration Debug for project Ptr_Definition ****
Info: Internal Builder is used for build
gcc -O0 -g3 -Wall -c -fmessage-length=0 -o Ptr_Definition.o "..\\Ptr_Definition.c" 
..\Ptr_Definition.c: In function 'main':
..\Ptr_Definition.c:57:2: warning: 'n' is used uninitialized in this function [-Wuninitialized]
   57 |  printf("Pointer y: %p", n);
      |  ^~~~~~~~~~~~~~~~~~~~~~~~~~
gcc -o Ptr_Definition.exe Ptr_Definition.o 
Info: Nothing to build for sizeof
Info: Nothing to build for Ptr_Arrays
Info: Nothing to build for Ptr_Arrays
Info: Nothing to build for Ptr_Arrays
Info: Nothing to build for Ptr_Arrays
Info: Nothing to build for sizeof
Info: Nothing to build for sizeof
Info: Nothing to build for sizeof
